<?xml version="1.0" encoding="utf-8"?>
<TestRun id="bc6948ba-314c-464a-9e50-dacb9b636298" name="szy@LAB-WIN-01 2026-08-12 23:14:51" runUser="LAB-WIN-01\szy" xmlns="http://microsoft.com/schemas/VisualStudio/TeamTest/2010">
  <Times creation="2026-08-12T23:14:51.7810167+08:00" queuing="2026-08-12T23:14:51.7810171+08:00" start="2026-08-12T23:14:31.0363753+08:00" finish="2026-08-12T23:15:01.2919831+08:00" />
  <TestSettings name="default" id="89686e40-6620-4f05-bc5b-5e55e9c20544">
    <Deployment runDeploymentRoot="szy_LAB-WIN-01_2026-08-12_23_14_51" />
  </TestSettings>
  <Results>
    <UnitTestResult executionId="824c7a65-5894-4693-b688-5772f52ad7ab" testId="3a813e37-7cd2-5917-f5c5-3a1dd23d8b53" testName="MesIngest.Tests.TransportDemandReconcilerTests.Duplicate_reconcile_key_blocks_update_of_existing_visible_without_disappear" computerName="LAB-WIN-01" duration="00:00:00.0007043" startTime="2026-08-12T23:14:51.8576120+08:00" endTime="2026-08-12T23:14:51.8576121+08:00" testType="13cdc9d9-ddb5-4fa4-a97d-d965ccfc6d4b" outcome="Passed" testListId="8c84fa94-04c1-424b-9868-57a2d4851a1d" relativeResultsDirectory="824c7a65-5894-4693-b688-5772f52ad7ab" />
    <UnitTestResult executionId="5b5d526f-7173-490d-a34a-0f1d3b2198c9" testId="fd4f223e-e4c9-a251-c0a0-c764adacd6b6" testName="MesIngest.Tests.OpenApiContractTests.Alerts_sortBy_accepts_allow_list_and_rejects_demand_dates" computerName="LAB-WIN-01" duration="00:00:00.1926059" startTime="2026-08-12T23:14:54.7330668+08:00" endTime="2026-08-12T23:14:54.7330670+08:00" testType="13cdc9d9-ddb5-4fa4-a97d-d965ccfc6d4b" outcome="Passed" testListId="8c84fa94-04c1-424b-9868-57a2d4851a1d" relativeResultsDirectory="5b5d526f-7173-490d-a34a-0f1d3b2198c9" />
    <UnitTestResult executionId="99118540-d5e5-4202-bb8a-5333bedf422b" testId="acd1fb85-2368-bc23-2d73-e77848a8c38d" testName="MesIngest.Tests.MainWindowStartupTests.MainWindow_applies_saved_pane_ratio_and_uses_star_rows_with_splitter" computerName="LAB-WIN-01" duration="00:00:00.3697633" startTime="2026-08-12T23:14:54.8931633+08:00" endTime="2026-08-12T23:14:54.8931635+08:00" testType="13cdc9d9-ddb5-4fa4-a97d-d965ccfc6d4b" outcome="Passed" testListId="8c84fa94-04c1-424b-9868-57a2d4851a1d" relativeResultsDirectory="99118540-d5e5-4202-bb8a-5333bedf422b" />
    <UnitTestResult executionId="f1019296-87c5-4852-8152-c7d62ad7b070" testId="27bad219-b945-dc0d-5987-dcf150c9cc1b" testName="MesIngest.Tests.WatchLayoutPreferencesTests.Load_out_of_range_share_returns_default" computerName="LAB-WIN-01" duration="00:00:00.0244034" startTime="2026-08-12T23:14:52.1318311+08:00" endTime="2026-08-12T23:14:52.1318316+08:00" testType="13cdc9d9-ddb5-4fa4-a97d-d965ccfc6d4b" outcome="Passed" testListId="8c84fa94-04c1-424b-9868-57a2d4851a1d" relativeResultsDirectory="f1019296-87c5-4852-8152-c7d62ad7b070" />
    <UnitTestResult executionId="e33b49a7-4707-4cb9-8a78-6367eafb5a62" testId="aef45527-2d86-9f27-8f9b-1ec54c31b536" testName="MesIngest.Tests.WatchAlertBrowsePagingTests.Failed_alert_page_keeps_the_last_successful_window_and_cursor" computerName="LAB-WIN-01" duration="00:00:00.0049726" startTime="2026-08-12T23:14:51.8398108+08:00" endTime="2026-08-12T23:14:51.8398109+08:00" testType="13cdc9d9-ddb5-4fa4-a97d-d965ccfc6d4b" outcome="Passed" testListId="8c84fa94-04c1-424b-9868-57a2d4851a1d" relativeResultsDirectory="e33b49a7-4707-4cb9-8a78-6367eafb5a62" />
    <UnitTestResult executionId="11761390-854d-415e-9e5e-19cc644a9c77" testId="245bc82d-e0df-d467-b062-244ab92193eb" testName="MesIngest.Tests.AlertDetailViewModelTests.Resolved_alert_shows_resolved_lifecycle" computerName="LAB-WIN-01" duration="00:00:00.0001756" startTime="2026-08-12T23:14:51.7766614+08:00" endTime="2026-08-12T23:14:51.7766616+08:00" testType="13cdc9d9-ddb5-4fa4-a97d-d965ccfc6d4b" outcome="Passed" testListId="8c84fa94-04c1-424b-9868-57a2d4851a1d" relativeResultsDirectory="11761390-854d-415e-9e5e-19cc644a9c77" />
    <UnitTestResult executionId="70c882af-5de1-4eac-bcc7-7f9d3bb596cb" testId="558a0407-0a0a-0cae-f647-758b56c2d070" testName="MesIngest.Tests.IngestRoundRunnerTests.Restart_barrier_pre_baseline_only_rows_do_not_seed_healthy_baseline_or_pause_on_next_empty" computerName="LAB-WIN-01" duration="00:00:00.0023599" startTime="2026-08-12T23:14:51.8345864+08:00" endTime="2026-08-12T23:14:51.8345865+08:00" testType="13cdc9d9-ddb5-4fa4-a97d-d965ccfc6d4b" outcome="Passed" testListId="8c84fa94-04c1-424b-9868-57a2d4851a1d" relativeResultsDirectory="70c882af-5de1-4eac-bcc7-7f9d3bb596cb" />
    <UnitTestResult executionId="ebf60cd6-090a-4055-b932-5647f413400c" testId="77a846f5-eb52-4782-2ff9-54418b181b47" testName="MesIngest.Tests.ListenBindingPolicyTests.Non_localhost_urls_require_shared_secret(urls: &quot;http://10.0.0.5:5088&quot;)" computerName="LAB-WIN-01" duration="00:00:00.0000124" startTime="2026-08-12T23:14:51.7315741+08:00" endTime="2026-08-12T23:14:51.7315741+08:00" testType="13cdc9d9-ddb5-4fa4-a97d-d965ccfc6d4b" outcome="Passed" testListId="8c84fa94-04c1-424b-9868-57a2d4851a1d" relativeResultsDirectory="ebf60cd6-090a-4055-b932-5647f413400c" />
    <UnitTestResult executionId="c57d2c54-99a8-47bd-a00a-a07dab8a456e" testId="2689d286-97b6-6ca7-4186-28ef256cff2a" testName="MesIngest.Tests.ListenBindingPolicyTests.Localhost_urls_do_not_require_shared_secret(urls: &quot;http://127.0.0.1:5088;http://localhost:5089&quot;)" computerName="LAB-WIN-01" duration="00:00:00.0000679" startTime="2026-08-12T23:14:51.7555396+08:00" endTime="2026-08-12T23:14:51.7555396+08:00" testType="13cdc9d9-ddb5-4fa4-a97d-d965ccfc6d4b" outcome="Passed" testListId="8c84fa94-04c1-424b-9868-57a2d4851a1d" relativeResultsDirectory="c57d2c54-99a8-47bd-a00a-a07dab8a456e" />
    <UnitTestResult executionId="c1703ed0-8efd-4aa0-b9a4-0187e006cbbd" testId="68c537c8-db0d-bb2d-6874-c62ec9824c90" testName="MesIngest.Tests.DemandListPagingTieBreakTests.QueryPage_desc_identical_primary_covers_all_allow_list_columns(sortBy: TaskType)" computerName="LAB-WIN-01" duration="00:00:00.0015665" startTime="2026-08-12T23:14:51.9348685+08:00" endTime="2026-08-12T23:14:51.9348690+08:00" testType="13cdc9d9-ddb5-4fa4-a97d-d965ccfc6d4b" outcome="Passed" testListId="8c84fa94-04c1-424b-9868-57a2d4851a1d" relativeResultsDirectory="c1703ed0-8efd-4aa0-b9a4-0187e006cbbd" />
    <UnitTestResult executionId="0c0c96f2-e277-494d-92f0-f315bcee7088" testId="b32a7e12-9501-052f-abc1-24b7d2601904" testName="MesIngest.Tests.IngestRoundRunnerTests.Csv_row_parse_failure_is_poll_incomplete_not_failure" computerName="LAB-WIN-01" duration="00:00:00.0439004" startTime="2026-08-12T23:14:52.5515683+08:00" endTime="2026-08-12T23:14:52.5515695+08:00" testType="13cdc9d9-ddb5-4fa4-a97d-d965ccfc6d4b" outcome="Passed" testListId="8c84fa94-04c1-424b-9868-57a2d4851a1d" relativeResultsDirectory="0c0c96f2-e277-494d-92f0-f315bcee7088" />
    <UnitTestResult executionId="46f9776c-6006-4581-9fd6-dc2328b0b284" testId="c81a6747-4c91-2bc7-1527-1ac9e7c24dce" testName="MesIngest.Tests.AlertDetailWindowActionTests.Reappear_detail_loads_complete_previous_and_new_demands_and_marks_changed_rows" computerName="LAB-WIN-01" duration="00:00:02.1000979" startTime="2026-08-12T23:14:54.5391349+08:00" endTime="2026-08-12T23:14:54.5391350+08:00" testType="13cdc9d9-ddb5-4fa4-a97d-d965ccfc6d4b" outcome="Passed" testListId="8c84fa94-04c1-424b-9868-57a2d4851a1d" relativeResultsDirectory="46f9776c-6006-4581-9fd6-dc2328b0b284" />
    <UnitTestResult executionId="e8fd9075-1fae-4fd5-a699-039db7706c35" testId="baff9a7e-73b0-6b6c-b1ae-e70d56ca0517" testName="MesIngest.Tests.DemandListPagingTieBreakTests.QueryPage_desc_identical_primary_covers_all_allow_list_columns(sortBy: Sublot)" computerName="LAB-WIN-01" duration="00:00:00.0004487" startTime="2026-08-12T23:14:51.9376167+08:00" endTime="2026-08-12T23:14:51.9376168+08:00" testType="13cdc9d9-ddb5-4fa4-a97d-d965ccfc6d4b" outcome="Passed" testListId="8c84fa94-04c1-424b-9868-57a2d4851a1d" relativeResultsDirectory="e8fd9075-1fae-4fd5-a699-039db7706c35" />
    <UnitTestResult executionId="ad7d31bc-f591-40d8-ac48-a2b5efa1a700" testId="acf7ff57-7358-7e6d-d07b-f1211e1674a2" testName="MesIngest.Tests.WatchBannerProjectionTests.Stale_fetch_error_keeps_error_banner_while_present" computerName="LAB-WIN-01" duration="00:00:00.0001615" startTime="2026-08-12T23:14:51.7598456+08:00" endTime="2026-08-12T23:14:51.7598456+08:00" testType="13cdc9d9-ddb5-4fa4-a97d-d965ccfc6d4b" outcome="Passed" testListId="8c84fa94-04c1-424b-9868-57a2d4851a1d" relativeResultsDirectory="ad7d31bc-f591-40d8-ac48-a2b5efa1a700" />
    <UnitTestResult executionId="f4a1c713-037f-499b-b295-45a9786572f4" testId="ee7f2dd2-c4db-0886-0732-68125a8f0c0d" testName="MesIngest.Tests.WatchRefreshStateTests.Format_includes_last_success_and_stale_when_available" computerName="LAB-WIN-01" duration="00:00:00.0001791" startTime="2026-08-12T23:14:51.7554729+08:00" endTime="2026-08-12T23:14:51.7554729+08:00" testType="13cdc9d9-ddb5-4fa4-a97d-d965ccfc6d4b" outcome="Passed" testListId="8c84fa94-04c1-424b-9868-57a2d4851a1d" relativeResultsDirectory="f4a1c713-037f-499b-b295-45a9786572f4" />
    <UnitTestResult executionId="d221d30f-5209-41b1-b044-2eaa567d62ef" testId="1524ab94-19e7-60b4-3e8c-f876a95e0903" testName="MesIngest.Tests.OpenApiContractTests.Export_static_pack_openapi_when_MES_INGEST_EXPORT_OPENAPI_is_1" computerName="LAB-WIN-01" duration="00:00:00.0029562" startTime="2026-08-12T23:14:53.3707357+08:00" endTime="2026-08-12T23:14:53.3707359+08:00" testType="13cdc9d9-ddb5-4fa4-a97d-d965ccfc6d4b" outcome="Passed" testListId="8c84fa94-04c1-424b-9868-57a2d4851a1d" relativeResultsDirectory="d221d30f-5209-41b1-b044-2eaa567d62ef" />
    <UnitTestResult executionId="f9b2a223-942c-4b1a-bfee-9a7ea6b2f3a3" testId="93e76151-94ab-3b43-05e9-a22e726f76a8" testName="MesIngest.Tests.AlertDetailsProjectionTests.Duplicate_projects_count_and_conflicting_row_summaries" computerName="LAB-WIN-01" duration="00:00:00.0006844" startTime="2026-08-12T23:14:51.9060977+08:00" endTime="2026-08-12T23:14:51.9060977+08:00" testType="13cdc9d9-ddb5-4fa4-a97d-d965ccfc6d4b" outcome="Passed" testListId="8c84fa94-04c1-424b-9868-57a2d4851a1d" relativeResultsDirectory="f9b2a223-942c-4b1a-bfee-9a7ea6b2f3a3" />
    <UnitTestResult executionId="9931aa4b-3891-4ac5-9010-4119b5a39647" testId="0263440a-15f3-0c53-3c57-5c5e45ef7e50" testName="MesIngest.Tests.ReadApiContractTests.Failed_poll_round_does_not_advance_disappear_count_via_http_projection" computerName="LAB-WIN-01" duration="00:00:00.1394129" startTime="2026-08-12T23:14:54.9605212+08:00" endTime="2026-08-12T23:14:54.9605216+08:00" testType="13cdc9d9-ddb5-4fa4-a97d-d965ccfc6d4b" outcome="Passed" testListId="8c84fa94-04c1-424b-9868-57a2d4851a1d" relativeResultsDirectory="9931aa4b-3891-4ac5-9010-4119b5a39647" />
    <UnitTestResult executionId="5203c7a7-6009-4376-af43-8e51a71d37bd" testId="de6bc5fe-1879-bf8f-e6cd-37162762cb93" testName="MesIngest.Tests.WatchHostSessionTests.Failed_new_host_has_no_old_health_or_last_success_and_reports_authentication" computerName="LAB-WIN-01" duration="00:00:00.0062222" startTime="2026-08-12T23:14:52.4143083+08:00" endTime="2026-08-12T23:14:52.4143085+08:00" testType="13cdc9d9-ddb5-4fa4-a97d-d965ccfc6d4b" outcome="Passed" testListId="8c84fa94-04c1-424b-9868-57a2d4851a1d" relativeResultsDirectory="5203c7a7-6009-4376-af43-8e51a71d37bd" />
    <UnitTestResult executionId="9b693587-9edd-4b5e-865e-9a2059069714" testId="3f67f1e9-950e-8152-b795-205d1f144d33" testName="MesIngest.Tests.WatchDemandSessionTests.Superseded_late_response_cannot_replace_the_newer_successful_query" computerName="LAB-WIN-01" duration="00:00:00.1025914" startTime="2026-08-12T23:14:52.5072975+08:00" endTime="2026-08-12T23:14:52.5072977+08:00" testType="13cdc9d9-ddb5-4fa4-a97d-d965ccfc6d4b" outcome="Passed" testListId="8c84fa94-04c1-424b-9868-57a2d4851a1d" relativeResultsDirectory="9b693587-9edd-4b5e-865e-9a2059069714" />
    <UnitTestResult executionId="f6fffdac-1dfb-4bf7-90fa-3d56de062b62" testId="990528ae-6465-76e7-722a-065c79f4e8f2" testName="MesIngest.Tests.TransportDemandReconcilerTests.Still_visible_key_present_below_baseline_dates_still_refreshes_presence" computerName="LAB-WIN-01" duration="00:00:00.0004088" startTime="2026-08-12T23:14:51.8576571+08:00" endTime="2026-08-12T23:14:51.8576572+08:00" testType="13cdc9d9-ddb5-4fa4-a97d-d965ccfc6d4b" outcome="Passed" testListId="8c84fa94-04c1-424b-9868-57a2d4851a1d" relativeResultsDirectory="f6fffdac-1dfb-4bf7-90fa-3d56de062b62" />
    <UnitTestResult executionId="21e4c896-5697-4ca8-9665-7a057a74bb53" testId="d2c66d23-64fe-bae9-7102-35fd0f24101e" testName="MesIngest.Tests.WatchGridClipboardTests.Formats_empty_string_as_empty_not_null_literal" computerName="LAB-WIN-01" duration="00:00:00.0002422" startTime="2026-08-12T23:14:51.7603911+08:00" endTime="2026-08-12T23:14:51.7603911+08:00" testType="13cdc9d9-ddb5-4fa4-a97d-d965ccfc6d4b" outcome="Passed" testListId="8c84fa94-04c1-424b-9868-57a2d4851a1d" relativeResultsDirectory="21e4c896-5697-4ca8-9665-7a057a74bb53" />
    <UnitTestResult executionId="db369ea2-7f41-4e50-b375-85d773ce6365" testId="a71ee137-4309-65cc-1d3e-e8d1ba2e656e" testName="MesIngest.Tests.WatchConnectionEventJournalTests.Size_cap_deletes_oldest_files_first" computerName="LAB-WIN-01" duration="00:00:00.1777556" startTime="2026-08-12T23:14:53.5367305+08:00" endTime="2026-08-12T23:14:53.5367306+08:00" testType="13cdc9d9-ddb5-4fa4-a97d-d965ccfc6d4b" outcome="Passed" testListId="8c84fa94-04c1-424b-9868-57a2d4851a1d" relativeResultsDirectory="db369ea2-7f41-4e50-b375-85d773ce6365" />
    <UnitTestResult executionId="d628e225-e15a-48af-bb48-bd06bda0032b" testId="d9918267-5dd4-d35a-2dbe-b803f68f30b4" testName="MesIngest.Tests.MesIngestApiClientFetchTests.Overview_snapshot_starts_all_three_resource_requests_concurrently" computerName="LAB-WIN-01" duration="00:00:00.0536029" startTime="2026-08-12T23:14:52.5314529+08:00" endTime="2026-08-12T23:14:52.5314529+08:00" testType="13cdc9d9-ddb5-4fa4-a97d-d965ccfc6d4b" outcome="Passed" testListId="8c84fa94-04c1-424b-9868-57a2d4851a1d" relativeResultsDirectory="d628e225-e15a-48af-bb48-bd06bda0032b" />
    <UnitTestResult executionId="6c868a6d-e652-48bd-b73b-4ae0d324a919" testId="3ff7e843-20d6-1c5d-fb26-012ee020a912" testName="MesIngest.Tests.WatchBannerProjectionTests.Active_pause_is_error_not_warning" computerName="LAB-WIN-01" duration="00:00:00.0002805" startTime="2026-08-12T23:14:51.7749428+08:00" endTime="2026-08-12T23:14:51.7749428+08:00" testType="13cdc9d9-ddb5-4fa4-a97d-d965ccfc6d4b" outcome="Passed" testListId="8c84fa94-04c1-424b-9868-57a2d4851a1d" relativeResultsDirectory="6c868a6d-e652-48bd-b73b-4ae0d324a919" />
    <UnitTestResult executionId="561755db-e708-46af-aa87-4875b3f8b9b1" testId="27c09c88-5579-317c-ff28-8aa986d2e370" testName="MesIngest.Tests.AlertIncidentSyncTests.Poll_duration_change_does_not_split_incident" computerName="LAB-WIN-01" duration="00:00:00.0005393" startTime="2026-08-12T23:14:51.7803143+08:00" endTime="2026-08-12T23:14:51.7803143+08:00" testType="13cdc9d9-ddb5-4fa4-a97d-d965ccfc6d4b" outcome="Passed" testListId="8c84fa94-04c1-424b-9868-57a2d4851a1d" relativeResultsDirectory="561755db-e708-46af-aa87-4875b3f8b9b1" />
    <UnitTestResult executionId="8d03e586-2928-4132-942f-63269b05b5b9" testId="04487eb4-94c9-b637-f91a-b05d149560b0" testName="MesIngest.Tests.WatchGridClipboardTests.Formats_row_with_headers_as_header_line_then_value_line" computerName="LAB-WIN-01" duration="00:00:00.0001754" startTime="2026-08-12T23:14:51.7735724+08:00" endTime="2026-08-12T23:14:51.7735725+08:00" testType="13cdc9d9-ddb5-4fa4-a97d-d965ccfc6d4b" outcome="Passed" testListId="8c84fa94-04c1-424b-9868-57a2d4851a1d" relativeResultsDirectory="8d03e586-2928-4132-942f-63269b05b5b9" />
    <UnitTestResult executionId="8f329ae5-1a15-4765-915c-fa56732d9bc1" testId="bef5dd09-286a-9cbc-72ff-74d7fa766fa5" testName="MesIngest.Tests.WatchConnectionPreferencesTests.Corrupt_incompatible_or_unsafe_connection_preferences_fall_back(json: &quot;{ not json&quot;)" computerName="LAB-WIN-01" duration="00:00:00.0197558" startTime="2026-08-12T23:14:51.8567254+08:00" endTime="2026-08-12T23:14:51.8567254+08:00" testType="13cdc9d9-ddb5-4fa4-a97d-d965ccfc6d4b" outcome="Passed" testListId="8c84fa94-04c1-424b-9868-57a2d4851a1d" relativeResultsDirectory="8f329ae5-1a15-4765-915c-fa56732d9bc1" />
    <UnitTestResult executionId="12de1588-cbaa-4c4a-88f1-4d37b79b55ff" testId="187ad872-a0a8-5009-ef39-e547c3df1e43" testName="MesIngest.Tests.PaginatedDemandApiTests.List_enforces_page_size_hard_cap_and_paginates_without_dup_or_gap" computerName="LAB-WIN-01" duration="00:00:00.1582443" startTime="2026-08-12T23:14:55.0462269+08:00" endTime="2026-08-12T23:14:55.0462276+08:00" testType="13cdc9d9-ddb5-4fa4-a97d-d965ccfc6d4b" outcome="Passed" testListId="8c84fa94-04c1-424b-9868-57a2d4851a1d" relativeResultsDirectory="12de1588-cbaa-4c4a-88f1-4d37b79b55ff" />
    <UnitTestResult executionId="cb8ec042-f5e4-44c4-863e-639d1c0f7fad" testId="f9c7bd33-d240-6a75-b433-a9b50d416211" testName="MesIngest.Tests.MesIngestApiClientFetchTests.Http_status_failure_reports_HTTP_STATUS_stage" computerName="LAB-WIN-01" duration="00:00:00.0037472" startTime="2026-08-12T23:14:52.4547991+08:00" endTime="2026-08-12T23:14:52.4547994+08:00" testType="13cdc9d9-ddb5-4fa4-a97d-d965ccfc6d4b" outcome="Passed" testListId="8c84fa94-04c1-424b-9868-57a2d4851a1d" relativeResultsDirectory="cb8ec042-f5e4-44c4-863e-639d1c0f7fad" />
    <UnitTestResult executionId="ce070e5a-86dd-4a38-a4fd-411615eb3266" testId="1960fa71-782d-4448-d2bb-d9a63526ad02" testName="MesIngest.Tests.SchemaUpgradeTests.EnsureSchema_never_drops_or_truncates_transport_demands" computerName="LAB-WIN-01" duration="00:00:00.0010000" startTime="2026-08-12T23:15:01.1033901+08:00" endTime="2026-08-12T23:15:01.1033903+08:00" testType="13cdc9d9-ddb5-4fa4-a97d-d965ccfc6d4b" outcome="NotExecuted" testListId="8c84fa94-04c1-424b-9868-57a2d4851a1d" relativeResultsDirectory="ce070e5a-86dd-4a38-a4fd-411615eb3266">
      <Output>
        <StdOut>SQL Server unavailable (set MES_INGEST_SQLSERVER or enable LocalDB)</StdOut>
      </Output>
    </UnitTestResult>
    <UnitTestResult executionId="db8d166e-be34-4a61-a2d4-e0e663a39b10" testId="07f91432-a6eb-7732-6298-64f0c7d39f46" testName="MesIngest.Tests.AlertVisibleColumnSortHttpTests.Host_pages_all_visible_alert_columns_without_gaps_or_duplicates(sortBy: &quot;sublot&quot;, direction: &quot;desc&quot;, expectedAlertIds: [&quot;a1&quot;, &quot;a3&quot;, &quot;a4&quot;, &quot;a2&quot;, &quot;a5&quot;])" computerName="LAB-WIN-01" duration="00:00:00.2452359" startTime="2026-08-12T23:14:54.3418172+08:00" endTime="2026-08-12T23:14:54.3418174+08:00" testType="13cdc9d9-ddb5-4fa4-a97d-d965ccfc6d4b" outcome="Passed" testListId="8c84fa94-04c1-424b-9868-57a2d4851a1d" relativeResultsDirectory="db8d166e-be34-4a61-a2d4-e0e663a39b10" />
    <UnitTestResult executionId="7912d81d-d410-41b6-b8b4-5bb2a73ff7fe" testId="663dd7f7-c115-49ad-2eb3-a6b9b87cff32" testName="MesIngest.Tests.WatchGridClipboardTests.Escapes_tab_and_newline_inside_cell_for_tsv" computerName="LAB-WIN-01" duration="00:00:00.0000870" startTime="2026-08-12T23:14:51.7736861+08:00" endTime="2026-08-12T23:14:51.7736861+08:00" testType="13cdc9d9-ddb5-4fa4-a97d-d965ccfc6d4b" outcome="Passed" testListId="8c84fa94-04c1-424b-9868-57a2d4851a1d" relativeResultsDirectory="7912d81d-d410-41b6-b8b4-5bb2a73ff7fe" />
    <UnitTestResult executionId="c6f88ae1-a9cd-4308-91af-7ad79dd33881" testId="317b22c0-7176-3208-60dc-f79dc5d79935" testName="MesIngest.Tests.LatencyTelemetryTests.Latency_write_failure_is_recorded_in_memory_without_secrets" computerName="LAB-WIN-01" duration="00:00:00.0198109" startTime="2026-08-12T23:14:51.8888168+08:00" endTime="2026-08-12T23:14:51.8888169+08:00" testType="13cdc9d9-ddb5-4fa4-a97d-d965ccfc6d4b" outcome="Passed" testListId="8c84fa94-04c1-424b-9868-57a2d4851a1d" relativeResultsDirectory="c6f88ae1-a9cd-4308-91af-7ad79dd33881" />
    <UnitTestResult executionId="fb71a29e-3c55-479c-85d4-16995fe34cf3" testId="fdb30286-226d-c650-839e-99d778b595b8" testName="MesIngest.Tests.ListenBindingPolicyTests.Non_localhost_urls_require_shared_secret(urls: &quot;http://*:5088&quot;)" computerName="LAB-WIN-01" duration="00:00:00.0000208" startTime="2026-08-12T23:14:51.7540816+08:00" endTime="2026-08-12T23:14:51.7540817+08:00" testType="13cdc9d9-ddb5-4fa4-a97d-d965ccfc6d4b" outcome="Passed" testListId="8c84fa94-04c1-424b-9868-57a2d4851a1d" relativeResultsDirectory="fb71a29e-3c55-479c-85d4-16995fe34cf3" />
    <UnitTestResult executionId="41c1bb96-03e1-4922-8f0b-77e26f8d1ef6" testId="1b83bc8b-8eba-c3c7-1a6f-1af919965bd3" testName="MesIngest.Tests.MainWindowUiAutomationTests.Alert_details_control_opens_detail_window_through_flaui_uia3" computerName="LAB-WIN-01" duration="00:00:00.8263149" startTime="2026-08-12T23:15:01.0979914+08:00" endTime="2026-08-12T23:15:01.0979922+08:00" testType="13cdc9d9-ddb5-4fa4-a97d-d965ccfc6d4b" outcome="Passed" testListId="8c84fa94-04c1-424b-9868-57a2d4851a1d" relativeResultsDirectory="41c1bb96-03e1-4922-8f0b-77e26f8d1ef6" />
    <UnitTestResult executionId="b9e72069-57b7-4e41-8dda-deb165f88e10" testId="854dbba3-eddc-3e17-1682-ff112eea88af" testName="MesIngest.Tests.LatencyTelemetryTests.Watch_refresh_sends_same_correlation_id_on_all_three_requests" computerName="LAB-WIN-01" duration="00:00:00.0080699" startTime="2026-08-12T23:14:52.4652246+08:00" endTime="2026-08-12T23:14:52.4652250+08:00" testType="13cdc9d9-ddb5-4fa4-a97d-d965ccfc6d4b" outcome="Passed" testListId="8c84fa94-04c1-424b-9868-57a2d4851a1d" relativeResultsDirectory="b9e72069-57b7-4e41-8dda-deb165f88e10" />
    <UnitTestResult executionId="1f457e2b-b090-4b86-8833-cd17c6d12b30" testId="cf825af5-73d1-f350-48a7-4f180ed1dc05" testName="MesIngest.Tests.DemandVisibleColumnSortHttpTests.Every_new_visible_demand_column_toggles_asc_then_desc(header: &quot;STEP&quot;, token: &quot;step&quot;)" computerName="LAB-WIN-01" duration="00:00:00.0000047" startTime="2026-08-12T23:14:51.7504349+08:00" endTime="2026-08-12T23:14:51.7504350+08:00" testType="13cdc9d9-ddb5-4fa4-a97d-d965ccfc6d4b" outcome="Passed" testListId="8c84fa94-04c1-424b-9868-57a2d4851a1d" relativeResultsDirectory="1f457e2b-b090-4b86-8833-cd17c6d12b30" />
    <UnitTestResult executionId="86a8e707-54cf-422c-b80f-bdddefa3d05a" testId="72125d9d-6486-84ab-22fc-29ce1450610f" testName="MesIngest.Tests.WatchConnectionEventJournalTests.Append_writes_jsonl_without_shared_secret_or_bearer" computerName="LAB-WIN-01" duration="00:00:00.3884851" startTime="2026-08-12T23:14:52.3171769+08:00" endTime="2026-08-12T23:14:52.3171771+08:00" testType="13cdc9d9-ddb5-4fa4-a97d-d965ccfc6d4b" outcome="Passed" testListId="8c84fa94-04c1-424b-9868-57a2d4851a1d" relativeResultsDirectory="86a8e707-54cf-422c-b80f-bdddefa3d05a" />
    <UnitTestResult executionId="bb0f5b7d-f791-46fd-9878-d0e9cd45ff7e" testId="7158fced-f7f1-0ab9-f409-dc7ae651f417" testName="MesIngest.Tests.WatchAutoRefreshScheduleTests.Missing_or_invalid_preferences_fall_back_to_safe_defaults" computerName="LAB-WIN-01" duration="00:00:00.0393040" startTime="2026-08-12T23:14:51.8551376+08:00" endTime="2026-08-12T23:14:51.8551377+08:00" testType="13cdc9d9-ddb5-4fa4-a97d-d965ccfc6d4b" outcome="Passed" testListId="8c84fa94-04c1-424b-9868-57a2d4851a1d" relativeResultsDirectory="bb0f5b7d-f791-46fd-9878-d0e9cd45ff7e" />
    <UnitTestResult executionId="71c6f6ff-3b34-404f-baa5-834ff14ad81c" testId="91e6f1e3-ec9d-8e51-57ac-124f71189fbb" testName="MesIngest.Tests.InstallPackageLayoutTests.Committed_host_appsettings_defaults_to_localhost_with_empty_shared_secret" computerName="LAB-WIN-01" duration="00:00:00.0009379" startTime="2026-08-12T23:14:51.7764723+08:00" endTime="2026-08-12T23:14:51.7764724+08:00" testType="13cdc9d9-ddb5-4fa4-a97d-d965ccfc6d4b" outcome="Passed" testListId="8c84fa94-04c1-424b-9868-57a2d4851a1d" relativeResultsDirectory="71c6f6ff-3b34-404f-baa5-834ff14ad81c" />
    <UnitTestResult executionId="6d0da4a3-6dfb-41a2-bf4f-05c38a7f0252" testId="c72a80f2-2513-16df-9279-1c8d77bd60a2" testName="MesIngest.Tests.TransportDemandReconcilerTests.Restart_second_successful_round_resumes_disappear_counting" computerName="LAB-WIN-01" duration="00:00:00.0007282" startTime="2026-08-12T23:14:51.7887362+08:00" endTime="2026-08-12T23:14:51.7887363+08:00" testType="13cdc9d9-ddb5-4fa4-a97d-d965ccfc6d4b" outcome="Passed" testListId="8c84fa94-04c1-424b-9868-57a2d4851a1d" relativeResultsDirectory="6d0da4a3-6dfb-41a2-bf4f-05c38a7f0252" />
    <UnitTestResult executionId="b04026c8-fd11-453d-a3bb-df9819ad9d24" testId="4c43eebd-8442-217c-fad1-32201822a09c" testName="MesIngest.Tests.WatchDemandDetailsTests.Separates_frozen_mes_inputs_from_local_projection_with_full_values_and_meaning" computerName="LAB-WIN-01" duration="00:00:00.0306004" startTime="2026-08-12T23:14:51.7783051+08:00" endTime="2026-08-12T23:14:51.7783052+08:00" testType="13cdc9d9-ddb5-4fa4-a97d-d965ccfc6d4b" outcome="Passed" testListId="8c84fa94-04c1-424b-9868-57a2d4851a1d" relativeResultsDirectory="b04026c8-fd11-453d-a3bb-df9819ad9d24" />
    <UnitTestResult executionId="578fd420-5619-4fff-83af-4e91472c4020" testId="a9f2d850-082b-4e52-3a4c-54962895e01f" testName="MesIngest.Tests.ReadApiContractTests.Demand_list_exposes_location_risk_for_empty_area" computerName="LAB-WIN-01" duration="00:00:00.2007091" startTime="2026-08-12T23:14:54.8207143+08:00" endTime="2026-08-12T23:14:54.8207151+08:00" testType="13cdc9d9-ddb5-4fa4-a97d-d965ccfc6d4b" outcome="Passed" testListId="8c84fa94-04c1-424b-9868-57a2d4851a1d" relativeResultsDirectory="578fd420-5619-4fff-83af-4e91472c4020" />
    <UnitTestResult executionId="f6581db9-0c04-4730-b5d6-71c477e58c01" testId="05e4ba2b-f264-dd97-ef2c-ddcf9652094b" testName="MesIngest.Tests.WatchAlertSessionTests.Current_page_refresh_updates_selected_alert_or_clears_it_with_notice" computerName="LAB-WIN-01" duration="00:00:00.0017124" startTime="2026-08-12T23:14:51.8353795+08:00" endTime="2026-08-12T23:14:51.8353796+08:00" testType="13cdc9d9-ddb5-4fa4-a97d-d965ccfc6d4b" outcome="Passed" testListId="8c84fa94-04c1-424b-9868-57a2d4851a1d" relativeResultsDirectory="f6581db9-0c04-4730-b5d6-71c477e58c01" />
    <UnitTestResult executionId="ba81fd18-293f-4776-b945-2d27934740a5" testId="5183728f-56c3-f2c7-4a8a-0c4e61e98326" testName="MesIngest.Tests.AlertDetailWindowActionTests.Ordinary_alert_detail_loads_one_complete_related_demand_snapshot" computerName="LAB-WIN-01" duration="00:00:00.8029541" startTime="2026-08-12T23:14:55.4815683+08:00" endTime="2026-08-12T23:14:55.4815689+08:00" testType="13cdc9d9-ddb5-4fa4-a97d-d965ccfc6d4b" outcome="Passed" testListId="8c84fa94-04c1-424b-9868-57a2d4851a1d" relativeResultsDirectory="ba81fd18-293f-4776-b945-2d27934740a5" />
    <UnitTestResult executionId="4d8fd27d-f245-4937-aa9f-752ae52a8921" testId="d39d1d0a-486d-1e52-f810-e6f8fcb5536c" testName="MesIngest.Tests.OracleMesSnapshotSourceTests.Empty_result_set_with_required_columns_returns_success" computerName="LAB-WIN-01" duration="00:00:00.7580552" startTime="2026-08-12T23:14:52.5073793+08:00" endTime="2026-08-12T23:14:52.5073794+08:00" testType="13cdc9d9-ddb5-4fa4-a97d-d965ccfc6d4b" outcome="Passed" testListId="8c84fa94-04c1-424b-9868-57a2d4851a1d" relativeResultsDirectory="4d8fd27d-f245-4937-aa9f-752ae52a8921" />
    <UnitTestResult executionId="322661b1-7209-4fbd-a49a-9d45a5f89913" testId="bca541e7-3144-4a84-c8bd-944307d4ffd5" testName="MesIngest.Tests.TransportDemandKeyTests.Equal_components_have_value_equality" computerName="LAB-WIN-01" duration="00:00:00.0001154" startTime="2026-08-12T23:14:51.8987833+08:00" endTime="2026-08-12T23:14:51.8987834+08:00" testType="13cdc9d9-ddb5-4fa4-a97d-d965ccfc6d4b" outcome="Passed" testListId="8c84fa94-04c1-424b-9868-57a2d4851a1d" relativeResultsDirectory="322661b1-7209-4fbd-a49a-9d45a5f89913" />
    <UnitTestResult executionId="3da52c7a-e5b8-474b-9421-095d753ff923" testId="45c15f6e-4159-d229-75b9-be953db09ec1" testName="MesIngest.Tests.ApiContractVersionTests.Host_exposes_matching_contract_version" computerName="LAB-WIN-01" duration="00:00:01.0681945" startTime="2026-08-12T23:14:53.5172386+08:00" endTime="2026-08-12T23:14:53.5172388+08:00" testType="13cdc9d9-ddb5-4fa4-a97d-d965ccfc6d4b" outcome="Passed" testListId="8c84fa94-04c1-424b-9868-57a2d4851a1d" relativeResultsDirectory="3da52c7a-e5b8-474b-9421-095d753ff923" />
    <UnitTestResult executionId="51df671a-59af-4236-a62f-5c607625e608" testId="9c8a3f6f-393a-24d9-2249-897fbdca12f4" testName="MesIngest.Tests.WatchAlertBrowsePagingTests.Load_more_alerts_uses_next_cursor_and_reaches_the_next_page" computerName="LAB-WIN-01" duration="00:00:00.0022222" startTime="2026-08-12T23:14:51.8347309+08:00" endTime="2026-08-12T23:14:51.8347310+08:00" testType="13cdc9d9-ddb5-4fa4-a97d-d965ccfc6d4b" outcome="Passed" testListId="8c84fa94-04c1-424b-9868-57a2d4851a1d" relativeResultsDirectory="51df671a-59af-4236-a62f-5c607625e608" />
    <UnitTestResult executionId="5ad82528-ca99-4b59-baf3-7dbdc9bbb0d6" testId="72da4fa5-0fc1-eeed-8348-8c58a2db01ab" testName="MesIngest.Tests.WatchHostSessionTests.Settings_reject_timeout_outside_one_to_three_hundred_seconds(timeoutSeconds: 0)" computerName="LAB-WIN-01" duration="00:00:00.0003439" startTime="2026-08-12T23:14:52.4147163+08:00" endTime="2026-08-12T23:14:52.4147165+08:00" testType="13cdc9d9-ddb5-4fa4-a97d-d965ccfc6d4b" outcome="Passed" testListId="8c84fa94-04c1-424b-9868-57a2d4851a1d" relativeResultsDirectory="5ad82528-ca99-4b59-baf3-7dbdc9bbb0d6" />
    <UnitTestResult executionId="57003f01-f288-4d5f-92d8-b07167f14aaa" testId="0756ac82-b9b1-075f-317b-2e10df7fff6a" testName="MesIngest.Tests.InstallPackageLayoutTests.Golden_renderer_exposes_packaged_release_gate" computerName="LAB-WIN-01" duration="00:00:00.0012280" startTime="2026-08-12T23:14:51.7763580+08:00" endTime="2026-08-12T23:14:51.7763581+08:00" testType="13cdc9d9-ddb5-4fa4-a97d-d965ccfc6d4b" outcome="Passed" testListId="8c84fa94-04c1-424b-9868-57a2d4851a1d" relativeResultsDirectory="57003f01-f288-4d5f-92d8-b07167f14aaa" />
    <UnitTestResult executionId="0393a3a6-b285-437a-ab87-6bbf23f13fa3" testId="d6e05e32-00b5-a996-5f41-16a4c185b97f" testName="MesIngest.Tests.AlertListQueryParserTests.TryParseSortBy_accepts_alert_allow_list(raw: &quot;lastSeenAt&quot;, expected: LastSeenAt)" computerName="LAB-WIN-01" duration="00:00:00.0000038" startTime="2026-08-12T23:14:51.8551507+08:00" endTime="2026-08-12T23:14:51.8551507+08:00" testType="13cdc9d9-ddb5-4fa4-a97d-d965ccfc6d4b" outcome="Passed" testListId="8c84fa94-04c1-424b-9868-57a2d4851a1d" relativeResultsDirectory="0393a3a6-b285-437a-ab87-6bbf23f13fa3" />
    <UnitTestResult executionId="f485171d-7982-4375-8956-15e6af547297" testId="992bb781-0f03-b2e1-018b-970ad9cffac0" testName="MesIngest.Tests.PaginatedDemandApiTests.List_rejects_cursor_that_does_not_match_sort" computerName="LAB-WIN-01" duration="00:00:00.2545237" startTime="2026-08-12T23:14:54.3296371+08:00" endTime="2026-08-12T23:14:54.3296374+08:00" testType="13cdc9d9-ddb5-4fa4-a97d-d965ccfc6d4b" outcome="Passed" testListId="8c84fa94-04c1-424b-9868-57a2d4851a1d" relativeResultsDirectory="f485171d-7982-4375-8956-15e6af547297" />
    <UnitTestResult executionId="00a5b1fa-88d3-48bd-a60e-ccc47d783f3b" testId="f6776015-21af-6699-5877-e0a5d009d586" testName="MesIngest.Tests.WatchOverviewStateTests.Successful_refresh_projects_bounded_counts_and_current_page_task_types" computerName="LAB-WIN-01" duration="00:00:00.0149376" startTime="2026-08-12T23:14:52.5220863+08:00" endTime="2026-08-12T23:14:52.5220865+08:00" testType="13cdc9d9-ddb5-4fa4-a97d-d965ccfc6d4b" outcome="Passed" testListId="8c84fa94-04c1-424b-9868-57a2d4851a1d" relativeResultsDirectory="00a5b1fa-88d3-48bd-a60e-ccc47d783f3b" />
    <UnitTestResult executionId="4000e63e-48fd-4c3c-9b3b-ce36baf6880c" testId="091dffad-2313-2350-ee4e-d6342e69f984" testName="MesIngest.Tests.WatchAlertSessionTests.Successful_draft_commits_activity_production_filters_and_last_seen_range" computerName="LAB-WIN-01" duration="00:00:00.0041085" startTime="2026-08-12T23:14:51.8566841+08:00" endTime="2026-08-12T23:14:51.8566841+08:00" testType="13cdc9d9-ddb5-4fa4-a97d-d965ccfc6d4b" outcome="Passed" testListId="8c84fa94-04c1-424b-9868-57a2d4851a1d" relativeResultsDirectory="4000e63e-48fd-4c3c-9b3b-ce36baf6880c" />
    <UnitTestResult executionId="cb0b9731-52e3-47d0-9fc7-3e941de8a02c" testId="de9cf4ba-958d-c9a3-ccd2-8362adac9a94" testName="MesIngest.Tests.TransportDemandReconcilerTests.Zero_drop_does_not_raise_healthy_count_from_post_baseline_duplicate_keys_only" computerName="LAB-WIN-01" duration="00:00:00.0071900" startTime="2026-08-12T23:14:51.8385727+08:00" endTime="2026-08-12T23:14:51.8385728+08:00" testType="13cdc9d9-ddb5-4fa4-a97d-d965ccfc6d4b" outcome="Passed" testListId="8c84fa94-04c1-424b-9868-57a2d4851a1d" relativeResultsDirectory="cb0b9731-52e3-47d0-9fc7-3e941de8a02c" />
    <UnitTestResult executionId="13c8c5e3-5856-478d-a209-b92544155933" testId="a063f4a8-f9cc-572d-2f00-e96c3ada45ed" testName="MesIngest.Tests.InstallPackageLayoutTests.Pack_sources_include_publish_scripts_install_doc_and_service_helpers" computerName="LAB-WIN-01" duration="00:00:00.0018916" startTime="2026-08-12T23:14:51.7541324+08:00" endTime="2026-08-12T23:14:51.7541324+08:00" testType="13cdc9d9-ddb5-4fa4-a97d-d965ccfc6d4b" outcome="Passed" testListId="8c84fa94-04c1-424b-9868-57a2d4851a1d" relativeResultsDirectory="13c8c5e3-5856-478d-a209-b92544155933" />
    <UnitTestResult executionId="72055da1-c350-4086-93a9-406f04ccf72b" testId="91fcd749-d7a4-4741-dd99-e4bd13e3cc61" testName="MesIngest.Tests.ListenBindingPolicyTests.Non_localhost_urls_require_shared_secret(urls: &quot;http://192.168.1.10:5088&quot;)" computerName="LAB-WIN-01" duration="00:00:00.0050936" startTime="2026-08-12T23:14:51.7268617+08:00" endTime="2026-08-12T23:14:51.7268619+08:00" testType="13cdc9d9-ddb5-4fa4-a97d-d965ccfc6d4b" outcome="Passed" testListId="8c84fa94-04c1-424b-9868-57a2d4851a1d" relativeResultsDirectory="72055da1-c350-4086-93a9-406f04ccf72b" />
    <UnitTestResult executionId="f53edd94-3feb-44d4-86ae-5cccf01c1d8c" testId="4aeedd95-1305-bfe1-76f2-99abefa72080" testName="MesIngest.Tests.AlertDetailsProjectionTests.Null_details_yields_empty_structured_projection" computerName="LAB-WIN-01" duration="00:00:00.0002032" startTime="2026-08-12T23:14:51.9006900+08:00" endTime="2026-08-12T23:14:51.9006902+08:00" testType="13cdc9d9-ddb5-4fa4-a97d-d965ccfc6d4b" outcome="Passed" testListId="8c84fa94-04c1-424b-9868-57a2d4851a1d" relativeResultsDirectory="f53edd94-3feb-44d4-86ae-5cccf01c1d8c" />
    <UnitTestResult executionId="be6f53f3-6e13-4654-881f-ac7649eeb9ec" testId="5d8be5b1-dbd9-c71e-7ac5-fc9879fff3a9" testName="MesIngest.Tests.WatchGridClipboardTests.Formats_null_as_literal_null" computerName="LAB-WIN-01" duration="00:00:00.0000636" startTime="2026-08-12T23:14:51.7466471+08:00" endTime="2026-08-12T23:14:51.7466472+08:00" testType="13cdc9d9-ddb5-4fa4-a97d-d965ccfc6d4b" outcome="Passed" testListId="8c84fa94-04c1-424b-9868-57a2d4851a1d" relativeResultsDirectory="be6f53f3-6e13-4654-881f-ac7649eeb9ec" />
    <UnitTestResult executionId="a45df0b7-6264-4111-bf93-596fb3512ff7" testId="317a35f5-fadd-92e0-4aa0-5757238b0d47" testName="MesIngest.Tests.ReadApiContractTests.Poll_health_endpoint_reports_failure_outcome" computerName="LAB-WIN-01" duration="00:00:00.1009695" startTime="2026-08-12T23:14:55.6697013+08:00" endTime="2026-08-12T23:14:55.6697017+08:00" testType="13cdc9d9-ddb5-4fa4-a97d-d965ccfc6d4b" outcome="Passed" testListId="8c84fa94-04c1-424b-9868-57a2d4851a1d" relativeResultsDirectory="a45df0b7-6264-4111-bf93-596fb3512ff7" />
    <UnitTestResult executionId="0316f0a7-02c5-4c0c-a050-f39ab19dfe21" testId="d93ff596-9417-e00d-ca12-8f80ba6f0d61" testName="MesIngest.Tests.WatchBannerStateTests.Shows_not_ready_banner_when_health_null_and_no_fetch_error" computerName="LAB-WIN-01" duration="00:00:00.0001576" startTime="2026-08-12T23:14:51.7504899+08:00" endTime="2026-08-12T23:14:51.7504899+08:00" testType="13cdc9d9-ddb5-4fa4-a97d-d965ccfc6d4b" outcome="Passed" testListId="8c84fa94-04c1-424b-9868-57a2d4851a1d" relativeResultsDirectory="0316f0a7-02c5-4c0c-a050-f39ab19dfe21" />
    <UnitTestResult executionId="1b25fc47-26c0-45ec-96f7-e77e02294cb2" testId="4135fbb9-101f-3f35-54fa-d5222ac4803c" testName="MesIngest.Tests.WatchDemandSessionTests.Successful_page_navigation_and_new_query_start_without_a_selection" computerName="LAB-WIN-01" duration="00:00:00.0103140" startTime="2026-08-12T23:14:52.4041144+08:00" endTime="2026-08-12T23:14:52.4041146+08:00" testType="13cdc9d9-ddb5-4fa4-a97d-d965ccfc6d4b" outcome="Passed" testListId="8c84fa94-04c1-424b-9868-57a2d4851a1d" relativeResultsDirectory="1b25fc47-26c0-45ec-96f7-e77e02294cb2" />
    <UnitTestResult executionId="509c4612-fc50-446f-8f5b-73ada2cc4e04" testId="2c15602a-148e-8339-34fb-46fbd0372ab9" testName="MesIngest.Tests.WatchGridClipboardTests.Context_menu_headers_preserve_view_details_with_clipboard_actions" computerName="LAB-WIN-01" duration="00:00:00.0002138" startTime="2026-08-12T23:14:51.7599310+08:00" endTime="2026-08-12T23:14:51.7599310+08:00" testType="13cdc9d9-ddb5-4fa4-a97d-d965ccfc6d4b" outcome="Passed" testListId="8c84fa94-04c1-424b-9868-57a2d4851a1d" relativeResultsDirectory="509c4612-fc50-446f-8f5b-73ada2cc4e04" />
    <UnitTestResult executionId="ab3f3c3e-0bda-453e-99f1-11436f77e024" testId="f9235d9b-641f-6925-e3a9-5d291bdcde7d" testName="MesIngest.Tests.MesIngestApiClientFetchTests.Successful_fetch_has_no_error_and_populates_lists" computerName="LAB-WIN-01" duration="00:00:00.0017573" startTime="2026-08-12T23:14:52.4507773+08:00" endTime="2026-08-12T23:14:52.4507773+08:00" testType="13cdc9d9-ddb5-4fa4-a97d-d965ccfc6d4b" outcome="Passed" testListId="8c84fa94-04c1-424b-9868-57a2d4851a1d" relativeResultsDirectory="ab3f3c3e-0bda-453e-99f1-11436f77e024" />
    <UnitTestResult executionId="42125814-a6b0-4254-b16d-1b52679ad9c6" testId="d58c65bc-a629-8b10-97ab-5b5a282ab3dc" testName="MesIngest.Tests.WatchOptionsLoaderTests.Flat_MesIngestWatch_env_keys_override_Watch_section_BaseUrl" computerName="LAB-WIN-01" duration="00:00:00.0003874" startTime="2026-08-12T23:14:51.8051497+08:00" endTime="2026-08-12T23:14:51.8051498+08:00" testType="13cdc9d9-ddb5-4fa4-a97d-d965ccfc6d4b" outcome="Passed" testListId="8c84fa94-04c1-424b-9868-57a2d4851a1d" relativeResultsDirectory="42125814-a6b0-4254-b16d-1b52679ad9c6" />
    <UnitTestResult executionId="a7b7f7a4-d4cf-4284-a505-fb896b27aaf4" testId="9a0dc0e0-64a5-8f24-93ee-6463d0dd7b2c" testName="MesIngest.Tests.ReadApiSharedSecretAuthTests.Non_localhost_without_shared_secret_fails_validation" computerName="LAB-WIN-01" duration="00:00:00.0010901" startTime="2026-08-12T23:14:51.7774249+08:00" endTime="2026-08-12T23:14:51.7774249+08:00" testType="13cdc9d9-ddb5-4fa4-a97d-d965ccfc6d4b" outcome="Passed" testListId="8c84fa94-04c1-424b-9868-57a2d4851a1d" relativeResultsDirectory="a7b7f7a4-d4cf-4284-a505-fb896b27aaf4" />
    <UnitTestResult executionId="d933c801-4019-4497-bb5d-d36c27b4ceb8" testId="31a77bcd-1eab-2de3-a9b1-d76affda84f5" testName="MesIngest.Tests.WatchConnectionEventRecorderTests.Success_after_failures_emits_recovered_with_count_and_duration" computerName="LAB-WIN-01" duration="00:00:00.0002339" startTime="2026-08-12T23:14:51.9031600+08:00" endTime="2026-08-12T23:14:51.9031601+08:00" testType="13cdc9d9-ddb5-4fa4-a97d-d965ccfc6d4b" outcome="Passed" testListId="8c84fa94-04c1-424b-9868-57a2d4851a1d" relativeResultsDirectory="d933c801-4019-4497-bb5d-d36c27b4ceb8" />
    <UnitTestResult executionId="52ff7bf1-fade-4361-b893-10310b6acf15" testId="cda333a6-0fb9-be66-489b-ada5f5210319" testName="MesIngest.Tests.ReadApiSharedSecretAuthTests.Localhost_without_shared_secret_passes_validation" computerName="LAB-WIN-01" duration="00:00:00.0009677" startTime="2026-08-12T23:14:51.7773934+08:00" endTime="2026-08-12T23:14:51.7773935+08:00" testType="13cdc9d9-ddb5-4fa4-a97d-d965ccfc6d4b" outcome="Passed" testListId="8c84fa94-04c1-424b-9868-57a2d4851a1d" relativeResultsDirectory="52ff7bf1-fade-4361-b893-10310b6acf15" />
    <UnitTestResult executionId="fc28de5e-836f-4416-bb13-2906ef017b8a" testId="4446370c-c73f-956d-0d10-c74f3e88082d" testName="MesIngest.Tests.WatchRefreshStateTests.Partial_success_updates_last_success_but_keeps_failing_endpoint_error" computerName="LAB-WIN-01" duration="00:00:00.0003097" startTime="2026-08-12T23:14:51.7542291+08:00" endTime="2026-08-12T23:14:51.7542292+08:00" testType="13cdc9d9-ddb5-4fa4-a97d-d965ccfc6d4b" outcome="Passed" testListId="8c84fa94-04c1-424b-9868-57a2d4851a1d" relativeResultsDirectory="fc28de5e-836f-4416-bb13-2906ef017b8a" />
    <UnitTestResult executionId="0a9d898a-2924-4b84-ba3d-f68020c29c5e" testId="e77d7733-bee8-90a0-cd6b-310ea63ba01a" testName="MesIngest.Tests.SqlServerTransportDemandStoreTests.Query_page_uses_read_path_indexes_and_keyset_pagination" computerName="LAB-WIN-01" duration="00:00:00.0010000" startTime="2026-08-12T23:15:01.1072760+08:00" endTime="2026-08-12T23:15:01.1072760+08:00" testType="13cdc9d9-ddb5-4fa4-a97d-d965ccfc6d4b" outcome="NotExecuted" testListId="8c84fa94-04c1-424b-9868-57a2d4851a1d" relativeResultsDirectory="0a9d898a-2924-4b84-ba3d-f68020c29c5e">
      <Output>
        <StdOut>SQL Server unavailable (set MES_INGEST_SQLSERVER or enable LocalDB)</StdOut>
      </Output>
    </UnitTestResult>
    <UnitTestResult executionId="da0b4294-95a9-4702-af97-1d19728b4be2" testId="8bc31eae-a788-2918-135c-03a3197c897b" testName="MesIngest.Tests.AlertDetailsProjectionTests.PollIncomplete_projects_key_value_rows" computerName="LAB-WIN-01" duration="00:00:00.0005856" startTime="2026-08-12T23:14:51.9050515+08:00" endTime="2026-08-12T23:14:51.9050516+08:00" testType="13cdc9d9-ddb5-4fa4-a97d-d965ccfc6d4b" outcome="Passed" testListId="8c84fa94-04c1-424b-9868-57a2d4851a1d" relativeResultsDirectory="da0b4294-95a9-4702-af97-1d19728b4be2" />
    <UnitTestResult executionId="7dccc951-defc-4efd-bddf-e5622e5db26e" testId="4a001eb7-9032-e479-06f7-bb8ef2ecf34a" testName="MesIngest.Tests.TransportDemandReconcilerTests.Restart_post_barrier_preserves_persisted_healthy_baseline_when_barrier_count_is_lower" computerName="LAB-WIN-01" duration="00:00:00.0003498" startTime="2026-08-12T23:14:51.8059864+08:00" endTime="2026-08-12T23:14:51.8059866+08:00" testType="13cdc9d9-ddb5-4fa4-a97d-d965ccfc6d4b" outcome="Passed" testListId="8c84fa94-04c1-424b-9868-57a2d4851a1d" relativeResultsDirectory="7dccc951-defc-4efd-bddf-e5622e5db26e" />
    <UnitTestResult executionId="a0145759-9d3e-47dd-b312-427700050988" testId="926e2575-f4f9-e54e-ca1c-4c01d13c4ba2" testName="MesIngest.Tests.IngestRoundRunnerTests.RunOnce_reappear_details_use_store_lookup_when_hot_state_omits_gone" computerName="LAB-WIN-01" duration="00:00:00.0036863" startTime="2026-08-12T23:14:52.4452781+08:00" endTime="2026-08-12T23:14:52.4452782+08:00" testType="13cdc9d9-ddb5-4fa4-a97d-d965ccfc6d4b" outcome="Passed" testListId="8c84fa94-04c1-424b-9868-57a2d4851a1d" relativeResultsDirectory="a0145759-9d3e-47dd-b312-427700050988" />
    <UnitTestResult executionId="711ca29f-2e72-420f-a574-75f489c47387" testId="7f7f2c62-0897-78cc-0a11-fd3b4829eabe" testName="MesIngest.Tests.WatchAlertSessionTests.Invalid_draft_is_rejected_without_calling_host(code: &quot;HOST_UNREACHABLE&quot;, severity: null, range: null, expectedError: &quot;Code&quot;)" computerName="LAB-WIN-01" duration="00:00:00.0002205" startTime="2026-08-12T23:14:51.8378698+08:00" endTime="2026-08-12T23:14:51.8378699+08:00" testType="13cdc9d9-ddb5-4fa4-a97d-d965ccfc6d4b" outcome="Passed" testListId="8c84fa94-04c1-424b-9868-57a2d4851a1d" relativeResultsDirectory="711ca29f-2e72-420f-a574-75f489c47387" />
    <UnitTestResult executionId="5a377c7d-3e0f-4742-b922-62f871cd606b" testId="24cccb74-1f04-e375-1227-0fd1872ff41e" testName="MesIngest.Tests.DemandChangeFeedStoreTests.QueryChangeFeed_full_purge_keeps_monotonic_watermark_and_expires_stale_cursors" computerName="LAB-WIN-01" duration="00:00:00.0011641" startTime="2026-08-12T23:14:51.8938882+08:00" endTime="2026-08-12T23:14:51.8938882+08:00" testType="13cdc9d9-ddb5-4fa4-a97d-d965ccfc6d4b" outcome="Passed" testListId="8c84fa94-04c1-424b-9868-57a2d4851a1d" relativeResultsDirectory="5a377c7d-3e0f-4742-b922-62f871cd606b" />
    <UnitTestResult executionId="665aa8b0-6a90-4ede-b3fa-bdd6b12ad352" testId="88a84269-2941-758a-32df-b12f6fcc7c04" testName="MesIngest.Tests.WatchBrowseSessionTests.Filter_reset_clears_accumulated_pages_to_first_page" computerName="LAB-WIN-01" duration="00:00:00.0021032" startTime="2026-08-12T23:14:51.8345106+08:00" endTime="2026-08-12T23:14:51.8345107+08:00" testType="13cdc9d9-ddb5-4fa4-a97d-d965ccfc6d4b" outcome="Passed" testListId="8c84fa94-04c1-424b-9868-57a2d4851a1d" relativeResultsDirectory="665aa8b0-6a90-4ede-b3fa-bdd6b12ad352" />
    <UnitTestResult executionId="0773fdfc-b33d-4b29-aaef-df270f26259b" testId="c3c6b7fc-286f-7ece-2008-32edf7a7f66b" testName="MesIngest.Tests.WatchAlertSessionTests.Browse_query_serializes_only_the_supported_server_filters" computerName="LAB-WIN-01" duration="00:00:00.0007217" startTime="2026-08-12T23:14:51.8345486+08:00" endTime="2026-08-12T23:14:51.8345487+08:00" testType="13cdc9d9-ddb5-4fa4-a97d-d965ccfc6d4b" outcome="Passed" testListId="8c84fa94-04c1-424b-9868-57a2d4851a1d" relativeResultsDirectory="0773fdfc-b33d-4b29-aaef-df270f26259b" />
    <UnitTestResult executionId="6da1a17e-e280-454d-86d9-d079ecc3837e" testId="dc70f064-80a0-7168-d77a-b8e969476857" testName="MesIngest.Tests.WatchBrowseSessionTests.Every_visible_alert_column_toggles_server_sort(header: &quot;Severity&quot;, token: &quot;severity&quot;)" computerName="LAB-WIN-01" duration="00:00:00.0000075" startTime="2026-08-12T23:14:51.7891557+08:00" endTime="2026-08-12T23:14:51.7891559+08:00" testType="13cdc9d9-ddb5-4fa4-a97d-d965ccfc6d4b" outcome="Passed" testListId="8c84fa94-04c1-424b-9868-57a2d4851a1d" relativeResultsDirectory="6da1a17e-e280-454d-86d9-d079ecc3837e" />
    <UnitTestResult executionId="31303be2-e5e4-493b-bc0f-1458ce6e07b3" testId="655e2fdf-a2fa-293b-46cb-3d00166af3a7" testName="MesIngest.Tests.AlertVisibleColumnSortHttpTests.Host_pages_all_visible_alert_columns_without_gaps_or_duplicates(sortBy: &quot;demandId&quot;, direction: &quot;desc&quot;, expectedAlertIds: [&quot;a4&quot;, &quot;a1&quot;, &quot;a2&quot;, &quot;a3&quot;, &quot;a5&quot;])" computerName="LAB-WIN-01" duration="00:00:00.1403615" startTime="2026-08-12T23:14:55.6075779+08:00" endTime="2026-08-12T23:14:55.6075782+08:00" testType="13cdc9d9-ddb5-4fa4-a97d-d965ccfc6d4b" outcome="Passed" testListId="8c84fa94-04c1-424b-9868-57a2d4851a1d" relativeResultsDirectory="31303be2-e5e4-493b-bc0f-1458ce6e07b3" />
    <UnitTestResult executionId="6108dfbd-3195-4920-956c-82d6db31991f" testId="9395d214-d898-e0ca-d109-03a8ad7b4e3f" testName="MesIngest.Tests.WatchDemandSessionTests.Gone_reset_recomputes_and_exposes_the_recent_24_hour_default_draft" computerName="LAB-WIN-01" duration="00:00:00.0014815" startTime="2026-08-12T23:14:52.5114539+08:00" endTime="2026-08-12T23:14:52.5114544+08:00" testType="13cdc9d9-ddb5-4fa4-a97d-d965ccfc6d4b" outcome="Passed" testListId="8c84fa94-04c1-424b-9868-57a2d4851a1d" relativeResultsDirectory="6108dfbd-3195-4920-956c-82d6db31991f" />
    <UnitTestResult executionId="6bcb847c-b1c4-4bbd-bb51-a89376ea3050" testId="536fc418-900c-4a29-7cf9-f3608eefa9b2" testName="MesIngest.Tests.SqlServerTransportDemandStoreTests.Change_feed_survives_host_store_restart_and_purges_expired_entries" computerName="LAB-WIN-01" duration="00:00:00.0010000" startTime="2026-08-12T23:15:01.1086536+08:00" endTime="2026-08-12T23:15:01.1086536+08:00" testType="13cdc9d9-ddb5-4fa4-a97d-d965ccfc6d4b" outcome="NotExecuted" testListId="8c84fa94-04c1-424b-9868-57a2d4851a1d" relativeResultsDirectory="6bcb847c-b1c4-4bbd-bb51-a89376ea3050">
      <Output>
        <StdOut>SQL Server unavailable (set MES_INGEST_SQLSERVER or enable LocalDB)</StdOut>
      </Output>
    </UnitTestResult>
    <UnitTestResult executionId="262dc034-7f65-4484-872b-ad70f55bf166" testId="083b0314-3d62-394b-52bd-26457f950b17" testName="MesIngest.Tests.SqlServerTransportDemandStoreTests.Gone_history_lookup_uses_ordinal_transport_demand_key_equality" computerName="LAB-WIN-01" duration="00:00:00.0010000" startTime="2026-08-12T23:15:01.1083908+08:00" endTime="2026-08-12T23:15:01.1083908+08:00" testType="13cdc9d9-ddb5-4fa4-a97d-d965ccfc6d4b" outcome="NotExecuted" testListId="8c84fa94-04c1-424b-9868-57a2d4851a1d" relativeResultsDirectory="262dc034-7f65-4484-872b-ad70f55bf166">
      <Output>
        <StdOut>SQL Server unavailable (set MES_INGEST_SQLSERVER or enable LocalDB)</StdOut>
      </Output>
    </UnitTestResult>
    <UnitTestResult executionId="0b965f5f-5659-45bc-b1dd-b78af49f4ab6" testId="94c676ce-dbb7-5fde-c17a-91b9f0e92e49" testName="MesIngest.Tests.UnifiedWatchEventTests.Filter_keeps_only_selected_source" computerName="LAB-WIN-01" duration="00:00:00.0043731" startTime="2026-08-12T23:14:51.7820211+08:00" endTime="2026-08-12T23:14:51.7820212+08:00" testType="13cdc9d9-ddb5-4fa4-a97d-d965ccfc6d4b" outcome="Passed" testListId="8c84fa94-04c1-424b-9868-57a2d4851a1d" relativeResultsDirectory="0b965f5f-5659-45bc-b1dd-b78af49f4ab6" />
    <UnitTestResult executionId="b5671b38-33a8-4a3e-ba4a-0ef4c9b6af53" testId="2be74e0b-ba2c-ee52-6b06-d76bea1f9072" testName="MesIngest.Tests.WatchBannerProjectionTests.Poll_failure_is_error_banner" computerName="LAB-WIN-01" duration="00:00:00.0006170" startTime="2026-08-12T23:14:51.7748526+08:00" endTime="2026-08-12T23:14:51.7748527+08:00" testType="13cdc9d9-ddb5-4fa4-a97d-d965ccfc6d4b" outcome="Passed" testListId="8c84fa94-04c1-424b-9868-57a2d4851a1d" relativeResultsDirectory="b5671b38-33a8-4a3e-ba4a-0ef4c9b6af53" />
    <UnitTestResult executionId="fa4c358e-872a-4d17-b950-c6a11a3d86a2" testId="7a2de661-088a-433e-175c-18d6c66a5f42" testName="MesIngest.Tests.WatchBannerStateTests.Shows_fetch_failure_banner_when_http_client_reports_error" computerName="LAB-WIN-01" duration="00:00:00.0003397" startTime="2026-08-12T23:14:51.7565563+08:00" endTime="2026-08-12T23:14:51.7565564+08:00" testType="13cdc9d9-ddb5-4fa4-a97d-d965ccfc6d4b" outcome="Passed" testListId="8c84fa94-04c1-424b-9868-57a2d4851a1d" relativeResultsDirectory="fa4c358e-872a-4d17-b950-c6a11a3d86a2" />
    <UnitTestResult executionId="42eebf67-c625-49a4-b79e-49e43d417822" testId="bb228efa-9d5e-7e53-567f-23d0084d8637" testName="MesIngest.Tests.WatchAlertBrowsePagingTests.Invalid_alert_cursor_reloads_first_page_without_mixing_windows" computerName="LAB-WIN-01" duration="00:00:00.0079447" startTime="2026-08-12T23:14:51.8478351+08:00" endTime="2026-08-12T23:14:51.8478354+08:00" testType="13cdc9d9-ddb5-4fa4-a97d-d965ccfc6d4b" outcome="Passed" testListId="8c84fa94-04c1-424b-9868-57a2d4851a1d" relativeResultsDirectory="42eebf67-c625-49a4-b79e-49e43d417822" />
    <UnitTestResult executionId="b0ba669d-990d-4c05-9b30-4a739157abd5" testId="55409fbf-3330-892c-5adc-5396dbd12863" testName="MesIngest.Tests.TransportDemandStoreListOrderTests.Default_runner_clock_stamps_created_at_and_poll_health_in_utc" computerName="LAB-WIN-01" duration="00:00:00.0209217" startTime="2026-08-12T23:14:51.7801710+08:00" endTime="2026-08-12T23:14:51.7801711+08:00" testType="13cdc9d9-ddb5-4fa4-a97d-d965ccfc6d4b" outcome="Passed" testListId="8c84fa94-04c1-424b-9868-57a2d4851a1d" relativeResultsDirectory="b0ba669d-990d-4c05-9b30-4a739157abd5" />
    <UnitTestResult executionId="b3c9227e-bf2d-49db-8614-c98a8a6ae952" testId="6fe0e687-d930-a4b6-5905-1fca06f3d209" testName="MesIngest.Tests.WatchRefreshAdmissionTests.Sort_reset_waits_for_active_refresh_instead_of_being_dropped" computerName="LAB-WIN-01" duration="00:00:00.4341707" startTime="2026-08-12T23:14:52.2933779+08:00" endTime="2026-08-12T23:14:52.2933783+08:00" testType="13cdc9d9-ddb5-4fa4-a97d-d965ccfc6d4b" outcome="Passed" testListId="8c84fa94-04c1-424b-9868-57a2d4851a1d" relativeResultsDirectory="b3c9227e-bf2d-49db-8614-c98a8a6ae952" />
    <UnitTestResult executionId="01b6f980-3b88-4446-8917-c2588b32975a" testId="d40985e9-e393-5d4e-ba57-34296c56a96b" testName="MesIngest.Tests.AlertDemandNavigationTests.Exact_navigation_reads_id_first_then_commits_actual_status_page_and_selection" computerName="LAB-WIN-01" duration="00:00:00.0033279" startTime="2026-08-12T23:14:51.8951856+08:00" endTime="2026-08-12T23:14:51.8951857+08:00" testType="13cdc9d9-ddb5-4fa4-a97d-d965ccfc6d4b" outcome="Passed" testListId="8c84fa94-04c1-424b-9868-57a2d4851a1d" relativeResultsDirectory="01b6f980-3b88-4446-8917-c2588b32975a" />
    <UnitTestResult executionId="224d4d26-e452-4fcd-a4e0-6f45fe48b436" testId="4aa51ebb-9b14-1135-e674-ca11c197819c" testName="MesIngest.Tests.IngestRoundRunnerTests.RunOnce_appends_reappear_alerts_to_store" computerName="LAB-WIN-01" duration="00:00:00.0019302" startTime="2026-08-12T23:14:52.4506195+08:00" endTime="2026-08-12T23:14:52.4506196+08:00" testType="13cdc9d9-ddb5-4fa4-a97d-d965ccfc6d4b" outcome="Passed" testListId="8c84fa94-04c1-424b-9868-57a2d4851a1d" relativeResultsDirectory="224d4d26-e452-4fcd-a4e0-6f45fe48b436" />
    <UnitTestResult executionId="12ddd180-9d48-4544-a776-db8f437b8369" testId="25ba0d63-42f2-7700-eae0-dc5a2c81d767" testName="MesIngest.Tests.WatchAlertRelationshipTests.Distinguishes_exact_business_key_task_type_and_global_scopes" computerName="LAB-WIN-01" duration="00:00:00.0014092" startTime="2026-08-12T23:14:51.7792576+08:00" endTime="2026-08-12T23:14:51.7792576+08:00" testType="13cdc9d9-ddb5-4fa4-a97d-d965ccfc6d4b" outcome="Passed" testListId="8c84fa94-04c1-424b-9868-57a2d4851a1d" relativeResultsDirectory="12ddd180-9d48-4544-a776-db8f437b8369" />
    <UnitTestResult executionId="e7b26cbf-c621-4731-822a-678fbce4dc7c" testId="1ba738e6-b652-9a48-3740-7165989ca483" testName="MesIngest.Tests.WatchAlertSessionTests.Paging_sort_and_reset_commit_fixed_server_windows_atomically" computerName="LAB-WIN-01" duration="00:00:00.0098096" startTime="2026-08-12T23:14:51.8478763+08:00" endTime="2026-08-12T23:14:51.8478764+08:00" testType="13cdc9d9-ddb5-4fa4-a97d-d965ccfc6d4b" outcome="Passed" testListId="8c84fa94-04c1-424b-9868-57a2d4851a1d" relativeResultsDirectory="e7b26cbf-c621-4731-822a-678fbce4dc7c" />
    <UnitTestResult executionId="9cf160de-a1c6-408d-b914-4d4acb5d92a2" testId="4a2bcd0d-947a-ced0-9d92-329d63531995" testName="MesIngest.Tests.WatchLayoutPreferencesTests.Incompatible_or_out_of_bounds_layout_falls_back_atomically(json: &quot;{\&quot;version\&quot;:1,\&quot;windowWidth\&quot;:1440,\&quot;windowHeight&quot;...)" computerName="LAB-WIN-01" duration="00:00:00.0396827" startTime="2026-08-12T23:14:51.9381885+08:00" endTime="2026-08-12T23:14:51.9381886+08:00" testType="13cdc9d9-ddb5-4fa4-a97d-d965ccfc6d4b" outcome="Passed" testListId="8c84fa94-04c1-424b-9868-57a2d4851a1d" relativeResultsDirectory="9cf160de-a1c6-408d-b914-4d4acb5d92a2" />
    <UnitTestResult executionId="1ae87641-b0d1-42c8-9c91-3e6cc3203070" testId="35941b45-0163-e2e4-74ce-c5dcc692c9f7" testName="MesIngest.Tests.AlertListQueryParserTests.TryParseSortBy_accepts_alert_allow_list(raw: &quot;code&quot;, expected: Code)" computerName="LAB-WIN-01" duration="00:00:00.0000026" startTime="2026-08-12T23:14:51.8544401+08:00" endTime="2026-08-12T23:14:51.8544402+08:00" testType="13cdc9d9-ddb5-4fa4-a97d-d965ccfc6d4b" outcome="Passed" testListId="8c84fa94-04c1-424b-9868-57a2d4851a1d" relativeResultsDirectory="1ae87641-b0d1-42c8-9c91-3e6cc3203070" />
    <UnitTestResult executionId="8b0527ff-593f-42be-8d41-d9c80bba7e0c" testId="0e44108a-bda8-da1a-5905-9e1f950a872a" testName="MesIngest.Tests.ReadApiContractTests.List_filters_demands_by_visible_or_gone_status" computerName="LAB-WIN-01" duration="00:00:00.1817617" startTime="2026-08-12T23:14:55.1425064+08:00" endTime="2026-08-12T23:14:55.1425066+08:00" testType="13cdc9d9-ddb5-4fa4-a97d-d965ccfc6d4b" outcome="Passed" testListId="8c84fa94-04c1-424b-9868-57a2d4851a1d" relativeResultsDirectory="8b0527ff-593f-42be-8d41-d9c80bba7e0c" />
    <UnitTestResult executionId="fd9d4791-5d32-4836-8032-c4dab811987c" testId="184d5db1-435f-af6e-de09-1f84a4831d11" testName="MesIngest.Tests.AlertListQueryParserTests.TryParseSortBy_rejects_demand_only_columns(raw: &quot;package&quot;)" computerName="LAB-WIN-01" duration="00:00:00.0003089" startTime="2026-08-12T23:14:51.8558067+08:00" endTime="2026-08-12T23:14:51.8558067+08:00" testType="13cdc9d9-ddb5-4fa4-a97d-d965ccfc6d4b" outcome="Passed" testListId="8c84fa94-04c1-424b-9868-57a2d4851a1d" relativeResultsDirectory="fd9d4791-5d32-4836-8032-c4dab811987c" />
    <UnitTestResult executionId="04b8c885-4899-43bf-9f06-68fd6e3d2642" testId="8487bf65-ac7a-d137-f52f-c33f1493850f" testName="MesIngest.Tests.AlertListQueryParserTests.TryParseSortBy_accepts_alert_allow_list(raw: &quot;alertId&quot;, expected: AlertId)" computerName="LAB-WIN-01" duration="00:00:00.0000041" startTime="2026-08-12T23:14:51.8550756+08:00" endTime="2026-08-12T23:14:51.8550757+08:00" testType="13cdc9d9-ddb5-4fa4-a97d-d965ccfc6d4b" outcome="Passed" testListId="8c84fa94-04c1-424b-9868-57a2d4851a1d" relativeResultsDirectory="04b8c885-4899-43bf-9f06-68fd6e3d2642" />
    <UnitTestResult executionId="83aeb1a3-d0ef-4dc1-9060-5336bc3f26d4" testId="14063586-9737-13a7-4ad8-64bc41973e03" testName="MesIngest.Tests.DemandListPagingTieBreakTests.QueryPage_desc_identical_primary_covers_all_allow_list_columns(sortBy: CreatedAt)" computerName="LAB-WIN-01" duration="00:00:00.0004565" startTime="2026-08-12T23:14:51.9388278+08:00" endTime="2026-08-12T23:14:51.9388279+08:00" testType="13cdc9d9-ddb5-4fa4-a97d-d965ccfc6d4b" outcome="Passed" testListId="8c84fa94-04c1-424b-9868-57a2d4851a1d" relativeResultsDirectory="83aeb1a3-d0ef-4dc1-9060-5336bc3f26d4" />
    <UnitTestResult executionId="f8ef969a-3ff8-4d20-ac10-1d5825809da8" testId="b529f274-cdff-d5b3-71bf-f9fc57e0b23e" testName="MesIngest.Tests.TransportDemandKeyTests.Null_or_blank_components_are_rejected(taskType: &quot;&quot;, sublot: &quot;Q-1&quot;)" computerName="LAB-WIN-01" duration="00:00:00.0012498" startTime="2026-08-12T23:14:51.8950958+08:00" endTime="2026-08-12T23:14:51.8950961+08:00" testType="13cdc9d9-ddb5-4fa4-a97d-d965ccfc6d4b" outcome="Passed" testListId="8c84fa94-04c1-424b-9868-57a2d4851a1d" relativeResultsDirectory="f8ef969a-3ff8-4d20-ac10-1d5825809da8" />
    <UnitTestResult executionId="9e06017b-cf0c-486f-96b5-b5b02b6f798e" testId="a224e315-6d87-3e08-13de-3d8bde3bb3ac" testName="MesIngest.Tests.WatchDemandBrowseTests.Browse_query_includes_filters_cursor_and_gone_window" computerName="LAB-WIN-01" duration="00:00:00.0002482" startTime="2026-08-12T23:14:51.9353374+08:00" endTime="2026-08-12T23:14:51.9353375+08:00" testType="13cdc9d9-ddb5-4fa4-a97d-d965ccfc6d4b" outcome="Passed" testListId="8c84fa94-04c1-424b-9868-57a2d4851a1d" relativeResultsDirectory="9e06017b-cf0c-486f-96b5-b5b02b6f798e" />
    <UnitTestResult executionId="e2c6207a-7c0c-4c3e-a492-3addd1e41d5a" testId="7069b392-67f7-7c24-b358-843f69a23d96" testName="MesIngest.Tests.AlertIncidentSyncTests.Paused_recovery_streak_change_keeps_same_incident" computerName="LAB-WIN-01" duration="00:00:00.0005708" startTime="2026-08-12T23:14:51.7809463+08:00" endTime="2026-08-12T23:14:51.7809464+08:00" testType="13cdc9d9-ddb5-4fa4-a97d-d965ccfc6d4b" outcome="Passed" testListId="8c84fa94-04c1-424b-9868-57a2d4851a1d" relativeResultsDirectory="e2c6207a-7c0c-4c3e-a492-3addd1e41d5a" />
    <UnitTestResult executionId="11476527-0ce3-4c14-bfdd-29059ec6ee15" testId="608da5d4-480e-aab3-5b7f-167008bdd35e" testName="MesIngest.Tests.WatchBrowseSessionTests.Every_visible_alert_column_toggles_server_sort(header: &quot;Code&quot;, token: &quot;code&quot;)" computerName="LAB-WIN-01" duration="00:00:00.0000069" startTime="2026-08-12T23:14:51.7897833+08:00" endTime="2026-08-12T23:14:51.7897834+08:00" testType="13cdc9d9-ddb5-4fa4-a97d-d965ccfc6d4b" outcome="Passed" testListId="8c84fa94-04c1-424b-9868-57a2d4851a1d" relativeResultsDirectory="11476527-0ce3-4c14-bfdd-29059ec6ee15" />
    <UnitTestResult executionId="5759ead6-d905-4ad2-bd49-b33c8a135260" testId="6bd5530c-cd75-f38e-4944-2c7276e6df01" testName="MesIngest.Tests.FactoryValidationPackTests.Factory_validation_checklist_covers_probe_service_wpf_and_signoff_split" computerName="LAB-WIN-01" duration="00:00:00.0009151" startTime="2026-08-12T23:14:51.9597515+08:00" endTime="2026-08-12T23:14:51.9597517+08:00" testType="13cdc9d9-ddb5-4fa4-a97d-d965ccfc6d4b" outcome="Passed" testListId="8c84fa94-04c1-424b-9868-57a2d4851a1d" relativeResultsDirectory="5759ead6-d905-4ad2-bd49-b33c8a135260" />
    <UnitTestResult executionId="9f306f8c-d877-432a-93ea-118e8a96f2e1" testId="716d6fa3-9c0b-63ed-4159-f937089f59cf" testName="MesIngest.Tests.SingleFlightPollLoopTests.Cancellation_stops_before_starting_another_round" computerName="LAB-WIN-01" duration="00:00:00.0590966" startTime="2026-08-12T23:14:53.3735006+08:00" endTime="2026-08-12T23:14:53.3735007+08:00" testType="13cdc9d9-ddb5-4fa4-a97d-d965ccfc6d4b" outcome="Passed" testListId="8c84fa94-04c1-424b-9868-57a2d4851a1d" relativeResultsDirectory="9f306f8c-d877-432a-93ea-118e8a96f2e1" />
    <UnitTestResult executionId="96982cff-c233-4e71-9fa7-9ce4fa5b34f9" testId="147933bf-7224-e800-899d-fd97c6f6eb17" testName="MesIngest.Tests.MainWindowStartupTests.Demand_selection_shows_grouped_read_only_details_and_explicit_actions" computerName="LAB-WIN-01" duration="00:00:00.3194607" startTime="2026-08-12T23:14:57.3144885+08:00" endTime="2026-08-12T23:14:57.3144888+08:00" testType="13cdc9d9-ddb5-4fa4-a97d-d965ccfc6d4b" outcome="Passed" testListId="8c84fa94-04c1-424b-9868-57a2d4851a1d" relativeResultsDirectory="96982cff-c233-4e71-9fa7-9ce4fa5b34f9" />
    <UnitTestResult executionId="17b87c3f-42fb-40a1-a347-569572156aed" testId="6d456e4e-d9c3-ec28-31a8-cb5e47e1148e" testName="MesIngest.Tests.PaginatedDemandApiTests.List_default_dates_desc_pages_through_tied_primary_values_without_gap_or_dup" computerName="LAB-WIN-01" duration="00:00:00.2086967" startTime="2026-08-12T23:14:54.5386353+08:00" endTime="2026-08-12T23:14:54.5386358+08:00" testType="13cdc9d9-ddb5-4fa4-a97d-d965ccfc6d4b" outcome="Passed" testListId="8c84fa94-04c1-424b-9868-57a2d4851a1d" relativeResultsDirectory="17b87c3f-42fb-40a1-a347-569572156aed" />
    <UnitTestResult executionId="963cda1e-06fb-437e-8b69-6b50614b6a6a" testId="d321206b-b7ba-b91b-7f8e-4dc528beae5e" testName="MesIngest.Tests.AlertListQueryParserTests.TryParseSortBy_accepts_alert_allow_list(raw: &quot;taskType&quot;, expected: TaskType)" computerName="LAB-WIN-01" duration="00:00:00.0160540" startTime="2026-08-12T23:14:51.8542628+08:00" endTime="2026-08-12T23:14:51.8542629+08:00" testType="13cdc9d9-ddb5-4fa4-a97d-d965ccfc6d4b" outcome="Passed" testListId="8c84fa94-04c1-424b-9868-57a2d4851a1d" relativeResultsDirectory="963cda1e-06fb-437e-8b69-6b50614b6a6a" />
    <UnitTestResult executionId="741a22ba-5653-4aeb-b249-50ecc0fc1904" testId="078cfbca-a827-c0f4-860f-e48426e46d3d" testName="MesIngest.Tests.SqlServerTransportDemandStoreTests.Persisted_demands_and_pauses_are_readable_after_new_store_instance" computerName="LAB-WIN-01" duration="00:00:00.0010000" startTime="2026-08-12T23:15:01.1042552+08:00" endTime="2026-08-12T23:15:01.1042552+08:00" testType="13cdc9d9-ddb5-4fa4-a97d-d965ccfc6d4b" outcome="NotExecuted" testListId="8c84fa94-04c1-424b-9868-57a2d4851a1d" relativeResultsDirectory="741a22ba-5653-4aeb-b249-50ecc0fc1904">
      <Output>
        <StdOut>SQL Server unavailable (set MES_INGEST_SQLSERVER or enable LocalDB)</StdOut>
      </Output>
    </UnitTestResult>
    <UnitTestResult executionId="895e13ff-738c-40c2-ba9d-ded7d58a9cdb" testId="e2d48d21-2a36-b8e7-4516-e062bdb9dc91" testName="MesIngest.Tests.LatencyTelemetryTests.Watch_latency_file_telemetry_enforces_log_retention_by_age" computerName="LAB-WIN-01" duration="00:00:00.0670423" startTime="2026-08-12T23:14:52.6023090+08:00" endTime="2026-08-12T23:14:52.6023092+08:00" testType="13cdc9d9-ddb5-4fa4-a97d-d965ccfc6d4b" outcome="Failed" testListId="8c84fa94-04c1-424b-9868-57a2d4851a1d" relativeResultsDirectory="895e13ff-738c-40c2-ba9d-ded7d58a9cdb">
      <Output>
        <ErrorInfo>
          <Message>Assert.False() Failure&#xD;
Expected: False&#xD;
Actual:   True</Message>
          <StackTrace>   at MesIngest.Tests.LatencyTelemetryTests.Watch_latency_file_telemetry_enforces_log_retention_by_age() in C:\Users\szy\Desktop\8005---AGV\mes\ingest\csharp\MesIngest.Tests\LatencyTelemetryTests.cs:line 275&#xD;
--- End of stack trace from previous location ---</StackTrace>
        </ErrorInfo>
      </Output>
    </UnitTestResult>
    <UnitTestResult executionId="fa242cea-626d-4a9a-a62f-a9266cdf7b8b" testId="f1e81e50-4c1e-858a-c721-a528cd7ce821" testName="MesIngest.Tests.TransportDemandStoreListOrderTests.In_memory_list_orders_by_dates_desc_then_demand_id_asc" computerName="LAB-WIN-01" duration="00:00:00.0051875" startTime="2026-08-12T23:14:51.7793406+08:00" endTime="2026-08-12T23:14:51.7793406+08:00" testType="13cdc9d9-ddb5-4fa4-a97d-d965ccfc6d4b" outcome="Passed" testListId="8c84fa94-04c1-424b-9868-57a2d4851a1d" relativeResultsDirectory="fa242cea-626d-4a9a-a62f-a9266cdf7b8b" />
    <UnitTestResult executionId="597ce6db-b346-4c6b-b542-a67c4f773c5a" testId="070c027e-240a-195e-30d3-0debfd22e89f" testName="MesIngest.Tests.WatchBannerProjectionTests.Active_error_alert_stays_in_alerts_grid_not_notification_banner" computerName="LAB-WIN-01" duration="00:00:00.0002266" startTime="2026-08-12T23:14:51.7603317+08:00" endTime="2026-08-12T23:14:51.7603318+08:00" testType="13cdc9d9-ddb5-4fa4-a97d-d965ccfc6d4b" outcome="Passed" testListId="8c84fa94-04c1-424b-9868-57a2d4851a1d" relativeResultsDirectory="597ce6db-b346-4c6b-b542-a67c4f773c5a" />
    <UnitTestResult executionId="74ad513a-180c-4318-af86-49b5cb79ab8c" testId="833256d5-600a-e5af-dd82-c3b549197589" testName="MesIngest.Tests.WatchDemandBrowseTests.Client_rejects_legacy_bare_array_demands_body" computerName="LAB-WIN-01" duration="00:00:00.0024957" startTime="2026-08-12T23:14:51.9332168+08:00" endTime="2026-08-12T23:14:51.9332169+08:00" testType="13cdc9d9-ddb5-4fa4-a97d-d965ccfc6d4b" outcome="Passed" testListId="8c84fa94-04c1-424b-9868-57a2d4851a1d" relativeResultsDirectory="74ad513a-180c-4318-af86-49b5cb79ab8c" />
    <UnitTestResult executionId="9b199748-9d73-41f2-90f9-836e2b3ff03e" testId="0e4d5a1f-1721-799a-d3ca-d16e497b7425" testName="MesIngest.Tests.WatchBrowseSessionTests.Every_visible_alert_column_toggles_server_sort(header: &quot;last seen&quot;, token: &quot;lastSeenAt&quot;)" computerName="LAB-WIN-01" duration="00:00:00.0000073" startTime="2026-08-12T23:14:51.7897389+08:00" endTime="2026-08-12T23:14:51.7897390+08:00" testType="13cdc9d9-ddb5-4fa4-a97d-d965ccfc6d4b" outcome="Passed" testListId="8c84fa94-04c1-424b-9868-57a2d4851a1d" relativeResultsDirectory="9b199748-9d73-41f2-90f9-836e2b3ff03e" />
    <UnitTestResult executionId="78befd38-c9da-4d21-ba62-d03c68ab4eb1" testId="348e1049-96b3-6d28-d705-3ecaa409dae8" testName="MesIngest.Tests.MainWindowStartupTests.Demand_columns_follow_the_host_sort_allow_list" computerName="LAB-WIN-01" duration="00:00:00.1827203" startTime="2026-08-12T23:14:56.9947003+08:00" endTime="2026-08-12T23:14:56.9947006+08:00" testType="13cdc9d9-ddb5-4fa4-a97d-d965ccfc6d4b" outcome="Passed" testListId="8c84fa94-04c1-424b-9868-57a2d4851a1d" relativeResultsDirectory="78befd38-c9da-4d21-ba62-d03c68ab4eb1" />
    <UnitTestResult executionId="980c145b-4c98-4b65-8c9d-dcd9593f5450" testId="8aef1e19-eb4e-2614-d3c5-2e5a56f8ba40" testName="MesIngest.Tests.DemandChangeFeedApiTests.Demand_changes_full_purge_returns_monotonic_watermark_and_410_for_stale_cursors" computerName="LAB-WIN-01" duration="00:00:01.6862455" startTime="2026-08-12T23:14:53.3678298+08:00" endTime="2026-08-12T23:14:53.3678300+08:00" testType="13cdc9d9-ddb5-4fa4-a97d-d965ccfc6d4b" outcome="Passed" testListId="8c84fa94-04c1-424b-9868-57a2d4851a1d" relativeResultsDirectory="980c145b-4c98-4b65-8c9d-dcd9593f5450" />
    <UnitTestResult executionId="567b6506-e0cf-42a5-bee4-da9afd53ce25" testId="6fc6d92d-2487-d01c-a213-dd31a208b6b9" testName="MesIngest.Tests.DemandListPagingTieBreakTests.QueryPage_desc_identical_primary_covers_all_allow_list_columns(sortBy: Package)" computerName="LAB-WIN-01" duration="00:00:00.0002408" startTime="2026-08-12T23:14:51.9396251+08:00" endTime="2026-08-12T23:14:51.9396252+08:00" testType="13cdc9d9-ddb5-4fa4-a97d-d965ccfc6d4b" outcome="Passed" testListId="8c84fa94-04c1-424b-9868-57a2d4851a1d" relativeResultsDirectory="567b6506-e0cf-42a5-bee4-da9afd53ce25" />
    <UnitTestResult executionId="1446a18c-46f8-4361-bad9-daa051b8f436" testId="46b8fa4e-7f32-65c7-10fe-e97606ac97c1" testName="MesIngest.Tests.WatchBannerProjectionTests.Not_ready_is_error_severity_red" computerName="LAB-WIN-01" duration="00:00:00.0002940" startTime="2026-08-12T23:14:51.7597755+08:00" endTime="2026-08-12T23:14:51.7597756+08:00" testType="13cdc9d9-ddb5-4fa4-a97d-d965ccfc6d4b" outcome="Passed" testListId="8c84fa94-04c1-424b-9868-57a2d4851a1d" relativeResultsDirectory="1446a18c-46f8-4361-bad9-daa051b8f436" />
    <UnitTestResult executionId="f553dc1a-7e7c-45da-8e0d-689c7451918a" testId="cd589942-3142-a7cf-3996-567baf338341" testName="MesIngest.Tests.WatchLayoutPreferencesTests.Incompatible_or_out_of_bounds_layout_falls_back_atomically(json: &quot;{\&quot;version\&quot;:99,\&quot;windowWidth\&quot;:1440,\&quot;windowHeigh&quot;...)" computerName="LAB-WIN-01" duration="00:00:00.0211771" startTime="2026-08-12T23:14:52.0001932+08:00" endTime="2026-08-12T23:14:52.0001935+08:00" testType="13cdc9d9-ddb5-4fa4-a97d-d965ccfc6d4b" outcome="Passed" testListId="8c84fa94-04c1-424b-9868-57a2d4851a1d" relativeResultsDirectory="f553dc1a-7e7c-45da-8e0d-689c7451918a" />
    <UnitTestResult executionId="13dc35a4-9386-4f27-99b0-1b5fe1151a21" testId="7d52d1f7-7dcc-6eda-1917-af01c0c4e9eb" testName="MesIngest.Tests.DemandListPagingTieBreakTests.QueryPage_asc_and_desc_cover_same_ids_for_dates_and_taskType" computerName="LAB-WIN-01" duration="00:00:00.0030299" startTime="2026-08-12T23:14:51.9573439+08:00" endTime="2026-08-12T23:14:51.9573441+08:00" testType="13cdc9d9-ddb5-4fa4-a97d-d965ccfc6d4b" outcome="Passed" testListId="8c84fa94-04c1-424b-9868-57a2d4851a1d" relativeResultsDirectory="13dc35a4-9386-4f27-99b0-1b5fe1151a21" />
    <UnitTestResult executionId="3c1dbb9c-4933-4218-b623-e9565cd0d2c7" testId="c5ff29b7-fa25-b2b2-74b0-1fc0ac5bf1ad" testName="MesIngest.Tests.AlertDetailsProjectionTests.Unparseable_or_legacy_details_yield_legacy_summary_not_crash" computerName="LAB-WIN-01" duration="00:00:00.0014061" startTime="2026-08-12T23:14:51.9016344+08:00" endTime="2026-08-12T23:14:51.9016345+08:00" testType="13cdc9d9-ddb5-4fa4-a97d-d965ccfc6d4b" outcome="Passed" testListId="8c84fa94-04c1-424b-9868-57a2d4851a1d" relativeResultsDirectory="3c1dbb9c-4933-4218-b623-e9565cd0d2c7" />
    <UnitTestResult executionId="ed4e150d-5ab1-48b7-8579-1a7816df040d" testId="48379326-d99d-c8c3-3bb6-bb3e7756ea3e" testName="MesIngest.Tests.AlertIncidentSyncTests.Resolved_incidents_past_retention_are_purged_active_never" computerName="LAB-WIN-01" duration="00:00:00.0013247" startTime="2026-08-12T23:14:51.7874482+08:00" endTime="2026-08-12T23:14:51.7874483+08:00" testType="13cdc9d9-ddb5-4fa4-a97d-d965ccfc6d4b" outcome="Passed" testListId="8c84fa94-04c1-424b-9868-57a2d4851a1d" relativeResultsDirectory="ed4e150d-5ab1-48b7-8579-1a7816df040d" />
    <UnitTestResult executionId="c9ff59a8-d15b-4303-9b5f-86af830276ad" testId="603468ee-6aaf-e740-488a-e370277d2190" testName="MesIngest.Tests.IngestRoundRunnerTests.Failed_or_incomplete_round_does_not_consume_restart_barrier" computerName="LAB-WIN-01" duration="00:00:00.0018463" startTime="2026-08-12T23:14:52.5570585+08:00" endTime="2026-08-12T23:14:52.5570588+08:00" testType="13cdc9d9-ddb5-4fa4-a97d-d965ccfc6d4b" outcome="Passed" testListId="8c84fa94-04c1-424b-9868-57a2d4851a1d" relativeResultsDirectory="c9ff59a8-d15b-4303-9b5f-86af830276ad" />
    <UnitTestResult executionId="825330d5-e3f1-4937-82b0-f0dc5abc9c51" testId="2c47651d-25cb-0639-0be0-cf6817d4c35a" testName="MesIngest.Tests.OracleMesSnapshotSourceTests.Empty_task_type_returns_incomplete" computerName="LAB-WIN-01" duration="00:00:00.0633861" startTime="2026-08-12T23:14:53.3937609+08:00" endTime="2026-08-12T23:14:53.3937612+08:00" testType="13cdc9d9-ddb5-4fa4-a97d-d965ccfc6d4b" outcome="Passed" testListId="8c84fa94-04c1-424b-9868-57a2d4851a1d" relativeResultsDirectory="825330d5-e3f1-4937-82b0-f0dc5abc9c51" />
    <UnitTestResult executionId="71b50668-ff4a-4f04-a142-15f3cdda010a" testId="8449b1ce-b7f5-600a-716e-6571b522cb4d" testName="MesIngest.Tests.WatchOverviewStateTests.Partial_failure_keeps_failed_card_and_commits_other_resources" computerName="LAB-WIN-01" duration="00:00:00.0034757" startTime="2026-08-12T23:14:52.5313708+08:00" endTime="2026-08-12T23:14:52.5313711+08:00" testType="13cdc9d9-ddb5-4fa4-a97d-d965ccfc6d4b" outcome="Passed" testListId="8c84fa94-04c1-424b-9868-57a2d4851a1d" relativeResultsDirectory="71b50668-ff4a-4f04-a142-15f3cdda010a" />
    <UnitTestResult executionId="f05de86c-743e-4ccf-8ea4-ae65cd105fc9" testId="333a4a1e-2e14-3d57-23a6-442c5ad5fbb3" testName="MesIngest.Tests.TransportDemandReconcilerTests.Zero_drop_learns_healthy_count_from_successful_round_then_pauses_on_zero" computerName="LAB-WIN-01" duration="00:00:00.0010390" startTime="2026-08-12T23:14:51.8317468+08:00" endTime="2026-08-12T23:14:51.8317469+08:00" testType="13cdc9d9-ddb5-4fa4-a97d-d965ccfc6d4b" outcome="Passed" testListId="8c84fa94-04c1-424b-9868-57a2d4851a1d" relativeResultsDirectory="f05de86c-743e-4ccf-8ea4-ae65cd105fc9" />
    <UnitTestResult executionId="75f6366d-6f3f-4420-be36-29fc465b98a6" testId="36fbd186-52fb-cfd1-78d3-f21af7cd8446" testName="MesIngest.Tests.WatchV2ShellTests.Fluent_title_bar_exposes_keyboard_accessible_system_commands_and_window_states" computerName="LAB-WIN-01" duration="00:00:01.5338908" startTime="2026-08-12T23:14:54.2706398+08:00" endTime="2026-08-12T23:14:54.2706401+08:00" testType="13cdc9d9-ddb5-4fa4-a97d-d965ccfc6d4b" outcome="Passed" testListId="8c84fa94-04c1-424b-9868-57a2d4851a1d" relativeResultsDirectory="75f6366d-6f3f-4420-be36-29fc465b98a6" />
    <UnitTestResult executionId="91b6bf25-891f-4599-bf09-50c14e8174cc" testId="8414ca9b-2214-79b0-5912-d91c1f4c99f4" testName="MesIngest.Tests.WatchOptionsLoaderTests.RefreshSeconds_below_one_normalizes_to_two_once" computerName="LAB-WIN-01" duration="00:00:00.0002279" startTime="2026-08-12T23:14:51.8038105+08:00" endTime="2026-08-12T23:14:51.8038105+08:00" testType="13cdc9d9-ddb5-4fa4-a97d-d965ccfc6d4b" outcome="Passed" testListId="8c84fa94-04c1-424b-9868-57a2d4851a1d" relativeResultsDirectory="91b6bf25-891f-4599-bf09-50c14e8174cc" />
    <UnitTestResult executionId="89f77eab-9236-4742-9b99-9013ef8fb10d" testId="beb1b89f-8e8f-f20c-cc27-59f260cb98a7" testName="MesIngest.Tests.DemandVisibleColumnSortHttpTests.Every_new_visible_demand_column_toggles_asc_then_desc(header: &quot;AREA&quot;, token: &quot;area&quot;)" computerName="LAB-WIN-01" duration="00:00:00.0002794" startTime="2026-08-12T23:14:51.7465324+08:00" endTime="2026-08-12T23:14:51.7465325+08:00" testType="13cdc9d9-ddb5-4fa4-a97d-d965ccfc6d4b" outcome="Passed" testListId="8c84fa94-04c1-424b-9868-57a2d4851a1d" relativeResultsDirectory="89f77eab-9236-4742-9b99-9013ef8fb10d" />
    <UnitTestResult executionId="f5ac6a77-13df-4892-ba9c-64c888b615b8" testId="5a16caac-de29-03a1-774a-e7899e2240fe" testName="MesIngest.Tests.WatchBrowseSessionLiveHostTests.Continuous_load_more_then_preserve_covers_tied_dates_without_gaps" computerName="LAB-WIN-01" duration="00:00:01.8800464" startTime="2026-08-12T23:14:53.5869793+08:00" endTime="2026-08-12T23:14:53.5869794+08:00" testType="13cdc9d9-ddb5-4fa4-a97d-d965ccfc6d4b" outcome="Passed" testListId="8c84fa94-04c1-424b-9868-57a2d4851a1d" relativeResultsDirectory="f5ac6a77-13df-4892-ba9c-64c888b615b8" />
    <UnitTestResult executionId="7700bd0e-cd47-485c-ad67-7344a29eabf1" testId="e84d7ec1-1be9-031d-9a93-d68540832fc8" testName="MesIngest.Tests.MainWindowStartupTests.MainWindow_close_persists_current_pane_ratio" computerName="LAB-WIN-01" duration="00:00:00.4804544" startTime="2026-08-12T23:14:56.0277882+08:00" endTime="2026-08-12T23:14:56.0277884+08:00" testType="13cdc9d9-ddb5-4fa4-a97d-d965ccfc6d4b" outcome="Passed" testListId="8c84fa94-04c1-424b-9868-57a2d4851a1d" relativeResultsDirectory="7700bd0e-cd47-485c-ad67-7344a29eabf1" />
    <UnitTestResult executionId="632fd785-2f2e-46a9-82bf-c9808e23fed1" testId="108f7663-b9c0-22c3-40d1-eb354afd0111" testName="MesIngest.Tests.LatencyTelemetryTests.Watch_success_survives_throwing_latency_telemetry" computerName="LAB-WIN-01" duration="00:00:00.0017069" startTime="2026-08-12T23:14:51.9060514+08:00" endTime="2026-08-12T23:14:51.9060514+08:00" testType="13cdc9d9-ddb5-4fa4-a97d-d965ccfc6d4b" outcome="Passed" testListId="8c84fa94-04c1-424b-9868-57a2d4851a1d" relativeResultsDirectory="632fd785-2f2e-46a9-82bf-c9808e23fed1" />
    <UnitTestResult executionId="e202c212-6571-4b0f-91fe-ef29efec5283" testId="2919a871-7d2d-db21-e01c-ac5f4b0e7b55" testName="MesIngest.Tests.WatchLocalLogFailureIsolationTests.Successful_HTTP_refresh_and_connection_event_append_ignore_a_stalled_log_worker" computerName="LAB-WIN-01" duration="00:00:00.4084721" startTime="2026-08-12T23:14:52.3061571+08:00" endTime="2026-08-12T23:14:52.3061573+08:00" testType="13cdc9d9-ddb5-4fa4-a97d-d965ccfc6d4b" outcome="Passed" testListId="8c84fa94-04c1-424b-9868-57a2d4851a1d" relativeResultsDirectory="e202c212-6571-4b0f-91fe-ef29efec5283" />
    <UnitTestResult executionId="5ec26a24-efbd-41cc-b719-f42e0f3d2d04" testId="9aad0389-889c-5346-4c79-5d748b3503e5" testName="MesIngest.Tests.OracleMesSnapshotSourceTests.Executor_exception_propagates_for_runner_failure_mapping" computerName="LAB-WIN-01" duration="00:00:00.0283383" startTime="2026-08-12T23:14:53.3264975+08:00" endTime="2026-08-12T23:14:53.3264978+08:00" testType="13cdc9d9-ddb5-4fa4-a97d-d965ccfc6d4b" outcome="Passed" testListId="8c84fa94-04c1-424b-9868-57a2d4851a1d" relativeResultsDirectory="5ec26a24-efbd-41cc-b719-f42e0f3d2d04" />
    <UnitTestResult executionId="dbe609af-3287-41fd-8506-7b8dd1d2fbf4" testId="8b884b35-5a04-a018-781c-38a0e58044f0" testName="MesIngest.Tests.OpenApiContractTests.Static_pack_openapi_matches_expected_paths_security_and_is_staged_by_publish" computerName="LAB-WIN-01" duration="00:00:00.0034168" startTime="2026-08-12T23:14:54.1011720+08:00" endTime="2026-08-12T23:14:54.1011723+08:00" testType="13cdc9d9-ddb5-4fa4-a97d-d965ccfc6d4b" outcome="Passed" testListId="8c84fa94-04c1-424b-9868-57a2d4851a1d" relativeResultsDirectory="dbe609af-3287-41fd-8506-7b8dd1d2fbf4" />
    <UnitTestResult executionId="a6a3fe77-6bcb-4006-ad4c-4a44fe78349c" testId="4aa5c8d4-8cf2-8bb2-cfe1-9d33686c2260" testName="MesIngest.Tests.WatchHostSessionTests.Applying_new_host_cancels_and_permanently_ignores_old_host_completion" computerName="LAB-WIN-01" duration="00:00:00.5061765" startTime="2026-08-12T23:14:52.3534739+08:00" endTime="2026-08-12T23:14:52.3534740+08:00" testType="13cdc9d9-ddb5-4fa4-a97d-d965ccfc6d4b" outcome="Passed" testListId="8c84fa94-04c1-424b-9868-57a2d4851a1d" relativeResultsDirectory="a6a3fe77-6bcb-4006-ad4c-4a44fe78349c" />
    <UnitTestResult executionId="00b4ecb7-f671-4073-a6ce-ed68512f8dcb" testId="2a18660d-d87d-e2d7-c5ea-467d6bedd8e1" testName="MesIngest.Tests.TransportDemandReconcilerTests.Second_successful_snapshot_does_not_overwrite_frozen_fields_for_still_visible_key" computerName="LAB-WIN-01" duration="00:00:00.0146735" startTime="2026-08-12T23:14:51.8271506+08:00" endTime="2026-08-12T23:14:51.8271509+08:00" testType="13cdc9d9-ddb5-4fa4-a97d-d965ccfc6d4b" outcome="Passed" testListId="8c84fa94-04c1-424b-9868-57a2d4851a1d" relativeResultsDirectory="00b4ecb7-f671-4073-a6ce-ed68512f8dcb" />
[...]
      Now listening on: http://127.0.0.1:5088&#xD;
info: MesIngest.Latency[0]&#xD;
      correlationId=ff4437fa845d402f9aa25be67a5574d0 component=SqlServer stage=SQL_QUERY elapsedMs=0 rowCount=0&#xD;
info: MesIngest.Latency[0]&#xD;
      correlationId=ff4437fa845d402f9aa25be67a5574d0 component=SqlServer stage=SQL_QUERY elapsedMs=0 rowCount=2&#xD;
info: MesIngest.Latency[0]&#xD;
      correlationId=ff4437fa845d402f9aa25be67a5574d0 component=Host stage=HTTP_OK elapsedMs=19 endpoint=/api/demands statusCode=200&#xD;
info: MesIngest.Latency[0]&#xD;
      correlationId=22d6492bf1f54ff9ae842776f95de33d component=SqlServer stage=SQL_QUERY elapsedMs=0 rowCount=1&#xD;
info: MesIngest.Latency[0]&#xD;
      correlationId=22d6492bf1f54ff9ae842776f95de33d component=SqlServer stage=SQL_QUERY elapsedMs=0 rowCount=0&#xD;
info: MesIngest.Latency[0]&#xD;
      correlationId=22d6492bf1f54ff9ae842776f95de33d component=Host stage=HTTP_OK elapsedMs=1 endpoint=/api/demands/b81e0de6e62b4be5b8bec5dbde8d4f00 statusCode=200&#xD;
info: MesIngest.Latency[0]&#xD;
      correlationId=91cc5286a8864e378a00396e28a91075 component=SqlServer stage=SQL_QUERY elapsedMs=0 rowCount=0&#xD;
info: MesIngest.Latency[0]&#xD;
      correlationId=91cc5286a8864e378a00396e28a91075 component=Host stage=HTTP_STATUS elapsedMs=1 endpoint=/api/demands/does-not-exist statusCode=404&#xD;
info: MesIngest.Latency[0]&#xD;
      correlationId=a50be57fd3e14d19adbd0c99b9e219d6 component=Host stage=HTTP_OK elapsedMs=30 endpoint=/api/alerts statusCode=200&#xD;
info: MesIngest.Latency[0]&#xD;
      correlationId=a328adc0e0d1487c960156e37f39b253 component=Host stage=HTTP_OK elapsedMs=1 endpoint=/api/alerts statusCode=200&#xD;
info: MesIngest.Latency[0]&#xD;
      correlationId=fa940fa46f234606a8d5a3f403ac9fdd component=Host stage=HTTP_OK elapsedMs=0 endpoint=/api/alerts statusCode=200&#xD;
info: MesIngest.Host.PollHostedService[0]&#xD;
      Continuous poll disabled; PollHostedService idle.&#xD;
info: Microsoft.Hosting.Lifetime[14]&#xD;
      Now listening on: http://127.0.0.1:5088&#xD;
info: MesIngest.Host.PollHostedService[0]&#xD;
      Continuous poll disabled; PollHostedService idle.&#xD;
info: Microsoft.Hosting.Lifetime[14]&#xD;
      Now listening on: http://127.0.0.1:5088&#xD;
info: MesIngest.Latency[0]&#xD;
      correlationId=f48b0018808d4c628684ed1723dc1e20 component=Host stage=HTTP_OK elapsedMs=2 endpoint=/api/poll-health statusCode=200&#xD;
info: MesIngest.Latency[0]&#xD;
      correlationId=0e43b6d90df5415f88adafeea062f05c component=Host stage=HTTP_OK elapsedMs=5 endpoint=/api/alerts statusCode=200&#xD;
info: MesIngest.Latency[0]&#xD;
      correlationId=f6e10a51d7454100959f40a45eae99ed component=Host stage=HTTP_OK elapsedMs=0 endpoint=/api/alerts statusCode=200&#xD;
info: MesIngest.Latency[0]&#xD;
      correlationId=dc9c5b1302dc4ba2a8274f2624d34801 component=Host stage=HTTP_OK elapsedMs=1 endpoint=/api/alerts statusCode=200&#xD;
info: MesIngest.Host.PollHostedService[0]&#xD;
      Continuous poll disabled; PollHostedService idle.&#xD;
info: Microsoft.Hosting.Lifetime[14]&#xD;
      Now listening on: http://127.0.0.1:5088&#xD;
info: MesIngest.Latency[0]&#xD;
      correlationId=8067eeb9300e4b5192b07bdcb5a335bb component=Host stage=HTTP_OK elapsedMs=2 endpoint=/api/alerts statusCode=200&#xD;
info: MesIngest.Latency[0]&#xD;
      correlationId=33c8bc1fde7941f8a709faf8acf31036 component=Host stage=HTTP_OK elapsedMs=0 endpoint=/api/alerts statusCode=200&#xD;
info: MesIngest.Latency[0]&#xD;
      correlationId=60c1782bd6d94e39be426af1ff29a655 component=Host stage=HTTP_OK elapsedMs=0 endpoint=/api/alerts statusCode=200&#xD;
info: MesIngest.Host.PollHostedService[0]&#xD;
      Continuous poll disabled; PollHostedService idle.&#xD;
info: Microsoft.Hosting.Lifetime[14]&#xD;
      Now listening on: http://127.0.0.1:5088&#xD;
info: MesIngest.Latency[0]&#xD;
      correlationId=c69d055596634f3abca90b94b5b85ed6 component=Host stage=HTTP_OK elapsedMs=2 endpoint=/api/alerts statusCode=200&#xD;
info: MesIngest.Latency[0]&#xD;
      correlationId=3762258915364d418429f3495c8ab65b component=Host stage=HTTP_OK elapsedMs=0 endpoint=/api/alerts statusCode=200&#xD;
info: MesIngest.Latency[0]&#xD;
      correlationId=1b93649a46db4ab4878f75704497d5cf component=Host stage=HTTP_OK elapsedMs=1 endpoint=/api/alerts statusCode=200&#xD;
info: MesIngest.Host.PollHostedService[0]&#xD;
      Continuous poll disabled; PollHostedService idle.&#xD;
info: Microsoft.Hosting.Lifetime[14]&#xD;
      Now listening on: http://127.0.0.1:5088&#xD;
info: MesIngest.Latency[0]&#xD;
      correlationId=48e6596bb4964992941cdf223d170b62 component=Host stage=HTTP_OK elapsedMs=2 endpoint=/api/alerts statusCode=200&#xD;
info: MesIngest.Latency[0]&#xD;
      correlationId=81e6afc6c6294532b13f8e201fdf37ab component=Host stage=HTTP_OK elapsedMs=1 endpoint=/api/alerts statusCode=200&#xD;
info: MesIngest.Latency[0]&#xD;
      correlationId=4d7eeeeb239448598e25b64c12c2efe7 component=Host stage=HTTP_OK elapsedMs=1 endpoint=/api/alerts statusCode=200&#xD;
info: MesIngest.Host.PollHostedService[0]&#xD;
      Continuous poll disabled; PollHostedService idle.&#xD;
info: Microsoft.Hosting.Lifetime[14]&#xD;
      Now listening on: http://127.0.0.1:5088&#xD;
info: MesIngest.Latency[0]&#xD;
      correlationId=441cc68f410646dd89dfe5f8b18ac2d9 component=Host stage=HTTP_OK elapsedMs=2 endpoint=/api/alerts statusCode=200&#xD;
info: MesIngest.Latency[0]&#xD;
      correlationId=f4d9c3e6704d40209d5e32390948d8ac component=Host stage=HTTP_OK elapsedMs=1 endpoint=/api/alerts statusCode=200&#xD;
info: MesIngest.Latency[0]&#xD;
      correlationId=fee5bf35cc274497b8d8a4e941ec8bae component=Host stage=HTTP_OK elapsedMs=1 endpoint=/api/alerts statusCode=200&#xD;
info: MesIngest.Host.PollHostedService[0]&#xD;
      Continuous poll disabled; PollHostedService idle.&#xD;
info: Microsoft.Hosting.Lifetime[14]&#xD;
      Now listening on: http://127.0.0.1:5088&#xD;
info: MesIngest.Latency[0]&#xD;
      correlationId=c49129e7e8214ff29ee0c3db4f43a95e component=Host stage=HTTP_OK elapsedMs=1 endpoint=/api/alerts statusCode=200&#xD;
info: MesIngest.Latency[0]&#xD;
      correlationId=3a467e6544eb4eb58b645b1807ab7fd0 component=Host stage=HTTP_OK elapsedMs=1 endpoint=/api/alerts statusCode=200&#xD;
info: MesIngest.Latency[0]&#xD;
      correlationId=eb337a81368d4b879558eb54106b58a7 component=Host stage=HTTP_OK elapsedMs=1 endpoint=/api/alerts statusCode=200&#xD;
[xUnit.net 00:00:27.52]       Caption mouse drag did not move the window&#xD;
[xUnit.net 00:00:27.52]       Expected: True&#xD;
[xUnit.net 00:00:27.52]       Actual:   False&#xD;
[xUnit.net 00:00:27.52]       Stack Trace:&#xD;
[xUnit.net 00:00:27.52]         C:\Users\szy\Desktop\8005---AGV\mes\ingest\csharp\MesIngest.Tests\MainWindowUiAutomationTests.cs(133,0): at MesIngest.Tests.MainWindowUiAutomationTests.Fluent_title_bar_supports_uia_keyboard_double_click_and_mouse_drag()&#xD;
[xUnit.net 00:00:27.52]            at System.RuntimeMethodHandle.InvokeMethod(Object target, Void** arguments, Signature sig, Boolean isConstructor)&#xD;
[xUnit.net 00:00:27.52]            at System.Reflection.MethodBaseInvoker.InvokeWithNoArgs(Object obj, BindingFlags invokeAttr)&#xD;
[xUnit.net 00:00:28.35]       Real SQL Server unavailable for Ticket 01 tracer-spine gate&#xD;
[xUnit.net 00:00:28.35]       Real SQL Server unavailable for Ticket 01 tracer-spine gate&#xD;
[xUnit.net 00:00:28.35]       Real SQL Server unavailable for Ticket 01 tracer-spine gate&#xD;
[xUnit.net 00:00:28.35]       SQL Server unavailable (set MES_INGEST_SQLSERVER or enable LocalDB)&#xD;
[xUnit.net 00:00:28.35]       SQL Server unavailable (set MES_INGEST_SQLSERVER or enable LocalDB)&#xD;
[xUnit.net 00:00:28.35]       SQL Server unavailable (set MES_INGEST_SQLSERVER or enable LocalDB)&#xD;
[xUnit.net 00:00:28.35]       SQL Server unavailable (set MES_INGEST_SQLSERVER or enable LocalDB)&#xD;
[xUnit.net 00:00:28.35]       SQL Server unavailable (set MES_INGEST_SQLSERVER or enable LocalDB)&#xD;
Test 'MesIngest.Tests.NewSuccessRoundTracerSpineTests.First_success_round_is_read_back_with_atomic_series_demand_and_round_evidence' was skipped in the test run.&#xD;
Test 'MesIngest.Tests.NewSuccessRoundTracerSpineTests.Restarted_host_reads_the_same_persisted_projection' was skipped in the test run.&#xD;
Test 'MesIngest.Tests.NewSuccessRoundTracerSpineTests.Equivalent_success_round_preserves_identity_and_does_not_append_business_events' was skipped in the test run.&#xD;
Test 'MesIngest.Tests.SchemaUpgradeTests.EnsureSchema_never_drops_or_truncates_transport_demands' was skipped in the test run.&#xD;
Test 'MesIngest.Tests.SchemaUpgradeTests.Mid_upgrade_failure_leaves_no_half_migration_and_recovers_on_rerun' was skipped in the test run.&#xD;
Test 'MesIngest.Tests.SchemaUpgradeTests.Upgrading_phase1_schema_preserves_demands_pauses_alerts_and_poll_health' was skipped in the test run.&#xD;
Test 'MesIngest.Tests.SqlServerReadApiPersistenceTests.Http_reads_projection_alerts_and_health_after_store_restart' was skipped in the test run.&#xD;
Test 'MesIngest.Tests.SqlServerTransportDemandStoreTests.Persisted_demands_and_pauses_are_readable_after_new_store_instance' was skipped in the test run.&#xD;
[xUnit.net 00:00:28.35]       SQL Server unavailable (set MES_INGEST_SQLSERVER or enable LocalDB)&#xD;
[xUnit.net 00:00:28.35]       SQL Server unavailable (set MES_INGEST_SQLSERVER or enable LocalDB)&#xD;
[xUnit.net 00:00:28.35]       SQL Server unavailable (set MES_INGEST_SQLSERVER or enable LocalDB)&#xD;
[xUnit.net 00:00:28.35]       SQL Server unavailable (set MES_INGEST_SQLSERVER or enable LocalDB)&#xD;
[xUnit.net 00:00:28.35]       SQL Server unavailable (set MES_INGEST_SQLSERVER or enable LocalDB)&#xD;
[xUnit.net 00:00:28.35]       SQL Server unavailable (set MES_INGEST_SQLSERVER or enable LocalDB)&#xD;
[xUnit.net 00:00:28.35]       SQL Server unavailable (set MES_INGEST_SQLSERVER or enable LocalDB)&#xD;
[xUnit.net 00:00:28.35]       SQL Server unavailable (set MES_INGEST_SQLSERVER or enable LocalDB)&#xD;
[xUnit.net 00:00:28.35]       SQL Server unavailable (set MES_INGEST_SQLSERVER or enable LocalDB)&#xD;
Test 'MesIngest.Tests.SqlServerTransportDemandStoreTests.Change_feed_full_purge_keeps_monotonic_watermark_and_expires_stale_cursors' was skipped in the test run.&#xD;
Test 'MesIngest.Tests.SqlServerTransportDemandStoreTests.Query_page_desc_with_tied_primary_values_has_no_gap_or_dup' was skipped in the test run.&#xD;
Test 'MesIngest.Tests.SqlServerTransportDemandStoreTests.Persisted_alerts_and_poll_health_are_readable_after_new_store_instance' was skipped in the test run.&#xD;
Test 'MesIngest.Tests.SqlServerTransportDemandStoreTests.ReplaceState_commits_projection_and_alerts_atomically' was skipped in the test run.&#xD;
Test 'MesIngest.Tests.SqlServerTransportDemandStoreTests.ReplaceState_does_not_rewrite_unchanged_resolved_alert_history' was skipped in the test run.&#xD;
Test 'MesIngest.Tests.SqlServerTransportDemandStoreTests.Query_page_desc_page_boundary_inside_tie_group_has_no_gap_or_dup' was skipped in the test run.&#xD;
Test 'MesIngest.Tests.SqlServerTransportDemandStoreTests.ReplaceState_writes_only_changed_rows_and_leaves_gone_immutable' was skipped in the test run.&#xD;
Test 'MesIngest.Tests.SqlServerTransportDemandStoreTests.Query_page_uses_read_path_indexes_and_keyset_pagination' was skipped in the test run.&#xD;
Test 'MesIngest.Tests.SqlServerTransportDemandStoreTests.Alert_query_pages_new_sort_columns_on_the_shared_contract' was skipped in the test run.&#xD;
[xUnit.net 00:00:28.35]       SQL Server unavailable (set MES_INGEST_SQLSERVER or enable LocalDB)&#xD;
[xUnit.net 00:00:28.35]       SQL Server unavailable (set MES_INGEST_SQLSERVER or enable LocalDB)&#xD;
[xUnit.net 00:00:28.35]       SQL Server unavailable (set MES_INGEST_SQLSERVER or enable LocalDB)&#xD;
[xUnit.net 00:00:28.35]       SQL Server unavailable (set MES_INGEST_SQLSERVER or enable LocalDB)&#xD;
[xUnit.net 00:00:28.35]       SQL Server unavailable (set MES_INGEST_SQLSERVER or enable LocalDB)&#xD;
[xUnit.net 00:00:28.35]   Finished:    MesIngest.Tests&#xD;
Test 'MesIngest.Tests.SqlServerTransportDemandStoreTests.ReplaceState_is_atomic_across_demand_and_pause_writes' was skipped in the test run.&#xD;
Test 'MesIngest.Tests.SqlServerTransportDemandStoreTests.Gone_history_lookup_uses_ordinal_transport_demand_key_equality' was skipped in the test run.&#xD;
Test 'MesIngest.Tests.SqlServerTransportDemandStoreTests.Query_page_new_visible_columns_cover_nulls_ties_and_both_directions' was skipped in the test run.&#xD;
Test 'MesIngest.Tests.SqlServerTransportDemandStoreTests.Change_feed_survives_host_store_restart_and_purges_expired_entries' was skipped in the test run.&#xD;
Test 'MesIngest.Tests.SqlServerTransportDemandStoreTests.ReplaceState_appends_change_feed_in_same_transaction_for_created_and_gone' was skipped in the test run.&#xD;
</StdOut>
    </Output>
    <RunInfos>
      <RunInfo computerName="LAB-WIN-01" outcome="Error" timestamp="2026-08-12T23:14:52.5993314+08:00">
        <Text>[xUnit.net 00:00:19.84]     MesIngest.Tests.LatencyTelemetryTests.Watch_latency_file_telemetry_enforces_log_retention_by_age [FAIL]</Text>
      </RunInfo>
      <RunInfo computerName="LAB-WIN-01" outcome="Error" timestamp="2026-08-12T23:15:00.2719597+08:00">
        <Text>[xUnit.net 00:00:27.52]     MesIngest.Tests.MainWindowUiAutomationTests.Fluent_title_bar_supports_uia_keyboard_double_click_and_mouse_drag [FAIL]</Text>
      </RunInfo>
      <RunInfo computerName="LAB-WIN-01" outcome="Warning" timestamp="2026-08-12T23:15:01.1010881+08:00">
        <Text>[xUnit.net 00:00:28.34]     MesIngest.Tests.NewSuccessRoundTracerSpineTests.First_success_round_is_read_back_with_atomic_series_demand_and_round_evidence [SKIP]</Text>
      </RunInfo>
      <RunInfo computerName="LAB-WIN-01" outcome="Warning" timestamp="2026-08-12T23:15:01.1029463+08:00">
        <Text>[xUnit.net 00:00:28.35]     MesIngest.Tests.NewSuccessRoundTracerSpineTests.Restarted_host_reads_the_same_persisted_projection [SKIP]</Text>
      </RunInfo>
      <RunInfo computerName="LAB-WIN-01" outcome="Warning" timestamp="2026-08-12T23:15:01.1031748+08:00">
        <Text>[xUnit.net 00:00:28.35]     MesIngest.Tests.NewSuccessRoundTracerSpineTests.Equivalent_success_round_preserves_identity_and_does_not_append_business_events [SKIP]</Text>
      </RunInfo>
      <RunInfo computerName="LAB-WIN-01" outcome="Warning" timestamp="2026-08-12T23:15:01.1033910+08:00">
        <Text>[xUnit.net 00:00:28.35]     MesIngest.Tests.SchemaUpgradeTests.EnsureSchema_never_drops_or_truncates_transport_demands [SKIP]</Text>
      </RunInfo>
      <RunInfo computerName="LAB-WIN-01" outcome="Warning" timestamp="2026-08-12T23:15:01.1035504+08:00">
        <Text>[xUnit.net 00:00:28.35]     MesIngest.Tests.SchemaUpgradeTests.Mid_upgrade_failure_leaves_no_half_migration_and_recovers_on_rerun [SKIP]</Text>
      </RunInfo>
      <RunInfo computerName="LAB-WIN-01" outcome="Warning" timestamp="2026-08-12T23:15:01.1037990+08:00">
        <Text>[xUnit.net 00:00:28.35]     MesIngest.Tests.SchemaUpgradeTests.Upgrading_phase1_schema_preserves_demands_pauses_alerts_and_poll_health [SKIP]</Text>
      </RunInfo>
      <RunInfo computerName="LAB-WIN-01" outcome="Warning" timestamp="2026-08-12T23:15:01.1039987+08:00">
        <Text>[xUnit.net 00:00:28.35]     MesIngest.Tests.SqlServerReadApiPersistenceTests.Http_reads_projection_alerts_and_health_after_store_restart [SKIP]</Text>
      </RunInfo>
      <RunInfo computerName="LAB-WIN-01" outcome="Warning" timestamp="2026-08-12T23:15:01.1042214+08:00">
        <Text>[xUnit.net 00:00:28.35]     MesIngest.Tests.SqlServerTransportDemandStoreTests.Persisted_demands_and_pauses_are_readable_after_new_store_instance [SKIP]</Text>
      </RunInfo>
      <RunInfo computerName="LAB-WIN-01" outcome="Warning" timestamp="2026-08-12T23:15:01.1074506+08:00">
        <Text>[xUnit.net 00:00:28.35]     MesIngest.Tests.SqlServerTransportDemandStoreTests.Change_feed_full_purge_keeps_monotonic_watermark_and_expires_stale_cursors [SKIP]</Text>
      </RunInfo>
      <RunInfo computerName="LAB-WIN-01" outcome="Warning" timestamp="2026-08-12T23:15:01.1074743+08:00">
        <Text>[xUnit.net 00:00:28.35]     MesIngest.Tests.SqlServerTransportDemandStoreTests.Query_page_desc_with_tied_primary_values_has_no_gap_or_dup [SKIP]</Text>
      </RunInfo>
      <RunInfo computerName="LAB-WIN-01" outcome="Warning" timestamp="2026-08-12T23:15:01.1075015+08:00">
        <Text>[xUnit.net 00:00:28.35]     MesIngest.Tests.SqlServerTransportDemandStoreTests.Persisted_alerts_and_poll_health_are_readable_after_new_store_instance [SKIP]</Text>
      </RunInfo>
      <RunInfo computerName="LAB-WIN-01" outcome="Warning" timestamp="2026-08-12T23:15:01.1075177+08:00">
        <Text>[xUnit.net 00:00:28.35]     MesIngest.Tests.SqlServerTransportDemandStoreTests.ReplaceState_commits_projection_and_alerts_atomically [SKIP]</Text>
      </RunInfo>
      <RunInfo computerName="LAB-WIN-01" outcome="Warning" timestamp="2026-08-12T23:15:01.1075333+08:00">
        <Text>[xUnit.net 00:00:28.35]     MesIngest.Tests.SqlServerTransportDemandStoreTests.ReplaceState_does_not_rewrite_unchanged_resolved_alert_history [SKIP]</Text>
      </RunInfo>
      <RunInfo computerName="LAB-WIN-01" outcome="Warning" timestamp="2026-08-12T23:15:01.1075487+08:00">
        <Text>[xUnit.net 00:00:28.35]     MesIngest.Tests.SqlServerTransportDemandStoreTests.Query_page_desc_page_boundary_inside_tie_group_has_no_gap_or_dup [SKIP]</Text>
      </RunInfo>
      <RunInfo computerName="LAB-WIN-01" outcome="Warning" timestamp="2026-08-12T23:15:01.1075671+08:00">
        <Text>[xUnit.net 00:00:28.35]     MesIngest.Tests.SqlServerTransportDemandStoreTests.ReplaceState_writes_only_changed_rows_and_leaves_gone_immutable [SKIP]</Text>
      </RunInfo>
      <RunInfo computerName="LAB-WIN-01" outcome="Warning" timestamp="2026-08-12T23:15:01.1075832+08:00">
        <Text>[xUnit.net 00:00:28.35]     MesIngest.Tests.SqlServerTransportDemandStoreTests.Query_page_uses_read_path_indexes_and_keyset_pagination [SKIP]</Text>
      </RunInfo>
      <RunInfo computerName="LAB-WIN-01" outcome="Warning" timestamp="2026-08-12T23:15:01.1076003+08:00">
        <Text>[xUnit.net 00:00:28.35]     MesIngest.Tests.SqlServerTransportDemandStoreTests.Alert_query_pages_new_sort_columns_on_the_shared_contract [SKIP]</Text>
      </RunInfo>
      <RunInfo computerName="LAB-WIN-01" outcome="Warning" timestamp="2026-08-12T23:15:01.1230042+08:00">
        <Text>[xUnit.net 00:00:28.35]     MesIngest.Tests.SqlServerTransportDemandStoreTests.ReplaceState_is_atomic_across_demand_and_pause_writes [SKIP]</Text>
      </RunInfo>
      <RunInfo computerName="LAB-WIN-01" outcome="Warning" timestamp="2026-08-12T23:15:01.1230360+08:00">
        <Text>[xUnit.net 00:00:28.35]     MesIngest.Tests.SqlServerTransportDemandStoreTests.Gone_history_lookup_uses_ordinal_transport_demand_key_equality [SKIP]</Text>
      </RunInfo>
      <RunInfo computerName="LAB-WIN-01" outcome="Warning" timestamp="2026-08-12T23:15:01.1230628+08:00">
        <Text>[xUnit.net 00:00:28.35]     MesIngest.Tests.SqlServerTransportDemandStoreTests.Query_page_new_visible_columns_cover_nulls_ties_and_both_directions [SKIP]</Text>
      </RunInfo>
      <RunInfo computerName="LAB-WIN-01" outcome="Warning" timestamp="2026-08-12T23:15:01.1230881+08:00">
        <Text>[xUnit.net 00:00:28.35]     MesIngest.Tests.SqlServerTransportDemandStoreTests.Change_feed_survives_host_store_restart_and_purges_expired_entries [SKIP]</Text>
      </RunInfo>
      <RunInfo computerName="LAB-WIN-01" outcome="Warning" timestamp="2026-08-12T23:15:01.1231168+08:00">
        <Text>[xUnit.net 00:00:28.35]     MesIngest.Tests.SqlServerTransportDemandStoreTests.ReplaceState_appends_change_feed_in_same_transaction_for_created_and_gone [SKIP]</Text>
      </RunInfo>
    </RunInfos>
  </ResultSummary>
</TestRun>