<?xml version="1.0" encoding="utf-8"?>
<TestRun id="19e6ebcd-794e-4c6f-83b6-4a00f21d20c7" name="szy@LAB-WIN-01 2026-08-12 22:20:57" runUser="LAB-WIN-01\szy" xmlns="http://microsoft.com/schemas/VisualStudio/TeamTest/2010">
  <Times creation="2026-08-12T22:20:57.7003703+08:00" queuing="2026-08-12T22:20:57.7003705+08:00" start="2026-08-12T22:20:38.0675094+08:00" finish="2026-08-12T22:21:17.0255372+08:00" />
  <TestSettings name="default" id="7195aa51-52a7-418f-a94c-8154da774784">
    <Deployment runDeploymentRoot="szy_LAB-WIN-01_2026-08-12_22_20_57" />
  </TestSettings>
  <Results>
    <UnitTestResult executionId="413945fb-5729-4145-89f0-82c11e0c04df" testId="67dba934-6757-51a1-4b40-821fd4f63db1" testName="MesIngest.Tests.TransportDemandKeyTests.Null_or_blank_components_are_rejected(taskType: &quot;WIRE_TO_GATE&quot;, sublot: &quot;&quot;)" computerName="LAB-WIN-01" duration="00:00:00.0002200" startTime="2026-08-12T22:20:57.7728937+08:00" endTime="2026-08-12T22:20:57.7728939+08:00" testType="13cdc9d9-ddb5-4fa4-a97d-d965ccfc6d4b" outcome="Passed" testListId="8c84fa94-04c1-424b-9868-57a2d4851a1d" relativeResultsDirectory="413945fb-5729-4145-89f0-82c11e0c04df" />
    <UnitTestResult executionId="cee3a8a3-c37a-4e0d-9d35-a30789cd7543" testId="ef80b444-85f0-9b3c-50b8-6ebd4bbea04a" testName="MesIngest.Tests.WatchDemandBrowseTests.Client_parses_demand_page_envelope_and_sends_browse_query" computerName="LAB-WIN-01" duration="00:00:00.0047450" startTime="2026-08-12T22:20:59.5642254+08:00" endTime="2026-08-12T22:20:59.5642257+08:00" testType="13cdc9d9-ddb5-4fa4-a97d-d965ccfc6d4b" outcome="Passed" testListId="8c84fa94-04c1-424b-9868-57a2d4851a1d" relativeResultsDirectory="cee3a8a3-c37a-4e0d-9d35-a30789cd7543" />
    <UnitTestResult executionId="5c76a604-ed1a-4d31-8e2e-a3ad25be1901" testId="ff3ca065-4962-ec19-5d18-2749d4ecd78f" testName="MesIngest.Tests.AlertVisibleColumnSortHttpTests.Host_pages_all_visible_alert_columns_without_gaps_or_duplicates(sortBy: &quot;alertId&quot;, direction: &quot;asc&quot;, expectedAlertIds: [&quot;a1&quot;, &quot;a2&quot;, &quot;a3&quot;, &quot;a4&quot;, &quot;a5&quot;])" computerName="LAB-WIN-01" duration="00:00:01.7453612" startTime="2026-08-12T22:20:59.3651200+08:00" endTime="2026-08-12T22:20:59.3651202+08:00" testType="13cdc9d9-ddb5-4fa4-a97d-d965ccfc6d4b" outcome="Passed" testListId="8c84fa94-04c1-424b-9868-57a2d4851a1d" relativeResultsDirectory="5c76a604-ed1a-4d31-8e2e-a3ad25be1901" />
    <UnitTestResult executionId="93632c6a-1436-4db7-9929-f89966d2a841" testId="c81a6747-4c91-2bc7-1527-1ac9e7c24dce" testName="MesIngest.Tests.AlertDetailWindowActionTests.Reappear_detail_loads_complete_previous_and_new_demands_and_marks_changed_rows" computerName="LAB-WIN-01" duration="00:00:01.5337310" startTime="2026-08-12T22:20:59.8202257+08:00" endTime="2026-08-12T22:20:59.8202260+08:00" testType="13cdc9d9-ddb5-4fa4-a97d-d965ccfc6d4b" outcome="Passed" testListId="8c84fa94-04c1-424b-9868-57a2d4851a1d" relativeResultsDirectory="93632c6a-1436-4db7-9929-f89966d2a841" />
    <UnitTestResult executionId="e4e7390a-aee7-4314-8952-e8da5675d33e" testId="2ea76673-1652-899a-ca91-dc48dccbc833" testName="MesIngest.Tests.WatchLocalLogFailureIsolationTests.Unavailable_connection_journal_returns_without_throwing_and_reports_TELEMETRY_IO" computerName="LAB-WIN-01" duration="00:00:00.7736208" startTime="2026-08-12T22:20:59.3379323+08:00" endTime="2026-08-12T22:20:59.3379328+08:00" testType="13cdc9d9-ddb5-4fa4-a97d-d965ccfc6d4b" outcome="Passed" testListId="8c84fa94-04c1-424b-9868-57a2d4851a1d" relativeResultsDirectory="e4e7390a-aee7-4314-8952-e8da5675d33e" />
    <UnitTestResult executionId="00f323ac-6eee-42ae-a2f0-b98526857258" testId="2d6f0400-9f16-c02c-5d05-adcfb4a21ce2" testName="MesIngest.Tests.AlertVisibleColumnSortHttpTests.Host_pages_all_visible_alert_columns_without_gaps_or_duplicates(sortBy: &quot;message&quot;, direction: &quot;desc&quot;, expectedAlertIds: [&quot;a1&quot;, &quot;a4&quot;, &quot;a3&quot;, &quot;a2&quot;, &quot;a5&quot;])" computerName="LAB-WIN-01" duration="00:00:00.0783361" startTime="2026-08-12T22:21:01.6864945+08:00" endTime="2026-08-12T22:21:01.6864948+08:00" testType="13cdc9d9-ddb5-4fa4-a97d-d965ccfc6d4b" outcome="Passed" testListId="8c84fa94-04c1-424b-9868-57a2d4851a1d" relativeResultsDirectory="00f323ac-6eee-42ae-a2f0-b98526857258" />
    <UnitTestResult executionId="513fcf1b-5a9b-46e3-aa88-e642a2f26d06" testId="bef5dd09-286a-9cbc-72ff-74d7fa766fa5" testName="MesIngest.Tests.WatchConnectionPreferencesTests.Corrupt_incompatible_or_unsafe_connection_preferences_fall_back(json: &quot;{ not json&quot;)" computerName="LAB-WIN-01" duration="00:00:00.0287601" startTime="2026-08-12T22:20:57.7197496+08:00" endTime="2026-08-12T22:20:57.7197496+08:00" testType="13cdc9d9-ddb5-4fa4-a97d-d965ccfc6d4b" outcome="Passed" testListId="8c84fa94-04c1-424b-9868-57a2d4851a1d" relativeResultsDirectory="513fcf1b-5a9b-46e3-aa88-e642a2f26d06" />
    <UnitTestResult executionId="563fb1f8-c3ab-4782-a6a7-c31d4a496056" testId="5569e074-d2d5-1087-8889-89fdeb982217" testName="MesIngest.Tests.OracleMesSnapshotSourceTests.Unparseable_dates_returns_incomplete" computerName="LAB-WIN-01" duration="00:00:00.0463411" startTime="2026-08-12T22:20:59.6529619+08:00" endTime="2026-08-12T22:20:59.6529621+08:00" testType="13cdc9d9-ddb5-4fa4-a97d-d965ccfc6d4b" outcome="Passed" testListId="8c84fa94-04c1-424b-9868-57a2d4851a1d" relativeResultsDirectory="563fb1f8-c3ab-4782-a6a7-c31d4a496056" />
    <UnitTestResult executionId="dafd4b41-ad7f-4caf-b98b-4dc90e1fcdce" testId="d9746df0-a996-6d37-9e4d-73e157b4713e" testName="MesIngest.Tests.UnifiedWatchEventTests.FromConnectionEvent_sets_watch_source_label" computerName="LAB-WIN-01" duration="00:00:00.0026971" startTime="2026-08-12T22:20:57.6814154+08:00" endTime="2026-08-12T22:20:57.6814155+08:00" testType="13cdc9d9-ddb5-4fa4-a97d-d965ccfc6d4b" outcome="Passed" testListId="8c84fa94-04c1-424b-9868-57a2d4851a1d" relativeResultsDirectory="dafd4b41-ad7f-4caf-b98b-4dc90e1fcdce" />
    <UnitTestResult executionId="1dc92abd-0053-4d43-8687-04e9aa5b127d" testId="14063586-9737-13a7-4ad8-64bc41973e03" testName="MesIngest.Tests.DemandListPagingTieBreakTests.QueryPage_desc_identical_primary_covers_all_allow_list_columns(sortBy: CreatedAt)" computerName="LAB-WIN-01" duration="00:00:00.0005157" startTime="2026-08-12T22:20:57.8365071+08:00" endTime="2026-08-12T22:20:57.8365071+08:00" testType="13cdc9d9-ddb5-4fa4-a97d-d965ccfc6d4b" outcome="Passed" testListId="8c84fa94-04c1-424b-9868-57a2d4851a1d" relativeResultsDirectory="1dc92abd-0053-4d43-8687-04e9aa5b127d" />
    <UnitTestResult executionId="520acfb9-6622-41ce-9221-366a44ecbdbf" testId="a79dba3f-b7d0-ee4e-d091-4ec8e15c489b" testName="MesIngest.Tests.WatchBannerStateTests.Shows_both_banners_together" computerName="LAB-WIN-01" duration="00:00:00.0002093" startTime="2026-08-12T22:20:57.6832700+08:00" endTime="2026-08-12T22:20:57.6832700+08:00" testType="13cdc9d9-ddb5-4fa4-a97d-d965ccfc6d4b" outcome="Passed" testListId="8c84fa94-04c1-424b-9868-57a2d4851a1d" relativeResultsDirectory="520acfb9-6622-41ce-9221-366a44ecbdbf" />
    <UnitTestResult executionId="ebd1fab6-bb2b-4b7e-a967-190fbebb6c70" testId="1ac5dfdd-b2a6-73f0-a2f9-ac4ab70e23c9" testName="MesIngest.Tests.IngestRoundRunnerTests.Failed_round_appends_poll_failure_alert_without_mutating_projection" computerName="LAB-WIN-01" duration="00:00:00.0013958" startTime="2026-08-12T22:20:58.7206435+08:00" endTime="2026-08-12T22:20:58.7206437+08:00" testType="13cdc9d9-ddb5-4fa4-a97d-d965ccfc6d4b" outcome="Passed" testListId="8c84fa94-04c1-424b-9868-57a2d4851a1d" relativeResultsDirectory="ebd1fab6-bb2b-4b7e-a967-190fbebb6c70" />
    <UnitTestResult executionId="5675373e-cf99-451d-b78b-8b5a27823812" testId="07f91432-a6eb-7732-6298-64f0c7d39f46" testName="MesIngest.Tests.AlertVisibleColumnSortHttpTests.Host_pages_all_visible_alert_columns_without_gaps_or_duplicates(sortBy: &quot;sublot&quot;, direction: &quot;desc&quot;, expectedAlertIds: [&quot;a1&quot;, &quot;a3&quot;, &quot;a4&quot;, &quot;a2&quot;, &quot;a5&quot;])" computerName="LAB-WIN-01" duration="00:00:00.2627075" startTime="2026-08-12T22:21:00.2281609+08:00" endTime="2026-08-12T22:21:00.2281610+08:00" testType="13cdc9d9-ddb5-4fa4-a97d-d965ccfc6d4b" outcome="Passed" testListId="8c84fa94-04c1-424b-9868-57a2d4851a1d" relativeResultsDirectory="5675373e-cf99-451d-b78b-8b5a27823812" />
    <UnitTestResult executionId="37cf1c83-996b-4e36-8bf8-16eb0a758e56" testId="74fa6e70-1ed0-5c44-416b-f1cd376d7742" testName="MesIngest.Tests.WatchConnectionPreferencesTests.Corrupt_incompatible_or_unsafe_connection_preferences_fall_back(json: &quot;{\&quot;version\&quot;:1,\&quot;baseUrl\&quot;:\&quot;http://other\&quot;,\&quot;requ&quot;...)" computerName="LAB-WIN-01" duration="00:00:00.0215212" startTime="2026-08-12T22:20:57.7411484+08:00" endTime="2026-08-12T22:20:57.7411489+08:00" testType="13cdc9d9-ddb5-4fa4-a97d-d965ccfc6d4b" outcome="Passed" testListId="8c84fa94-04c1-424b-9868-57a2d4851a1d" relativeResultsDirectory="37cf1c83-996b-4e36-8bf8-16eb0a758e56" />
    <UnitTestResult executionId="0195993c-1597-4609-accc-b9f4d663d969" testId="d40985e9-e393-5d4e-ba57-34296c56a96b" testName="MesIngest.Tests.AlertDemandNavigationTests.Exact_navigation_reads_id_first_then_commits_actual_status_page_and_selection" computerName="LAB-WIN-01" duration="00:00:00.0027190" startTime="2026-08-12T22:20:57.7633853+08:00" endTime="2026-08-12T22:20:57.7633854+08:00" testType="13cdc9d9-ddb5-4fa4-a97d-d965ccfc6d4b" outcome="Passed" testListId="8c84fa94-04c1-424b-9868-57a2d4851a1d" relativeResultsDirectory="0195993c-1597-4609-accc-b9f4d663d969" />
    <UnitTestResult executionId="21633d9a-ee83-466f-89dd-9e1bf211422f" testId="078cfbca-a827-c0f4-860f-e48426e46d3d" testName="MesIngest.Tests.SqlServerTransportDemandStoreTests.Persisted_demands_and_pauses_are_readable_after_new_store_instance" computerName="LAB-WIN-01" duration="00:00:00.0010000" startTime="2026-08-12T22:21:16.8836592+08:00" endTime="2026-08-12T22:21:16.8836593+08:00" testType="13cdc9d9-ddb5-4fa4-a97d-d965ccfc6d4b" outcome="NotExecuted" testListId="8c84fa94-04c1-424b-9868-57a2d4851a1d" relativeResultsDirectory="21633d9a-ee83-466f-89dd-9e1bf211422f">
      <Output>
        <StdOut>SQL Server unavailable (set MES_INGEST_SQLSERVER or enable LocalDB)</StdOut>
      </Output>
    </UnitTestResult>
    <UnitTestResult executionId="6435f389-7dd2-4a66-bfc1-8877a3fb6107" testId="0e44108a-bda8-da1a-5905-9e1f950a872a" testName="MesIngest.Tests.ReadApiContractTests.List_filters_demands_by_visible_or_gone_status" computerName="LAB-WIN-01" duration="00:00:00.1366284" startTime="2026-08-12T22:21:00.9859146+08:00" endTime="2026-08-12T22:21:00.9859148+08:00" testType="13cdc9d9-ddb5-4fa4-a97d-d965ccfc6d4b" outcome="Passed" testListId="8c84fa94-04c1-424b-9868-57a2d4851a1d" relativeResultsDirectory="6435f389-7dd2-4a66-bfc1-8877a3fb6107" />
    <UnitTestResult executionId="9258fe35-addc-4cf0-89d9-962b6efab80d" testId="1e4bf5cf-250c-1d83-afa8-9de99ad8baf8" testName="MesIngest.Tests.WatchV2ShellTests.Critical_controls_expose_stable_semantic_automation_names_and_keyboard_focus" computerName="LAB-WIN-01" duration="00:00:00.9352873" startTime="2026-08-12T22:20:58.5916206+08:00" endTime="2026-08-12T22:20:58.5916208+08:00" testType="13cdc9d9-ddb5-4fa4-a97d-d965ccfc6d4b" outcome="Passed" testListId="8c84fa94-04c1-424b-9868-57a2d4851a1d" relativeResultsDirectory="9258fe35-addc-4cf0-89d9-962b6efab80d" />
    <UnitTestResult executionId="1525ba53-57db-40a1-a4c5-da09427f9d04" testId="cc706109-f51b-09db-abf8-8bbd2aee70dd" testName="MesIngest.Tests.WatchBannerProjectionTests.Fetch_error_key_stays_stable_when_elapsed_and_correlation_change" computerName="LAB-WIN-01" duration="00:00:00.0001223" startTime="2026-08-12T22:20:57.6821978+08:00" endTime="2026-08-12T22:20:57.6821978+08:00" testType="13cdc9d9-ddb5-4fa4-a97d-d965ccfc6d4b" outcome="Passed" testListId="8c84fa94-04c1-424b-9868-57a2d4851a1d" relativeResultsDirectory="1525ba53-57db-40a1-a4c5-da09427f9d04" />
    <UnitTestResult executionId="82623f11-e88b-4aea-abec-46e3b08c93f7" testId="24cccb74-1f04-e375-1227-0fd1872ff41e" testName="MesIngest.Tests.DemandChangeFeedStoreTests.QueryChangeFeed_full_purge_keeps_monotonic_watermark_and_expires_stale_cursors" computerName="LAB-WIN-01" duration="00:00:00.0011346" startTime="2026-08-12T22:20:57.6885674+08:00" endTime="2026-08-12T22:20:57.6885677+08:00" testType="13cdc9d9-ddb5-4fa4-a97d-d965ccfc6d4b" outcome="Passed" testListId="8c84fa94-04c1-424b-9868-57a2d4851a1d" relativeResultsDirectory="82623f11-e88b-4aea-abec-46e3b08c93f7" />
    <UnitTestResult executionId="469697a7-054e-43eb-b23d-34b97fafafe6" testId="babef1b8-3407-fabf-b30e-d76190f63dea" testName="MesIngest.Tests.AlertDetailWindowActionTests.Reappear_actions_copy_and_locate_previous_and_new_ids_without_ambiguity" computerName="LAB-WIN-01" duration="00:00:00.0510716" startTime="2026-08-12T22:20:59.8717325+08:00" endTime="2026-08-12T22:20:59.8717327+08:00" testType="13cdc9d9-ddb5-4fa4-a97d-d965ccfc6d4b" outcome="Passed" testListId="8c84fa94-04c1-424b-9868-57a2d4851a1d" relativeResultsDirectory="469697a7-054e-43eb-b23d-34b97fafafe6" />
    <UnitTestResult executionId="e745b161-6313-4176-8fba-2a0872056408" testId="cd925c87-7968-f47a-1dbd-c237db6d013c" testName="MesIngest.Tests.LatencyTelemetryTests.Watch_json_parse_failure_reports_HTTP_JSON_stage" computerName="LAB-WIN-01" duration="00:00:00.0302637" startTime="2026-08-12T22:20:57.7725967+08:00" endTime="2026-08-12T22:20:57.7725969+08:00" testType="13cdc9d9-ddb5-4fa4-a97d-d965ccfc6d4b" outcome="Passed" testListId="8c84fa94-04c1-424b-9868-57a2d4851a1d" relativeResultsDirectory="e745b161-6313-4176-8fba-2a0872056408" />
    <UnitTestResult executionId="2bdaedd5-57f8-4af5-92d1-960e032a7df1" testId="29f53923-21a3-4a13-c14a-326042282f9f" testName="MesIngest.Tests.WatchAutoRefreshScheduleTests.Preferences_round_trip_each_view_independently" computerName="LAB-WIN-01" duration="00:00:00.0467966" startTime="2026-08-12T22:20:57.7466810+08:00" endTime="2026-08-12T22:20:57.7466811+08:00" testType="13cdc9d9-ddb5-4fa4-a97d-d965ccfc6d4b" outcome="Passed" testListId="8c84fa94-04c1-424b-9868-57a2d4851a1d" relativeResultsDirectory="2bdaedd5-57f8-4af5-92d1-960e032a7df1" />
    <UnitTestResult executionId="cc08257d-ef64-4c62-b072-efb520fb543d" testId="10dd70ca-b7c1-d54f-d6f5-3cc22c80bcbc" testName="MesIngest.Tests.LatencyTelemetryTests.Watch_latency_file_telemetry_swallows_io_and_reports_write_failure" computerName="LAB-WIN-01" duration="00:00:00.0782838" startTime="2026-08-12T22:20:59.4757812+08:00" endTime="2026-08-12T22:20:59.4757819+08:00" testType="13cdc9d9-ddb5-4fa4-a97d-d965ccfc6d4b" outcome="Passed" testListId="8c84fa94-04c1-424b-9868-57a2d4851a1d" relativeResultsDirectory="cc08257d-ef64-4c62-b072-efb520fb543d" />
    <UnitTestResult executionId="fbf2c39c-cd70-4437-a04b-026a9f27c5bd" testId="82e4edfe-a572-2f6b-ada1-6d9a89aa2f15" testName="MesIngest.Tests.WatchV2ShellTests.Window_restores_versioned_geometry_and_reset_layout_returns_to_defaults" computerName="LAB-WIN-01" duration="00:00:00.2887317" startTime="2026-08-12T22:21:01.0840313+08:00" endTime="2026-08-12T22:21:01.0840315+08:00" testType="13cdc9d9-ddb5-4fa4-a97d-d965ccfc6d4b" outcome="Passed" testListId="8c84fa94-04c1-424b-9868-57a2d4851a1d" relativeResultsDirectory="fbf2c39c-cd70-4437-a04b-026a9f27c5bd" />
    <UnitTestResult executionId="4b94b345-d7a7-4a26-acaf-6ebe5b4732f6" testId="7069b392-67f7-7c24-b358-843f69a23d96" testName="MesIngest.Tests.AlertIncidentSyncTests.Paused_recovery_streak_change_keeps_same_incident" computerName="LAB-WIN-01" duration="00:00:00.0048306" startTime="2026-08-12T22:20:57.7248186+08:00" endTime="2026-08-12T22:20:57.7248186+08:00" testType="13cdc9d9-ddb5-4fa4-a97d-d965ccfc6d4b" outcome="Passed" testListId="8c84fa94-04c1-424b-9868-57a2d4851a1d" relativeResultsDirectory="4b94b345-d7a7-4a26-acaf-6ebe5b4732f6" />
    <UnitTestResult executionId="6a529ea8-8d6c-4ad3-b0f9-a37df6688da6" testId="b4ee60d4-fb3f-98eb-7a55-aca19ec26e58" testName="MesIngest.Tests.WatchAlertSessionTests.Invalid_draft_is_rejected_without_calling_host(code: &quot;POLL_FAILURE&quot;, severity: &quot;ERROR&quot;, range: &quot;2026-08-08T09:00:00+08:00|2026-08-08T08:00:00+08:0&quot;..., expectedError: &quot;起始&quot;)" computerName="LAB-WIN-01" duration="00:00:00.0192623" startTime="2026-08-12T22:20:57.7207783+08:00" endTime="2026-08-12T22:20:57.7207783+08:00" testType="13cdc9d9-ddb5-4fa4-a97d-d965ccfc6d4b" outcome="Passed" testListId="8c84fa94-04c1-424b-9868-57a2d4851a1d" relativeResultsDirectory="6a529ea8-8d6c-4ad3-b0f9-a37df6688da6" />
    <UnitTestResult executionId="3715be02-de48-4bce-81e5-38ab1c3fc49f" testId="d133b6bd-6224-e195-d8a1-56bbc594ae95" testName="MesIngest.Tests.WatchOptionsLoaderTests.Boundary_RequestTimeoutSeconds_are_accepted(value: 1)" computerName="LAB-WIN-01" duration="00:00:00.0004670" startTime="2026-08-12T22:20:57.9650908+08:00" endTime="2026-08-12T22:20:57.9650909+08:00" testType="13cdc9d9-ddb5-4fa4-a97d-d965ccfc6d4b" outcome="Passed" testListId="8c84fa94-04c1-424b-9868-57a2d4851a1d" relativeResultsDirectory="3715be02-de48-4bce-81e5-38ab1c3fc49f" />
    <UnitTestResult executionId="912a5c81-1696-4c86-b33f-11b583c9e75f" testId="7f127dc9-08e8-4d80-624d-267a5ce31f54" testName="MesIngest.Tests.InMemoryTransportDemandStoreConcurrencyTests.Concurrent_readers_see_demand_created_feed_and_alert_write_boundary" computerName="LAB-WIN-01" duration="00:00:00.8046755" startTime="2026-08-12T22:21:00.1644674+08:00" endTime="2026-08-12T22:21:00.1644676+08:00" testType="13cdc9d9-ddb5-4fa4-a97d-d965ccfc6d4b" outcome="Passed" testListId="8c84fa94-04c1-424b-9868-57a2d4851a1d" relativeResultsDirectory="912a5c81-1696-4c86-b33f-11b583c9e75f" />
    <UnitTestResult executionId="20c1a8f2-cad9-497d-ac4e-1fdb379904f3" testId="4aa5c8d4-8cf2-8bb2-cfe1-9d33686c2260" testName="MesIngest.Tests.WatchHostSessionTests.Applying_new_host_cancels_and_permanently_ignores_old_host_completion" computerName="LAB-WIN-01" duration="00:00:00.7003713" startTime="2026-08-12T22:20:58.4235170+08:00" endTime="2026-08-12T22:20:58.4235172+08:00" testType="13cdc9d9-ddb5-4fa4-a97d-d965ccfc6d4b" outcome="Passed" testListId="8c84fa94-04c1-424b-9868-57a2d4851a1d" relativeResultsDirectory="20c1a8f2-cad9-497d-ac4e-1fdb379904f3" />
    <UnitTestResult executionId="b3be9944-0db2-46b1-9067-713089d1877e" testId="3413a9c8-7d67-5c5b-dbb3-d28a37279faf" testName="MesIngest.Tests.AlertDetailsProjectionTests.FieldDrift_projects_field_comparison_rows" computerName="LAB-WIN-01" duration="00:00:00.0019960" startTime="2026-08-12T22:20:57.6722873+08:00" endTime="2026-08-12T22:20:57.6722876+08:00" testType="13cdc9d9-ddb5-4fa4-a97d-d965ccfc6d4b" outcome="Passed" testListId="8c84fa94-04c1-424b-9868-57a2d4851a1d" relativeResultsDirectory="b3be9944-0db2-46b1-9067-713089d1877e" />
    <UnitTestResult executionId="b1d01726-5bb5-4548-b554-c6916d2f1264" testId="0e1a754a-d36c-75fd-6aaa-0c633b0036bd" testName="MesIngest.Tests.PaginatedDemandApiTests.List_gone_defaults_to_recent_24h_window_and_allows_explicit_widen" computerName="LAB-WIN-01" duration="00:00:00.2233466" startTime="2026-08-12T22:21:00.5500105+08:00" endTime="2026-08-12T22:21:00.5500107+08:00" testType="13cdc9d9-ddb5-4fa4-a97d-d965ccfc6d4b" outcome="Passed" testListId="8c84fa94-04c1-424b-9868-57a2d4851a1d" relativeResultsDirectory="b1d01726-5bb5-4548-b554-c6916d2f1264" />
    <UnitTestResult executionId="75fcbd43-bee9-4407-a132-905954bc46d7" testId="93f03522-1d8c-1ef1-97c9-21d87ba5d938" testName="MesIngest.Tests.FactoryValidationPackTests.Install_doc_points_at_factory_validation_pack" computerName="LAB-WIN-01" duration="00:00:00.0006056" startTime="2026-08-12T22:20:57.6822773+08:00" endTime="2026-08-12T22:20:57.6822774+08:00" testType="13cdc9d9-ddb5-4fa4-a97d-d965ccfc6d4b" outcome="Passed" testListId="8c84fa94-04c1-424b-9868-57a2d4851a1d" relativeResultsDirectory="75fcbd43-bee9-4407-a132-905954bc46d7" />
    <UnitTestResult executionId="6d4ada3c-3454-4e5d-a750-a0bc5c07f1d4" testId="ace84049-3865-3ed8-c1e7-1ebbffe32990" testName="MesIngest.Tests.AlertListQueryParserTests.TryParseSortBy_accepts_alert_allow_list(raw: &quot;message&quot;, expected: Message)" computerName="LAB-WIN-01" duration="00:00:00.0000035" startTime="2026-08-12T22:20:57.6850659+08:00" endTime="2026-08-12T22:20:57.6850660+08:00" testType="13cdc9d9-ddb5-4fa4-a97d-d965ccfc6d4b" outcome="Passed" testListId="8c84fa94-04c1-424b-9868-57a2d4851a1d" relativeResultsDirectory="6d4ada3c-3454-4e5d-a750-a0bc5c07f1d4" />
    <UnitTestResult executionId="a3c0da0b-20f8-48d6-8947-6fccd6a65850" testId="e6148960-2993-3c40-e8d5-23825272399c" testName="MesIngest.Tests.SqlServerTransportDemandStoreTests.ReplaceState_appends_change_feed_in_same_transaction_for_created_and_gone" computerName="LAB-WIN-01" duration="00:00:00.0010000" startTime="2026-08-12T22:21:16.8854079+08:00" endTime="2026-08-12T22:21:16.8854081+08:00" testType="13cdc9d9-ddb5-4fa4-a97d-d965ccfc6d4b" outcome="NotExecuted" testListId="8c84fa94-04c1-424b-9868-57a2d4851a1d" relativeResultsDirectory="a3c0da0b-20f8-48d6-8947-6fccd6a65850">
      <Output>
        <StdOut>SQL Server unavailable (set MES_INGEST_SQLSERVER or enable LocalDB)</StdOut>
      </Output>
    </UnitTestResult>
    <UnitTestResult executionId="531c5f22-9220-4784-939e-4a7696f9d8a0" testId="304226d3-52e6-53e8-a244-991ac226ba74" testName="MesIngest.Tests.WatchAutoRefreshScheduleTests.Switching_back_to_an_enabled_view_requests_an_immediate_refresh" computerName="LAB-WIN-01" duration="00:00:00.0001700" startTime="2026-08-12T22:20:57.6842737+08:00" endTime="2026-08-12T22:20:57.6842738+08:00" testType="13cdc9d9-ddb5-4fa4-a97d-d965ccfc6d4b" outcome="Passed" testListId="8c84fa94-04c1-424b-9868-57a2d4851a1d" relativeResultsDirectory="531c5f22-9220-4784-939e-4a7696f9d8a0" />
    <UnitTestResult executionId="f30d6525-cc52-415f-88b8-28869fa86db8" testId="992bb781-0f03-b2e1-018b-970ad9cffac0" testName="MesIngest.Tests.PaginatedDemandApiTests.List_rejects_cursor_that_does_not_match_sort" computerName="LAB-WIN-01" duration="00:00:00.2612385" startTime="2026-08-12T22:21:00.0984906+08:00" endTime="2026-08-12T22:21:00.0984907+08:00" testType="13cdc9d9-ddb5-4fa4-a97d-d965ccfc6d4b" outcome="Passed" testListId="8c84fa94-04c1-424b-9868-57a2d4851a1d" relativeResultsDirectory="f30d6525-cc52-415f-88b8-28869fa86db8" />
    <UnitTestResult executionId="701bd4ef-b7ff-49dd-a7c2-bb0dd6869769" testId="8a798e55-8c32-d677-90ee-407fe262ef83" testName="MesIngest.Tests.AlertVisibleColumnSortHttpTests.Host_pages_all_visible_alert_columns_without_gaps_or_duplicates(sortBy: &quot;alertId&quot;, direction: &quot;desc&quot;, expectedAlertIds: [&quot;a5&quot;, &quot;a4&quot;, &quot;a3&quot;, &quot;a2&quot;, &quot;a1&quot;])" computerName="LAB-WIN-01" duration="00:00:00.0952886" startTime="2026-08-12T22:21:01.2396466+08:00" endTime="2026-08-12T22:21:01.2396469+08:00" testType="13cdc9d9-ddb5-4fa4-a97d-d965ccfc6d4b" outcome="Passed" testListId="8c84fa94-04c1-424b-9868-57a2d4851a1d" relativeResultsDirectory="701bd4ef-b7ff-49dd-a7c2-bb0dd6869769" />
    <UnitTestResult executionId="2c632afd-93a1-4e43-82ed-124c6769ed89" testId="fb574254-5eda-1d33-c0dd-8b250cfe4bd5" testName="MesIngest.Tests.ReadApiContractTests.Poll_health_endpoint_reports_task_type_paused_zero_drop_state" computerName="LAB-WIN-01" duration="00:00:00.2572140" startTime="2026-08-12T22:21:00.5528643+08:00" endTime="2026-08-12T22:21:00.5528645+08:00" testType="13cdc9d9-ddb5-4fa4-a97d-d965ccfc6d4b" outcome="Passed" testListId="8c84fa94-04c1-424b-9868-57a2d4851a1d" relativeResultsDirectory="2c632afd-93a1-4e43-82ed-124c6769ed89" />
    <UnitTestResult executionId="1bb55f43-71b8-4b0e-bbdd-13e30fb541c0" testId="38389cbd-2036-a5c1-8d7b-b66894e52cfd" testName="MesIngest.Tests.TransportDemandKeyTests.Non_blank_components_are_not_normalized" computerName="LAB-WIN-01" duration="00:00:00.0000805" startTime="2026-08-12T22:20:57.7754426+08:00" endTime="2026-08-12T22:20:57.7754427+08:00" testType="13cdc9d9-ddb5-4fa4-a97d-d965ccfc6d4b" outcome="Passed" testListId="8c84fa94-04c1-424b-9868-57a2d4851a1d" relativeResultsDirectory="1bb55f43-71b8-4b0e-bbdd-13e30fb541c0" />
    <UnitTestResult executionId="b928c63e-cbc4-4aa4-86b5-9800d3faf290" testId="d32ac0c9-fac9-130a-ee87-f144af692bc0" testName="MesIngest.Tests.TransportDemandReconcilerTests.Restart_barrier_round_does_not_increment_disappear_or_mark_gone_for_absent_keys" computerName="LAB-WIN-01" duration="00:00:00.0004945" startTime="2026-08-12T22:20:57.8975162+08:00" endTime="2026-08-12T22:20:57.8975164+08:00" testType="13cdc9d9-ddb5-4fa4-a97d-d965ccfc6d4b" outcome="Passed" testListId="8c84fa94-04c1-424b-9868-57a2d4851a1d" relativeResultsDirectory="b928c63e-cbc4-4aa4-86b5-9800d3faf290" />
    <UnitTestResult executionId="11121bce-c03f-4734-ba94-58117fec3f89" testId="de9cf4ba-958d-c9a3-ccd2-8362adac9a94" testName="MesIngest.Tests.TransportDemandReconcilerTests.Zero_drop_does_not_raise_healthy_count_from_post_baseline_duplicate_keys_only" computerName="LAB-WIN-01" duration="00:00:00.0217405" startTime="2026-08-12T22:20:57.8845819+08:00" endTime="2026-08-12T22:20:57.8845820+08:00" testType="13cdc9d9-ddb5-4fa4-a97d-d965ccfc6d4b" outcome="Passed" testListId="8c84fa94-04c1-424b-9868-57a2d4851a1d" relativeResultsDirectory="11121bce-c03f-4734-ba94-58117fec3f89" />
    <UnitTestResult executionId="93ae1b1f-cab9-4204-9f0a-d6044ddece87" testId="baff9a7e-73b0-6b6c-b1ae-e70d56ca0517" testName="MesIngest.Tests.DemandListPagingTieBreakTests.QueryPage_desc_identical_primary_covers_all_allow_list_columns(sortBy: Sublot)" computerName="LAB-WIN-01" duration="00:00:00.0005511" startTime="2026-08-12T22:20:57.8337811+08:00" endTime="2026-08-12T22:20:57.8337815+08:00" testType="13cdc9d9-ddb5-4fa4-a97d-d965ccfc6d4b" outcome="Passed" testListId="8c84fa94-04c1-424b-9868-57a2d4851a1d" relativeResultsDirectory="93ae1b1f-cab9-4204-9f0a-d6044ddece87" />
    <UnitTestResult executionId="a9dcf90b-bd88-4b27-a482-80b2cb0d8375" testId="c3c6b7fc-286f-7ece-2008-32edf7a7f66b" testName="MesIngest.Tests.WatchAlertSessionTests.Browse_query_serializes_only_the_supported_server_filters" computerName="LAB-WIN-01" duration="00:00:00.0023749" startTime="2026-08-12T22:20:57.6981791+08:00" endTime="2026-08-12T22:20:57.6981793+08:00" testType="13cdc9d9-ddb5-4fa4-a97d-d965ccfc6d4b" outcome="Passed" testListId="8c84fa94-04c1-424b-9868-57a2d4851a1d" relativeResultsDirectory="a9dcf90b-bd88-4b27-a482-80b2cb0d8375" />
    <UnitTestResult executionId="b5e176d2-70aa-4c50-bf3c-d8c932182810" testId="2fe583b6-1a32-b124-3160-67ef0218f238" testName="MesIngest.Tests.OracleProbeTests.Exception_sanitizes_password_and_returns_nonzero" computerName="LAB-WIN-01" duration="00:00:00.0271238" startTime="2026-08-12T22:20:57.8344056+08:00" endTime="2026-08-12T22:20:57.8344057+08:00" testType="13cdc9d9-ddb5-4fa4-a97d-d965ccfc6d4b" outcome="Passed" testListId="8c84fa94-04c1-424b-9868-57a2d4851a1d" relativeResultsDirectory="b5e176d2-70aa-4c50-bf3c-d8c932182810" />
    <UnitTestResult executionId="0aeb1cee-d37c-42ce-acb0-efb8373c835d" testId="2d280a83-c88c-b5bc-4500-a14094a4b7bb" testName="MesIngest.Tests.SqlServerTransportDemandStoreTests.ReplaceState_does_not_rewrite_unchanged_resolved_alert_history" computerName="LAB-WIN-01" duration="00:00:00.0010000" startTime="2026-08-12T22:21:16.8845249+08:00" endTime="2026-08-12T22:21:16.8845249+08:00" testType="13cdc9d9-ddb5-4fa4-a97d-d965ccfc6d4b" outcome="NotExecuted" testListId="8c84fa94-04c1-424b-9868-57a2d4851a1d" relativeResultsDirectory="0aeb1cee-d37c-42ce-acb0-efb8373c835d">
      <Output>
        <StdOut>SQL Server unavailable (set MES_INGEST_SQLSERVER or enable LocalDB)</StdOut>
      </Output>
    </UnitTestResult>
    <UnitTestResult executionId="b7cdd49e-1ede-4d13-8a3b-c47af5eb4c36" testId="92fd4e7f-3541-1957-cd02-19a78cf92200" testName="MesIngest.Tests.WatchConnectionEventRecorderTests.Endpoint_change_during_outage_still_counts_as_same_outage_for_summary_timing" computerName="LAB-WIN-01" duration="00:00:00.0002167" startTime="2026-08-12T22:20:57.7240469+08:00" endTime="2026-08-12T22:20:57.7240470+08:00" testType="13cdc9d9-ddb5-4fa4-a97d-d965ccfc6d4b" outcome="Passed" testListId="8c84fa94-04c1-424b-9868-57a2d4851a1d" relativeResultsDirectory="b7cdd49e-1ede-4d13-8a3b-c47af5eb4c36" />
    <UnitTestResult executionId="c85b3581-e623-49fe-b817-d4b27df75fc9" testId="f1e81e50-4c1e-858a-c721-a528cd7ce821" testName="MesIngest.Tests.TransportDemandStoreListOrderTests.In_memory_list_orders_by_dates_desc_then_demand_id_asc" computerName="LAB-WIN-01" duration="00:00:00.0021235" startTime="2026-08-12T22:20:57.7825901+08:00" endTime="2026-08-12T22:20:57.7825902+08:00" testType="13cdc9d9-ddb5-4fa4-a97d-d965ccfc6d4b" outcome="Passed" testListId="8c84fa94-04c1-424b-9868-57a2d4851a1d" relativeResultsDirectory="c85b3581-e623-49fe-b817-d4b27df75fc9" />
    <UnitTestResult executionId="983b6024-2b50-453c-b2a3-8112beb66811" testId="8aabad7f-471c-e6ad-d8b8-ea0025c4c187" testName="MesIngest.Tests.WatchGridClipboardTests.Formats_row_with_tab_separators_preserving_column_order" computerName="LAB-WIN-01" duration="00:00:00.0000947" startTime="2026-08-12T22:20:57.7216401+08:00" endTime="2026-08-12T22:20:57.7216402+08:00" testType="13cdc9d9-ddb5-4fa4-a97d-d965ccfc6d4b" outcome="Passed" testListId="8c84fa94-04c1-424b-9868-57a2d4851a1d" relativeResultsDirectory="983b6024-2b50-453c-b2a3-8112beb66811" />
    <UnitTestResult executionId="797addb8-72da-43c4-bbdf-3100c6097388" testId="c69a7e81-a4c6-a03b-f2bd-7922ee54ce3b" testName="MesIngest.Tests.OpenApiContractTests.OpenApi_bearer_authorize_allows_try_it_out_get_against_api" computerName="LAB-WIN-01" duration="00:00:00.2965994" startTime="2026-08-12T22:20:59.6633262+08:00" endTime="2026-08-12T22:20:59.6633263+08:00" testType="13cdc9d9-ddb5-4fa4-a97d-d965ccfc6d4b" outcome="Passed" testListId="8c84fa94-04c1-424b-9868-57a2d4851a1d" relativeResultsDirectory="797addb8-72da-43c4-bbdf-3100c6097388" />
    <UnitTestResult executionId="233dc67c-4e18-48d9-8d86-fdf037fbc98c" testId="091dffad-2313-2350-ee4e-d6342e69f984" testName="MesIngest.Tests.WatchAlertSessionTests.Successful_draft_commits_activity_production_filters_and_last_seen_range" computerName="LAB-WIN-01" duration="00:00:00.0047646" startTime="2026-08-12T22:20:57.7446633+08:00" endTime="2026-08-12T22:20:57.7446634+08:00" testType="13cdc9d9-ddb5-4fa4-a97d-d965ccfc6d4b" outcome="Passed" testListId="8c84fa94-04c1-424b-9868-57a2d4851a1d" relativeResultsDirectory="233dc67c-4e18-48d9-8d86-fdf037fbc98c" />
    <UnitTestResult executionId="46d7ee92-5d22-434c-9b13-4df77c380cfb" testId="220161f6-48e4-714f-ffb0-dd33ec332522" testName="MesIngest.Tests.WatchLayoutPreferencesTests.Save_then_load_round_trips_demand_share" computerName="LAB-WIN-01" duration="00:00:00.0473738" startTime="2026-08-12T22:20:57.9560469+08:00" endTime="2026-08-12T22:20:57.9560473+08:00" testType="13cdc9d9-ddb5-4fa4-a97d-d965ccfc6d4b" outcome="Passed" testListId="8c84fa94-04c1-424b-9868-57a2d4851a1d" relativeResultsDirectory="46d7ee92-5d22-434c-9b13-4df77c380cfb" />
    <UnitTestResult executionId="8309875c-d729-448c-8bf1-e486adbbff97" testId="4a2bcd0d-947a-ced0-9d92-329d63531995" testName="MesIngest.Tests.WatchLayoutPreferencesTests.Incompatible_or_out_of_bounds_layout_falls_back_atomically(json: &quot;{\&quot;version\&quot;:1,\&quot;windowWidth\&quot;:1440,\&quot;windowHeight&quot;...)" computerName="LAB-WIN-01" duration="00:00:00.0425920" startTime="2026-08-12T22:20:57.8385256+08:00" endTime="2026-08-12T22:20:57.8385257+08:00" testType="13cdc9d9-ddb5-4fa4-a97d-d965ccfc6d4b" outcome="Passed" testListId="8c84fa94-04c1-424b-9868-57a2d4851a1d" relativeResultsDirectory="8309875c-d729-448c-8bf1-e486adbbff97" />
    <UnitTestResult executionId="585a2c4b-cc2e-4b28-b8a7-5131fee1f435" testId="2a18660d-d87d-e2d7-c5ea-467d6bedd8e1" testName="MesIngest.Tests.TransportDemandReconcilerTests.Second_successful_snapshot_does_not_overwrite_frozen_fields_for_still_visible_key" computerName="LAB-WIN-01" duration="00:00:00.0149331" startTime="2026-08-12T22:20:57.8575216+08:00" endTime="2026-08-12T22:20:57.8575223+08:00" testType="13cdc9d9-ddb5-4fa4-a97d-d965ccfc6d4b" outcome="Passed" testListId="8c84fa94-04c1-424b-9868-57a2d4851a1d" relativeResultsDirectory="585a2c4b-cc2e-4b28-b8a7-5131fee1f435" />
    <UnitTestResult executionId="f26834cd-dcf4-472a-bd17-bb7beb5c6487" testId="adecb0cb-7e36-e860-96a3-05d159d026db" testName="MesIngest.Tests.ReadApiContractTests.Demand_dto_embeds_relevant_alerts_by_demand_id_or_reconcile_key" computerName="LAB-WIN-01" duration="00:00:00.3049500" startTime="2026-08-12T22:20:59.6699978+08:00" endTime="2026-08-12T22:20:59.6699979+08:00" testType="13cdc9d9-ddb5-4fa4-a97d-d965ccfc6d4b" outcome="Passed" testListId="8c84fa94-04c1-424b-9868-57a2d4851a1d" relativeResultsDirectory="f26834cd-dcf4-472a-bd17-bb7beb5c6487" />
    <UnitTestResult executionId="26ae9025-b481-4303-b40e-9067f4185055" testId="2123eac0-8406-1ceb-6c60-1b58c244d7ff" testName="MesIngest.Tests.FactoryValidationPackTests.Publish_script_stages_factory_validation_artifacts" computerName="LAB-WIN-01" duration="00:00:00.0006053" startTime="2026-08-12T22:20:57.6804729+08:00" endTime="2026-08-12T22:20:57.6804730+08:00" testType="13cdc9d9-ddb5-4fa4-a97d-d965ccfc6d4b" outcome="Passed" testListId="8c84fa94-04c1-424b-9868-57a2d4851a1d" relativeResultsDirectory="26ae9025-b481-4303-b40e-9067f4185055" />
    <UnitTestResult executionId="6b7467e2-ae9c-49ca-bcdc-427dd3b4729f" testId="beb1b89f-8e8f-f20c-cc27-59f260cb98a7" testName="MesIngest.Tests.DemandVisibleColumnSortHttpTests.Every_new_visible_demand_column_toggles_asc_then_desc(header: &quot;AREA&quot;, token: &quot;area&quot;)" computerName="LAB-WIN-01" duration="00:00:00.0004517" startTime="2026-08-12T22:20:57.7541641+08:00" endTime="2026-08-12T22:20:57.7541644+08:00" testType="13cdc9d9-ddb5-4fa4-a97d-d965ccfc6d4b" outcome="Passed" testListId="8c84fa94-04c1-424b-9868-57a2d4851a1d" relativeResultsDirectory="6b7467e2-ae9c-49ca-bcdc-427dd3b4729f" />
    <UnitTestResult executionId="becd3fe2-10d8-4964-9997-f4cdf290b0c8" testId="947e2ddb-fe4d-a3da-9407-582f700219aa" testName="MesIngest.Tests.NewSuccessRoundTracerSpineTests.Equivalent_success_round_preserves_identity_and_does_not_append_business_events" computerName="LAB-WIN-01" duration="00:00:03.3221238" startTime="2026-08-12T22:21:16.8714648+08:00" endTime="2026-08-12T22:21:16.8714652+08:00" testType="13cdc9d9-ddb5-4fa4-a97d-d965ccfc6d4b" outcome="Passed" testListId="8c84fa94-04c1-424b-9868-57a2d4851a1d" relativeResultsDirectory="becd3fe2-10d8-4964-9997-f4cdf290b0c8">
      <Output>
        <StdOut>Real SQL Server ProductVersion: 16.0.1190.2</StdOut>
      </Output>
    </UnitTestResult>
    <UnitTestResult executionId="bb2507f1-a20d-43de-8b01-7bb6766202eb" testId="02ccd6f4-591b-33a0-d9fa-e702c3597d16" testName="MesIngest.Tests.WatchLayoutPreferencesTests.Star_heights_from_demand_share_sum_to_one" computerName="LAB-WIN-01" duration="00:00:00.0027837" startTime="2026-08-12T22:20:57.9084410+08:00" endTime="2026-08-12T22:20:57.9084412+08:00" testType="13cdc9d9-ddb5-4fa4-a97d-d965ccfc6d4b" outcome="Passed" testListId="8c84fa94-04c1-424b-9868-57a2d4851a1d" relativeResultsDirectory="bb2507f1-a20d-43de-8b01-7bb6766202eb" />
    <UnitTestResult executionId="77a283d0-3fe4-4d3f-96fc-95a07ce493c3" testId="de1713aa-1e2b-dc2b-ad75-cbd3e9be624a" testName="MesIngest.Tests.DemandVisibleColumnSortHttpTests.Every_new_visible_demand_column_toggles_asc_then_desc(header: &quot;PACKAGE&quot;, token: &quot;package&quot;)" computerName="LAB-WIN-01" duration="00:00:00.0000037" startTime="2026-08-12T22:20:57.7549638+08:00" endTime="2026-08-12T22:20:57.7549638+08:00" testType="13cdc9d9-ddb5-4fa4-a97d-d965ccfc6d4b" outcome="Passed" testListId="8c84fa94-04c1-424b-9868-57a2d4851a1d" relativeResultsDirectory="77a283d0-3fe4-4d3f-96fc-95a07ce493c3" />
    <UnitTestResult executionId="97996ca8-6bd6-4bed-ab41-9bda9995c121" testId="6a2fa62b-7dc0-399f-a430-9d4b729530d2" testName="MesIngest.Tests.WatchBannerStateTests.Shows_paused_zero_drop_from_task_type_pauses" computerName="LAB-WIN-01" duration="00:00:00.0020298" startTime="2026-08-12T22:20:57.6823343+08:00" endTime="2026-08-12T22:20:57.6823343+08:00" testType="13cdc9d9-ddb5-4fa4-a97d-d965ccfc6d4b" outcome="Passed" testListId="8c84fa94-04c1-424b-9868-57a2d4851a1d" relativeResultsDirectory="97996ca8-6bd6-4bed-ab41-9bda9995c121" />
    <UnitTestResult executionId="f46e64aa-8eec-41f5-b92a-3c53038263f1" testId="ff90b494-a568-eae7-6eb4-6d26248e26d8" testName="MesIngest.Tests.PaginatedDemandApiTests.List_keyset_pagination_does_not_duplicate_when_newer_row_appears" computerName="LAB-WIN-01" duration="00:00:00.1027153" startTime="2026-08-12T22:21:01.0862049+08:00" endTime="2026-08-12T22:21:01.0862052+08:00" testType="13cdc9d9-ddb5-4fa4-a97d-d965ccfc6d4b" outcome="Passed" testListId="8c84fa94-04c1-424b-9868-57a2d4851a1d" relativeResultsDirectory="f46e64aa-8eec-41f5-b92a-3c53038263f1" />
    <UnitTestResult executionId="7f0c8c23-50d4-45d8-8eed-ee9df4784321" testId="d6e05e32-00b5-a996-5f41-16a4c185b97f" testName="MesIngest.Tests.AlertListQueryParserTests.TryParseSortBy_accepts_alert_allow_list(raw: &quot;lastSeenAt&quot;, expected: LastSeenAt)" computerName="LAB-WIN-01" duration="00:00:00.0000051" startTime="2026-08-12T22:20:57.6858637+08:00" endTime="2026-08-12T22:20:57.6858637+08:00" testType="13cdc9d9-ddb5-4fa4-a97d-d965ccfc6d4b" outcome="Passed" testListId="8c84fa94-04c1-424b-9868-57a2d4851a1d" relativeResultsDirectory="7f0c8c23-50d4-45d8-8eed-ee9df4784321" />
    <UnitTestResult executionId="35f930db-4ebc-4c8a-a233-d4910f66dfe5" testId="77a846f5-eb52-4782-2ff9-54418b181b47" testName="MesIngest.Tests.ListenBindingPolicyTests.Non_localhost_urls_require_shared_secret(urls: &quot;http://10.0.0.5:5088&quot;)" computerName="LAB-WIN-01" duration="00:00:00.0000098" startTime="2026-08-12T22:20:57.6785228+08:00" endTime="2026-08-12T22:20:57.6785228+08:00" testType="13cdc9d9-ddb5-4fa4-a97d-d965ccfc6d4b" outcome="Passed" testListId="8c84fa94-04c1-424b-9868-57a2d4851a1d" relativeResultsDirectory="35f930db-4ebc-4c8a-a233-d4910f66dfe5" />
    <UnitTestResult executionId="edd60b14-f2e9-4766-9ebe-de8c9500f367" testId="4135fbb9-101f-3f35-54fa-d5222ac4803c" testName="MesIngest.Tests.WatchDemandSessionTests.Successful_page_navigation_and_new_query_start_without_a_selection" computerName="LAB-WIN-01" duration="00:00:00.0022876" startTime="2026-08-12T22:20:58.4203558+08:00" endTime="2026-08-12T22:20:58.4203563+08:00" testType="13cdc9d9-ddb5-4fa4-a97d-d965ccfc6d4b" outcome="Passed" testListId="8c84fa94-04c1-424b-9868-57a2d4851a1d" relativeResultsDirectory="edd60b14-f2e9-4766-9ebe-de8c9500f367" />
    <UnitTestResult executionId="2672d88a-aaaf-46f2-9381-1fa072ca7420" testId="a1c05f45-2d6d-a1dd-111a-c75ab5181eb6" testName="MesIngest.Tests.DemandListPagingTieBreakTests.QueryPage_desc_with_identical_primary_values_pages_all_ids_without_gap_or_dup" computerName="LAB-WIN-01" duration="00:00:00.0005249" startTime="2026-08-12T22:20:57.8518866+08:00" endTime="2026-08-12T22:20:57.8518868+08:00" testType="13cdc9d9-ddb5-4fa4-a97d-d965ccfc6d4b" outcome="Passed" testListId="8c84fa94-04c1-424b-9868-57a2d4851a1d" relativeResultsDirectory="2672d88a-aaaf-46f2-9381-1fa072ca7420" />
    <UnitTestResult executionId="e80517aa-44ef-4cd5-afba-5bffe081a49e" testId="8487bf65-ac7a-d137-f52f-c33f1493850f" testName="MesIngest.Tests.AlertListQueryParserTests.TryParseSortBy_accepts_alert_allow_list(raw: &quot;alertId&quot;, expected: AlertId)" computerName="LAB-WIN-01" duration="00:00:00.0000034" startTime="2026-08-12T22:20:57.6857826+08:00" endTime="2026-08-12T22:20:57.6857827+08:00" testType="13cdc9d9-ddb5-4fa4-a97d-d965ccfc6d4b" outcome="Passed" testListId="8c84fa94-04c1-424b-9868-57a2d4851a1d" relativeResultsDirectory="e80517aa-44ef-4cd5-afba-5bffe081a49e" />
    <UnitTestResult executionId="9d34a780-19c9-4414-85a4-200653c846a5" testId="4cecac15-c7ac-568e-5f61-a01105ee2491" testName="MesIngest.Tests.WatchDemandDetailsTests.Projects_related_alerts_without_flattening_exact_and_business_key_relationships" computerName="LAB-WIN-01" duration="00:00:00.0023983" startTime="2026-08-12T22:20:57.7266947+08:00" endTime="2026-08-12T22:20:57.7266948+08:00" testType="13cdc9d9-ddb5-4fa4-a97d-d965ccfc6d4b" outcome="Passed" testListId="8c84fa94-04c1-424b-9868-57a2d4851a1d" relativeResultsDirectory="9d34a780-19c9-4414-85a4-200653c846a5" />
    <UnitTestResult executionId="00b91c6e-d6d4-409e-9d01-f136dea3b87d" testId="3f67f1e9-950e-8152-b795-205d1f144d33" testName="MesIngest.Tests.WatchDemandSessionTests.Superseded_late_response_cannot_replace_the_newer_successful_query" computerName="LAB-WIN-01" duration="00:00:00.1399563" startTime="2026-08-12T22:20:58.5631070+08:00" endTime="2026-08-12T22:20:58.5631073+08:00" testType="13cdc9d9-ddb5-4fa4-a97d-d965ccfc6d4b" outcome="Passed" testListId="8c84fa94-04c1-424b-9868-57a2d4851a1d" relativeResultsDirectory="00b91c6e-d6d4-409e-9d01-f136dea3b87d" />
    <UnitTestResult executionId="55bf6be0-9a9e-46ea-9a84-2ffb0b3dc061" testId="67e3c9ec-bd32-beee-e7c2-189c975d263b" testName="MesIngest.Tests.WatchBannerStateTests.Ignores_cleared_pause_flags_even_if_caller_still_has_old_alerts" computerName="LAB-WIN-01" duration="00:00:00.0001705" startTime="2026-08-12T22:20:57.6830566+08:00" endTime="2026-08-12T22:20:57.6830567+08:00" testType="13cdc9d9-ddb5-4fa4-a97d-d965ccfc6d4b" outcome="Passed" testListId="8c84fa94-04c1-424b-9868-57a2d4851a1d" relativeResultsDirectory="55bf6be0-9a9e-46ea-9a84-2ffb0b3dc061" />
    <UnitTestResult executionId="93552f1f-8e95-4ad6-9374-a77b4f5b4b26" testId="d39d1d0a-486d-1e52-f810-e6f8fcb5536c" testName="MesIngest.Tests.OracleMesSnapshotSourceTests.Empty_result_set_with_required_columns_returns_success" computerName="LAB-WIN-01" duration="00:00:00.7019582" startTime="2026-08-12T22:20:58.5245547+08:00" endTime="2026-08-12T22:20:58.5245548+08:00" testType="13cdc9d9-ddb5-4fa4-a97d-d965ccfc6d4b" outcome="Passed" testListId="8c84fa94-04c1-424b-9868-57a2d4851a1d" relativeResultsDirectory="93552f1f-8e95-4ad6-9374-a77b4f5b4b26" />
    <UnitTestResult executionId="2b4cb152-3898-4bb3-ae77-6f6d2ff01f8c" testId="95fe3e88-8956-d699-d6db-2472fa7823c9" testName="MesIngest.Tests.WatchBrowseSessionTests.Every_visible_alert_column_toggles_server_sort(header: &quot;first seen&quot;, token: &quot;firstSeenAt&quot;)" computerName="LAB-WIN-01" duration="00:00:00.0000238" startTime="2026-08-12T22:20:57.7201796+08:00" endTime="2026-08-12T22:20:57.7201797+08:00" testType="13cdc9d9-ddb5-4fa4-a97d-d965ccfc6d4b" outcome="Passed" testListId="8c84fa94-04c1-424b-9868-57a2d4851a1d" relativeResultsDirectory="2b4cb152-3898-4bb3-ae77-6f6d2ff01f8c" />
    <UnitTestResult executionId="45dd065c-5c78-45d9-bb09-6de3f7a88efa" testId="73b6d6cd-3587-571d-995b-76de15ec15a8" testName="MesIngest.Tests.WatchAlertSessionTests.Initial_load_uses_active_default_priority_window_without_explicit_sort" computerName="LAB-WIN-01" duration="00:00:00.0008814" startTime="2026-08-12T22:20:57.7397547+08:00" endTime="2026-08-12T22:20:57.7397550+08:00" testType="13cdc9d9-ddb5-4fa4-a97d-d965ccfc6d4b" outcome="Passed" testListId="8c84fa94-04c1-424b-9868-57a2d4851a1d" relativeResultsDirectory="45dd065c-5c78-45d9-bb09-6de3f7a88efa" />
    <UnitTestResult executionId="f47276b7-73a5-49ab-a6c7-fc6158505606" testId="ee699b28-dad1-ed99-ae52-296327a73223" testName="MesIngest.Tests.AlertDemandLocateHintsTests.Existing_gone_id_points_to_filters_and_gone_at_history_window" computerName="LAB-WIN-01" duration="00:00:00.0000914" startTime="2026-08-12T22:20:57.8528816+08:00" endTime="2026-08-12T22:20:57.8528817+08:00" testType="13cdc9d9-ddb5-4fa4-a97d-d965ccfc6d4b" outcome="Passed" testListId="8c84fa94-04c1-424b-9868-57a2d4851a1d" relativeResultsDirectory="f47276b7-73a5-49ab-a6c7-fc6158505606" />
    <UnitTestResult executionId="7e859396-0c91-434b-8539-8275539f5def" testId="e1b40021-e83b-df40-47c3-579e0889bb4f" testName="MesIngest.Tests.WatchBrowseSessionTests.Every_visible_alert_column_toggles_server_sort(header: &quot;SUBLOT&quot;, token: &quot;sublot&quot;)" computerName="LAB-WIN-01" duration="00:00:00.0002803" startTime="2026-08-12T22:20:57.7188467+08:00" endTime="2026-08-12T22:20:57.7188468+08:00" testType="13cdc9d9-ddb5-4fa4-a97d-d965ccfc6d4b" outcome="Passed" testListId="8c84fa94-04c1-424b-9868-57a2d4851a1d" relativeResultsDirectory="7e859396-0c91-434b-8539-8275539f5def" />
    <UnitTestResult executionId="2390a830-7886-4bcd-b968-3c6c1e8dbfec" testId="dc82d40f-0dce-5810-0ce6-eeb882b2f6cc" testName="MesIngest.Tests.WatchDemandSessionTests.Current_page_refresh_preserves_selection_by_demand_id_or_clears_it_with_notice" computerName="LAB-WIN-01" duration="00:00:00.0013433" startTime="2026-08-12T22:20:58.3986967+08:00" endTime="2026-08-12T22:20:58.3986969+08:00" testType="13cdc9d9-ddb5-4fa4-a97d-d965ccfc6d4b" outcome="Passed" testListId="8c84fa94-04c1-424b-9868-57a2d4851a1d" relativeResultsDirectory="2390a830-7886-4bcd-b968-3c6c1e8dbfec" />
    <UnitTestResult executionId="4c03b176-e2b7-4d2a-afc6-b15e06e2cbcc" testId="317b22c0-7176-3208-60dc-f79dc5d79935" testName="MesIngest.Tests.LatencyTelemetryTests.Latency_write_failure_is_recorded_in_memory_without_secrets" computerName="LAB-WIN-01" duration="00:00:00.0036378" startTime="2026-08-12T22:20:57.7430652+08:00" endTime="2026-08-12T22:20:57.7430656+08:00" testType="13cdc9d9-ddb5-4fa4-a97d-d965ccfc6d4b" outcome="Passed" testListId="8c84fa94-04c1-424b-9868-57a2d4851a1d" relativeResultsDirectory="4c03b176-e2b7-4d2a-afc6-b15e06e2cbcc" />
    <UnitTestResult executionId="aa1a0a47-4cdb-4c8a-8981-a267d1259cd8" testId="de009e39-c7d7-8dc3-1e1e-d4a6cb645219" testName="MesIngest.Tests.ReadApiSharedSecretAuthTests.Non_localhost_binding_rejects_request_without_shared_secret" computerName="LAB-WIN-01" duration="00:00:00.3029398" startTime="2026-08-12T22:20:59.6627175+08:00" endTime="2026-08-12T22:20:59.6627181+08:00" testType="13cdc9d9-ddb5-4fa4-a97d-d965ccfc6d4b" outcome="Passed" testListId="8c84fa94-04c1-424b-9868-57a2d4851a1d" relativeResultsDirectory="aa1a0a47-4cdb-4c8a-8981-a267d1259cd8" />
    <UnitTestResult executionId="9c2e6472-0956-48e5-acd9-53c8235b2939" testId="20beca5a-84a0-b341-f101-2fc39c46cf0f" testName="MesIngest.Tests.MesIngestApiClientFetchTests.Caller_cancellation_is_not_reclassified_as_a_host_failure" computerName="LAB-WIN-01" duration="00:00:00.7362729" startTime="2026-08-12T22:20:58.5574821+08:00" endTime="2026-08-12T22:20:58.5574826+08:00" testType="13cdc9d9-ddb5-4fa4-a97d-d965ccfc6d4b" outcome="Passed" testListId="8c84fa94-04c1-424b-9868-57a2d4851a1d" relativeResultsDirectory="9c2e6472-0956-48e5-acd9-53c8235b2939" />
    <UnitTestResult executionId="88c3d195-177a-427e-9b63-ce0cce946223" testId="afed4865-df03-00a0-9166-c3df5f23cd05" testName="MesIngest.Tests.WatchTimeDisplayTests.Formats_nullable_null_as_empty" computerName="LAB-WIN-01" duration="00:00:00.0001644" startTime="2026-08-12T22:20:57.7783356+08:00" endTime="2026-08-12T22:20:57.7783360+08:00" testType="13cdc9d9-ddb5-4fa4-a97d-d965ccfc6d4b" outcome="Passed" testListId="8c84fa94-04c1-424b-9868-57a2d4851a1d" relativeResultsDirectory="88c3d195-177a-427e-9b63-ce0cce946223" />
    <UnitTestResult executionId="b25e0bd0-f896-4793-b2be-fd84c3610351" testId="c26dc68e-5ce8-0139-4c44-df29cfdcc1b3" testName="MesIngest.Tests.OracleMesSnapshotSourceTests.Missing_required_column_returns_incomplete" computerName="LAB-WIN-01" duration="00:00:00.0345521" startTime="2026-08-12T22:20:59.6067531+08:00" endTime="2026-08-12T22:20:59.6067538+08:00" testType="13cdc9d9-ddb5-4fa4-a97d-d965ccfc6d4b" outcome="Passed" testListId="8c84fa94-04c1-424b-9868-57a2d4851a1d" relativeResultsDirectory="b25e0bd0-f896-4793-b2be-fd84c3610351" />
    <UnitTestResult executionId="0e910a71-9b4c-4bca-9f95-249abbbed813" testId="c83dc0ba-27d1-5b94-9d26-6c298c723895" testName="MesIngest.Tests.WatchV2ShellTests.Settings_masks_credential_and_exposes_legal_timeout_range" computerName="LAB-WIN-01" duration="00:00:00.1263716" startTime="2026-08-12T22:21:01.9014219+08:00" endTime="2026-08-12T22:21:01.9014225+08:00" testType="13cdc9d9-ddb5-4fa4-a97d-d965ccfc6d4b" outcome="Passed" testListId="8c84fa94-04c1-424b-9868-57a2d4851a1d" relativeResultsDirectory="0e910a71-9b4c-4bca-9f95-249abbbed813" />
    <UnitTestResult executionId="e153cd49-f663-40f3-b16e-8b0b477e021c" testId="12c458ef-20c7-5f5b-717f-d7ba24ab3dac" testName="MesIngest.Tests.ListenBindingPolicyTests.Localhost_urls_do_not_require_shared_secret(urls: &quot;http://localhost:5088&quot;)" computerName="LAB-WIN-01" duration="00:00:00.0014702" startTime="2026-08-12T22:20:57.6795958+08:00" endTime="2026-08-12T22:20:57.6795958+08:00" testType="13cdc9d9-ddb5-4fa4-a97d-d965ccfc6d4b" outcome="Passed" testListId="8c84fa94-04c1-424b-9868-57a2d4851a1d" relativeResultsDirectory="e153cd49-f663-40f3-b16e-8b0b477e021c" />
    <UnitTestResult executionId="b910a286-0af4-485a-85a1-b074e8e806dc" testId="2650ef0c-140c-0e55-bb75-9e4f02889303" testName="MesIngest.Tests.WatchV2ShellTests.Composition_restores_saved_host_and_timeout_but_keeps_credential_in_external_configuration" computerName="LAB-WIN-01" duration="00:00:00.5035104" startTime="2026-08-12T22:21:00.7951038+08:00" endTime="2026-08-12T22:21:00.7951041+08:00" testType="13cdc9d9-ddb5-4fa4-a97d-d965ccfc6d4b" outcome="Passed" testListId="8c84fa94-04c1-424b-9868-57a2d4851a1d" relativeResultsDirectory="b910a286-0af4-485a-85a1-b074e8e806dc" />
    <UnitTestResult executionId="869803ad-56cb-4e10-b834-ccd9316c0f6f" testId="ac30aaaf-f92f-365f-2b99-f97c1b095b81" testName="MesIngest.Tests.DemandChangeFeedApiTests.Demand_changes_returns_bounded_page_with_watermarks" computerName="LAB-WIN-01" duration="00:00:00.2950894" startTime="2026-08-12T22:20:59.9648939+08:00" endTime="2026-08-12T22:20:59.9648941+08:00" testType="13cdc9d9-ddb5-4fa4-a97d-d965ccfc6d4b" outcome="Passed" testListId="8c84fa94-04c1-424b-9868-57a2d4851a1d" relativeResultsDirectory="869803ad-56cb-4e10-b834-ccd9316c0f6f" />
    <UnitTestResult executionId="123bfd63-dec6-44d0-b023-127086cb00fa" testId="c9e98ba7-257b-a6eb-61ff-0d888eaafd38" testName="MesIngest.Tests.WatchGridClipboardTests.Projects_demand_row_in_grid_column_order_with_null_gone_at" computerName="LAB-WIN-01" duration="00:00:00.0144647" startTime="2026-08-12T22:20:57.7200990+08:00" endTime="2026-08-12T22:20:57.7200991+08:00" testType="13cdc9d9-ddb5-4fa4-a97d-d965ccfc6d4b" outcome="Passed" testListId="8c84fa94-04c1-424b-9868-57a2d4851a1d" relativeResultsDirectory="123bfd63-dec6-44d0-b023-127086cb00fa" />
    <UnitTestResult executionId="4fedbd9c-5b34-4a82-ad9f-c2a8b7831d81" testId="7a2de661-088a-433e-175c-18d6c66a5f42" testName="MesIngest.Tests.WatchBannerStateTests.Shows_fetch_failure_banner_when_http_client_reports_error" computerName="LAB-WIN-01" duration="00:00:00.0000903" startTime="2026-08-12T22:20:57.6831133+08:00" endTime="2026-08-12T22:20:57.6831134+08:00" testType="13cdc9d9-ddb5-4fa4-a97d-d965ccfc6d4b" outcome="Passed" testListId="8c84fa94-04c1-424b-9868-57a2d4851a1d" relativeResultsDirectory="4fedbd9c-5b34-4a82-ad9f-c2a8b7831d81" />
    <UnitTestResult executionId="93710938-646c-4af7-a6d6-1ac8cd17ed55" testId="0e894d7a-176a-64e0-2d19-fb393627032d" testName="MesIngest.Tests.WatchDemandSessionTests.Gone_initial_load_uses_a_fixed_recent_24_hour_window_and_gone_sort" computerName="LAB-WIN-01" duration="00:00:00.0097629" startTime="2026-08-12T22:20:58.3628939+08:00" endTime="2026-08-12T22:20:58.3628941+08:00" testType="13cdc9d9-ddb5-4fa4-a97d-d965ccfc6d4b" outcome="Passed" testListId="8c84fa94-04c1-424b-9868-57a2d4851a1d" relativeResultsDirectory="93710938-646c-4af7-a6d6-1ac8cd17ed55" />
    <UnitTestResult executionId="5980fca4-bccb-4008-a7a7-86e63ba95491" testId="436e369b-7e5b-3174-5286-468ee8ac58ad" testName="MesIngest.Tests.InstallPackageLayoutTests.Gitignore_excludes_filled_local_appsettings" computerName="LAB-WIN-01" duration="00:00:00.0004547" startTime="2026-08-12T22:20:57.7215676+08:00" endTime="2026-08-12T22:20:57.7215676+08:00" testType="13cdc9d9-ddb5-4fa4-a97d-d965ccfc6d4b" outcome="Passed" testListId="8c84fa94-04c1-424b-9868-57a2d4851a1d" relativeResultsDirectory="5980fca4-bccb-4008-a7a7-86e63ba95491" />
    <UnitTestResult executionId="68f8c8ff-ba14-48c9-9729-da4d062fa248" testId="483aec61-3eed-beca-bdcc-f789ed506f6f" testName="MesIngest.Tests.AlertListQueryParserTests.TryParseSortBy_accepts_alert_allow_list(raw: &quot;demandId&quot;, expected: DemandId)" computerName="LAB-WIN-01" duration="00:00:00.0000036" startTime="2026-08-12T22:20:57.6850998+08:00" endTime="2026-08-12T22:20:57.6850998+08:00" testType="13cdc9d9-ddb5-4fa4-a97d-d965ccfc6d4b" outcome="Passed" testListId="8c84fa94-04c1-424b-9868-57a2d4851a1d" relativeResultsDirectory="68f8c8ff-ba14-48c9-9729-da4d062fa248" />
    <UnitTestResult executionId="c4ff6605-21ab-47d2-b35c-d2bc9e1fbb74" testId="4759a62d-3fc7-9512-8c33-3f04804dd971" testName="MesIngest.Tests.WatchDemandBrowseTests.Client_reloads_first_page_when_cursor_is_rejected" computerName="LAB-WIN-01" duration="00:00:00.0048143" startTime="2026-08-12T22:20:57.7344193+08:00" endTime="2026-08-12T22:20:57.7344197+08:00" testType="13cdc9d9-ddb5-4fa4-a97d-d965ccfc6d4b" outcome="Passed" testListId="8c84fa94-04c1-424b-9868-57a2d4851a1d" relativeResultsDirectory="c4ff6605-21ab-47d2-b35c-d2bc9e1fbb74" />
    <UnitTestResult executionId="4f3b1fd3-6087-4f76-8f24-e7517a96cb3c" testId="d58c65bc-a629-8b10-97ab-5b5a282ab3dc" testName="MesIngest.Tests.WatchOptionsLoaderTests.Flat_MesIngestWatch_env_keys_override_Watch_section_BaseUrl" computerName="LAB-WIN-01" duration="00:00:00.0003407" startTime="2026-08-12T22:20:57.9641180+08:00" endTime="2026-08-12T22:20:57.9641181+08:00" testType="13cdc9d9-ddb5-4fa4-a97d-d965ccfc6d4b" outcome="Passed" testListId="8c84fa94-04c1-424b-9868-57a2d4851a1d" relativeResultsDirectory="4f3b1fd3-6087-4f76-8f24-e7517a96cb3c" />
    <UnitTestResult executionId="f38f0ca4-66e1-4374-b5d8-46aec3803204" testId="1cfab16b-114c-d170-483c-1e365a85e3a6" testName="MesIngest.Tests.DemandChangeFeedStoreTests.QueryChangeFeed_pages_by_afterSequence_and_is_idempotent_for_repeat_reads" computerName="LAB-WIN-01" duration="00:00:00.0040312" startTime="2026-08-12T22:20:57.6866481+08:00" endTime="2026-08-12T22:20:57.6866482+08:00" testType="13cdc9d9-ddb5-4fa4-a97d-d965ccfc6d4b" outcome="Passed" testListId="8c84fa94-04c1-424b-9868-57a2d4851a1d" relativeResultsDirectory="f38f0ca4-66e1-4374-b5d8-46aec3803204" />
    <UnitTestResult executionId="33ee4ad6-932e-4126-aa55-975bc2387b16" testId="8414ca9b-2214-79b0-5912-d91c1f4c99f4" testName="MesIngest.Tests.WatchOptionsLoaderTests.RefreshSeconds_below_one_normalizes_to_two_once" computerName="LAB-WIN-01" duration="00:00:00.0008228" startTime="2026-08-12T22:20:57.9626233+08:00" endTime="2026-08-12T22:20:57.9626235+08:00" testType="13cdc9d9-ddb5-4fa4-a97d-d965ccfc6d4b" outcome="Passed" testListId="8c84fa94-04c1-424b-9868-57a2d4851a1d" relativeResultsDirectory="33ee4ad6-932e-4126-aa55-975bc2387b16" />
    <UnitTestResult executionId="8256facc-49dc-40a2-8f0c-f5fe4dcdc2df" testId="03069590-171f-290d-7ecf-3c804e3f5763" testName="MesIngest.Tests.TransportDemandReconcilerTests.Rows_before_go_live_baseline_are_not_created_as_visible" computerName="LAB-WIN-01" duration="00:00:00.0004622" startTime="2026-08-12T22:20:57.8374609+08:00" endTime="2026-08-12T22:20:57.8374611+08:00" testType="13cdc9d9-ddb5-4fa4-a97d-d965ccfc6d4b" outcome="Passed" testListId="8c84fa94-04c1-424b-9868-57a2d4851a1d" relativeResultsDirectory="8256facc-49dc-40a2-8f0c-f5fe4dcdc2df" />
    <UnitTestResult executionId="068959dc-44b0-4ed8-84ec-fcd5997f0e87" testId="f9235d9b-641f-6925-e3a9-5d291bdcde7d" testName="MesIngest.Tests.MesIngestApiClientFetchTests.Successful_fetch_has_no_error_and_populates_lists" computerName="LAB-WIN-01" duration="00:00:00.0334606" startTime="2026-08-12T22:20:58.5723071+08:00" endTime="2026-08-12T22:20:58.5723073+08:00" testType="13cdc9d9-ddb5-4fa4-a97d-d965ccfc6d4b" outcome="Passed" testListId="8c84fa94-04c1-424b-9868-57a2d4851a1d" relativeResultsDirectory="068959dc-44b0-4ed8-84ec-fcd5997f0e87" />
    <UnitTestResult executionId="3f820d30-9560-4acc-a41d-86fb4c0d2d9f" testId="8fce9ce1-39da-e1ff-525c-a8a6c41443f7" testName="MesIngest.Tests.TransportDemandReconcilerTests.First_create_without_gone_history_does_not_raise_reappear" computerName="LAB-WIN-01" duration="00:00:00.0005451" startTime="2026-08-12T22:20:57.8307859+08:00" endTime="2026-08-12T22:20:57.8307861+08:00" testType="13cdc9d9-ddb5-4fa4-a97d-d965ccfc6d4b" outcome="Passed" testListId="8c84fa94-04c1-424b-9868-57a2d4851a1d" relativeResultsDirectory="3f820d30-9560-4acc-a41d-86fb4c0d2d9f" />
    <UnitTestResult executionId="3cee4035-ea8a-4baf-940b-230cc974a31f" testId="108f7663-b9c0-22c3-40d1-eb354afd0111" testName="MesIngest.Tests.LatencyTelemetryTests.Watch_success_survives_throwing_latency_telemetry" computerName="LAB-WIN-01" duration="00:00:00.0017727" startTime="2026-08-12T22:20:57.7744584+08:00" endTime="2026-08-12T22:20:57.7744585+08:00" testType="13cdc9d9-ddb5-4fa4-a97d-d965ccfc6d4b" outcome="Passed" testListId="8c84fa94-04c1-424b-9868-57a2d4851a1d" relativeResultsDirectory="3cee4035-ea8a-4baf-940b-230cc974a31f" />
    <UnitTestResult executionId="df56136a-69e4-49f5-9fb0-7f6a703b115e" testId="4aeedd95-1305-bfe1-76f2-99abefa72080" testName="MesIngest.Tests.AlertDetailsProjectionTests.Null_details_yields_empty_structured_projection" computerName="LAB-WIN-01" duration="00:00:00.0003252" startTime="2026-08-12T22:20:57.6431891+08:00" endTime="2026-08-12T22:20:57.6431891+08:00" testType="13cdc9d9-ddb5-4fa4-a97d-d965ccfc6d4b" outcome="Passed" testListId="8c84fa94-04c1-424b-9868-57a2d4851a1d" relativeResultsDirectory="df56136a-69e4-49f5-9fb0-7f6a703b115e" />
    <UnitTestResult executionId="8b68ec20-c7d0-4fbb-aa4c-f7eb41adcaa0" testId="d321206b-b7ba-b91b-7f8e-4dc528beae5e" testName="MesIngest.Tests.AlertListQueryParserTests.TryParseSortBy_accepts_alert_allow_list(raw: &quot;taskType&quot;, expected: TaskType)" computerName="LAB-WIN-01" duration="00:00:00.0025032" startTime="2026-08-12T22:20:57.6849011+08:00" endTime="2026-08-12T22:20:57.6849012+08:00" testType="13cdc9d9-ddb5-4fa4-a97d-d965ccfc6d4b" outcome="Passed" testListId="8c84fa94-04c1-424b-9868-57a2d4851a1d" relativeResultsDirectory="8b68ec20-c7d0-4fbb-aa4c-f7eb41adcaa0" />
    <UnitTestResult executionId="28315c6b-b291-4598-9e09-d8191b0b87f8" testId="4756551b-5601-773d-bdaf-0ea0c758a9e4" testName="MesIngest.Tests.AlertIncidentSyncTests.Same_identity_and_fingerprint_bumps_occurrence_instead_of_inserting" computerName="LAB-WIN-01" duration="00:00:00.0009446" startTime="2026-08-12T22:20:57.7267995+08:00" endTime="2026-08-12T22:20:57.7267996+08:00" testType="13cdc9d9-ddb5-4fa4-a97d-d965ccfc6d4b" outcome="Passed" testListId="8c84fa94-04c1-424b-9868-57a2d4851a1d" relativeResultsDirectory="28315c6b-b291-4598-9e09-d8191b0b87f8" />
    <UnitTestResult executionId="3cd09651-5b39-474b-9906-169b3757810f" testId="070c027e-240a-195e-30d3-0debfd22e89f" testName="MesIngest.Tests.WatchBannerProjectionTests.Active_error_alert_stays_in_alerts_grid_not_notification_banner" computerName="LAB-WIN-01" duration="00:00:00.0002448" startTime="2026-08-12T22:20:57.6813742+08:00" endTime="2026-08-12T22:20:57.6813742+08:00" testType="13cdc9d9-ddb5-4fa4-a97d-d965ccfc6d4b" outcome="Passed" testListId="8c84fa94-04c1-424b-9868-57a2d4851a1d" relativeResultsDirectory="3cd09651-5b39-474b-9906-169b3757810f" />
    <UnitTestResult executionId="3148e45b-638e-40dd-a30d-ff7daa5e7580" testId="44b7dfcf-1e09-5c15-b166-26f47e58b80e" testName="MesIngest.Tests.AlertVisibleColumnSortHttpTests.Host_pages_all_visible_alert_columns_without_gaps_or_duplicates(sortBy: &quot;lastSeenAt&quot;, direction: &quot;asc&quot;, expectedAlertIds: [&quot;a3&quot;, &quot;a2&quot;, &quot;a4&quot;, &quot;a1&quot;, &quot;a5&quot;])" computerName="LAB-WIN-01" duration="00:00:00.0831401" startTime="2026-08-12T22:21:01.7699102+08:00" endTime="2026-08-12T22:21:01.7699105+08:00" testType="13cdc9d9-ddb5-4fa4-a97d-d965ccfc6d4b" outcome="Passed" testListId="8c84fa94-04c1-424b-9868-57a2d4851a1d" relativeResultsDirectory="3148e45b-638e-40dd-a30d-ff7daa5e7580" />
    <UnitTestResult executionId="4e2f2932-2a12-4a06-986d-4a9adffc3f2c" testId="79d9747f-c7cb-62f2-c5e5-255d3ef0144f" testName="MesIngest.Tests.WatchLayoutPreferencesTests.Default_file_path_is_under_local_app_data_not_host_config" computerName="LAB-WIN-01" duration="00:00:00.0002276" startTime="2026-08-12T22:20:57.9993769+08:00" endTime="2026-08-12T22:20:57.9993771+08:00" testType="13cdc9d9-ddb5-4fa4-a97d-d965ccfc6d4b" outcome="Passed" testListId="8c84fa94-04c1-424b-9868-57a2d4851a1d" relativeResultsDirectory="4e2f2932-2a12-4a06-986d-4a9adffc3f2c" />
    <UnitTestResult executionId="6953aa48-dc79-4010-8a47-dfe09adfac9a" testId="d54dec52-d6f7-d729-1368-59ddb50414b0" testName="MesIngest.Tests.TransportDemandReconcilerTests.Empty_area_still_creates_visible_demand_with_location_risk_signal" computerName="LAB-WIN-01" duration="00:00:00.0003400" startTime="2026-08-12T22:20:57.8503967+08:00" endTime="2026-08-12T22:20:57.8503969+08:00" testType="13cdc9d9-ddb5-4fa4-a97d-d965ccfc6d4b" outcome="Passed" testListId="8c84fa94-04c1-424b-9868-57a2d4851a1d" relativeResultsDirectory="6953aa48-dc79-4010-8a47-dfe09adfac9a" />
    <UnitTestResult executionId="6db93d2f-5ee2-47b8-a6bd-8f7bbb9e908e" testId="dc4404f9-4012-a9be-5ca3-a06bb2b7da5a" testName="MesIngest.Tests.ReadApiContractTests.Poll_health_endpoint_reports_latest_round_after_runner" computerName="LAB-WIN-01" duration="00:00:00.1066495" startTime="2026-08-12T22:21:01.1936319+08:00" endTime="2026-08-12T22:21:01.1936324+08:00" testType="13cdc9d9-ddb5-4fa4-a97d-d965ccfc6d4b" outcome="Passed" testListId="8c84fa94-04c1-424b-9868-57a2d4851a1d" relativeResultsDirectory="6db93d2f-5ee2-47b8-a6bd-8f7bbb9e908e" />
    <UnitTestResult executionId="b811f1a2-6676-4a23-8fbf-6009134a81b7" testId="a7184a48-7918-ac44-8b66-68a234865c9c" testName="MesIngest.Tests.WatchV2ShellTests.Narrow_dpi_equivalent_width_uses_wrapping_headers_and_shared_visual_tokens" computerName="LAB-WIN-01" duration="00:00:00.4331101" startTime="2026-08-12T22:21:00.2914381+08:00" endTime="2026-08-12T22:21:00.2914383+08:00" testType="13cdc9d9-ddb5-4fa4-a97d-d965ccfc6d4b" outcome="Passed" testListId="8c84fa94-04c1-424b-9868-57a2d4851a1d" relativeResultsDirectory="b811f1a2-6676-4a23-8fbf-6009134a81b7" />
    <UnitTestResult executionId="7f37b03e-61f1-4fab-93bc-ec7820427f25" testId="317a35f5-fadd-92e0-4aa0-5757238b0d47" testName="MesIngest.Tests.ReadApiContractTests.Poll_health_endpoint_reports_failure_outcome" computerName="LAB-WIN-01" duration="00:00:00.1233868" startTime="2026-08-12T22:21:01.4390015+08:00" endTime="2026-08-12T22:21:01.4390018+08:00" testType="13cdc9d9-ddb5-4fa4-a97d-d965ccfc6d4b" outcome="Passed" testListId="8c84fa94-04c1-424b-9868-57a2d4851a1d" relativeResultsDirectory="7f37b03e-61f1-4fab-93bc-ec7820427f25" />
    <UnitTestResult executionId="2ab44381-8422-442b-a51d-dba39a25be4d" testId="f744e9f7-ac22-77aa-dcd9-a020d284a948" testName="MesIngest.Tests.WatchAutoRefreshScheduleTests.Defaults_keep_all_four_views_off_at_ten_seconds" computerName="LAB-WIN-01" duration="00:00:00.0022353" startTime="2026-08-12T22:20:57.6795128+08:00" endTime="2026-08-12T22:20:57.6795128+08:00" testType="13cdc9d9-ddb5-4fa4-a97d-d965ccfc6d4b" outcome="Passed" testListId="8c84fa94-04c1-424b-9868-57a2d4851a1d" relativeResultsDirectory="2ab44381-8422-442b-a51d-dba39a25be4d" />
    <UnitTestResult executionId="e8372161-ccc0-4341-97be-da5ec777937f" testId="fd4f223e-e4c9-a251-c0a0-c764adacd6b6" testName="MesIngest.Tests.OpenApiContractTests.Alerts_sortBy_accepts_allow_list_and_rejects_demand_dates" computerName="LAB-WIN-01" duration="00:00:00.1783117" startTime="2026-08-12T22:21:00.6526963+08:00" endTime="2026-08-12T22:21:00.6526965+08:00" testType="13cdc9d9-ddb5-4fa4-a97d-d965ccfc6d4b" outcome="Passed" testListId="8c84fa94-04c1-424b-9868-57a2d4851a1d" relativeResultsDirectory="e8372161-ccc0-4341-97be-da5ec777937f" />
    <UnitTestResult executionId="9df7d3f2-1fdc-4d16-bdc8-c9d46eaa31c2" testId="608da5d4-480e-aab3-5b7f-167008bdd35e" testName="MesIngest.Tests.WatchBrowseSessionTests.Every_visible_alert_column_toggles_server_sort(header: &quot;Code&quot;, token: &quot;code&quot;)" computerName="LAB-WIN-01" duration="00:00:00.0000046" startTime="2026-08-12T22:20:57.7190165+08:00" endTime="2026-08-12T22:20:57.7190166+08:00" testType="13cdc9d9-ddb5-4fa4-a97d-d965ccfc6d4b" outcome="Passed" testListId="8c84fa94-04c1-424b-9868-57a2d4851a1d" relativeResultsDirectory="9df7d3f2-1fdc-4d16-bdc8-c9d46eaa31c2" />
    <UnitTestResult executionId="3f769eaf-fcae-4279-b22c-d3ef7515e197" testId="ebbe8df0-bcc1-0d9b-c4f5-104a3b4f1c5c" testName="MesIngest.Tests.MainWindowUiAutomationTests.Fluent_title_bar_supports_uia_keyboard_double_click_and_mouse_drag" computerName="LAB-WIN-01" duration="00:00:08.2106410" startTime="2026-08-12T22:21:05.8734173+08:00" endTime="2026-08-12T22:21:05.8734177+08:00" testType="13cdc9d9-ddb5-4fa4-a97d-d965ccfc6d4b" outcome="Failed" testListId="8c84fa94-04c1-424b-9868-57a2d4851a1d" relativeResultsDirectory="3f769eaf-fcae-4279-b22c-d3ef7515e197">
      <Output>
        <ErrorInfo>
          <Message>Caption mouse drag did not move the window&#xD;
Expected: True&#xD;
Actual:   False</Message>
          <StackTrace>   at MesIngest.Tests.MainWindowUiAutomationTests.Fluent_title_bar_supports_uia_keyboard_double_click_and_mouse_drag() in C:\Users\szy\Desktop\8005---AGV\mes\ingest\csharp\MesIngest.Tests\MainWindowUiAutomationTests.cs:line 133&#xD;
   at System.RuntimeMethodHandle.InvokeMethod(Object target, Void** arguments, Signature sig, Boolean isConstructor)&#xD;
   at System.Reflection.MethodBaseInvoker.InvokeWithNoArgs(Object obj, BindingFlags invokeAttr)</StackTrace>
        </ErrorInfo>
      </Output>
    </UnitTestResult>
    <UnitTestResult executionId="fe6504e1-4bb6-4c85-b03b-ddbbee13b7a7" testId="e0efc5aa-04bf-aef3-c2c9-955a9b696897" testName="MesIngest.Tests.ListenBindingPolicyTests.Non_localhost_urls_require_shared_secret(urls: &quot;http://0.0.0.0:5088&quot;)" computerName="LAB-WIN-01" duration="00:00:00.0002027" startTime="2026-08-12T22:20:57.6784833+08:00" endTime="2026-08-12T22:20:57.6784834+08:00" testType="13cdc9d9-ddb5-4fa4-a97d-d965ccfc6d4b" outcome="Passed" testListId="8c84fa94-04c1-424b-9868-57a2d4851a1d" relativeResultsDirectory="fe6504e1-4bb6-4c85-b03b-ddbbee13b7a7" />
    <UnitTestResult executionId="f574f7e1-d7f6-4d29-8ebf-7191e35d7a97" testId="33c02873-c5bb-cc3c-3abf-c23ef6487bf4" testName="MesIngest.Tests.WatchOverviewStateTests.Canceled_overview_ignores_late_responses_even_when_the_host_ignores_cancellation" computerName="LAB-WIN-01" duration="00:00:00.9145037" startTime="2026-08-12T22:20:58.5632114+08:00" endTime="2026-08-12T22:20:58.5632116+08:00" testType="13cdc9d9-ddb5-4fa4-a97d-d965ccfc6d4b" outcome="Passed" testListId="8c84fa94-04c1-424b-9868-57a2d4851a1d" relativeResultsDirectory="f574f7e1-d7f6-4d29-8ebf-7191e35d7a97" />
    <UnitTestResult executionId="eb4828b1-d378-4a42-b896-036a5d8bf9f7" testId="27c09c88-5579-317c-ff28-8aa986d2e370" testName="MesIngest.Tests.AlertIncidentSyncTests.Poll_duration_change_does_not_split_incident" computerName="LAB-WIN-01" duration="00:00:00.0006836" startTime="2026-08-12T22:20:57.7201363+08:00" endTime="2026-08-12T22:20:57.7201364+08:00" testType="13cdc9d9-ddb5-4fa4-a97d-d965ccfc6d4b" outcome="Passed" testListId="8c84fa94-04c1-424b-9868-57a2d4851a1d" relativeResultsDirectory="eb4828b1-d378-4a42-b896-036a5d8bf9f7" />
    <UnitTestResult executionId="135c163e-9a55-4026-838e-a53eb5069c42" testId="92fe5323-167b-2046-649b-ac4347fd39e5" testName="MesIngest.Tests.WatchBannerProjectionTests.Pause_uses_current_pause_flags_not_resolved_alert_history" computerName="LAB-WIN-01" duration="00:00:00.0002859" startTime="2026-08-12T22:20:57.6821013+08:00" endTime="2026-08-12T22:20:57.6821014+08:00" testType="13cdc9d9-ddb5-4fa4-a97d-d965ccfc6d4b" outcome="Passed" testListId="8c84fa94-04c1-424b-9868-57a2d4851a1d" relativeResultsDirectory="135c163e-9a55-4026-838e-a53eb5069c42" />
    <UnitTestResult executionId="d38e2016-b64a-4c07-9ce3-642d60e4a78d" testId="f5eeb6a0-ee69-0a46-00d4-8f584c1ea66c" testName="MesIngest.Tests.WatchAlertBrowsePagingTests.Invalid_alert_cursor_during_automatic_refresh_reloads_a_clean_first_page" computerName="LAB-WIN-01" duration="00:00:00.0025086" startTime="2026-08-12T22:20:57.7506638+08:00" endTime="2026-08-12T22:20:57.7506638+08:00" testType="13cdc9d9-ddb5-4fa4-a97d-d965ccfc6d4b" outcome="Passed" testListId="8c84fa94-04c1-424b-9868-57a2d4851a1d" relativeResultsDirectory="d38e2016-b64a-4c07-9ce3-642d60e4a78d" />
    <UnitTestResult executionId="27483aa1-6e30-4d88-b44e-3b4131aba80f" testId="f33499e9-366c-d3fc-4276-72f6fb9093ed" testName="MesIngest.Tests.OracleProbeTests.Failure_outcome_returns_nonzero" computerName="LAB-WIN-01" duration="00:00:00.0006789" startTime="2026-08-12T22:20:57.8373843+08:00" endTime="2026-08-12T22:20:57.8373845+08:00" testType="13cdc9d9-ddb5-4fa4-a97d-d965ccfc6d4b" outcome="Passed" testListId="8c84fa94-04c1-424b-9868-57a2d4851a1d" relativeResultsDirectory="27483aa1-6e30-4d88-b44e-3b4131aba80f" />
    <UnitTestResult executionId="fe3eaeb2-2c4f-4215-828b-2cc3c76d844a" testId="c72a80f2-2513-16df-9279-1c8d77bd60a2" testName="MesIngest.Tests.TransportDemandReconcilerTests.Restart_second_successful_round_resumes_disappear_counting" computerName="LAB-WIN-01" duration="00:00:00.0136664" startTime="2026-08-12T22:20:57.8302711+08:00" endTime="2026-08-12T22:20:57.8302721+08:00" testType="13cdc9d9-ddb5-4fa4-a97d-d965ccfc6d4b" outcome="Passed" testListId="8c84fa94-04c1-424b-9868-57a2d4851a1d" relativeResultsDirectory="fe3eaeb2-2c4f-4215-828b-2cc3c76d844a" />
    <UnitTestResult executionId="f4e7a127-6d21-4263-81d5-af9c22709699" testId="f9abdf57-67d3-fb05-ce35-acf39fe2fd53" testName="MesIngest.Tests.AlertDetailViewModelTests.Exposes_public_header_fields_and_host_source" computerName="LAB-WIN-01" duration="00:00:00.0034574" startTime="2026-08-12T22:20:57.7634343+08:00" endTime="2026-08-12T22:20:57.7634343+08:00" testType="13cdc9d9-ddb5-4fa4-a97d-d965ccfc6d4b" outcome="Passed" testListId="8c84fa94-04c1-424b-9868-57a2d4851a1d" relativeResultsDirectory="f4e7a127-6d21-4263-81d5-af9c22709699" />
    <UnitTestResult executionId="8b99889d-66a9-4c56-a4a2-01459e88bd38" testId="9a0dc0e0-64a5-8f24-93ee-6463d0dd7b2c" testName="MesIngest.Tests.ReadApiSharedSecretAuthTests.Non_localhost_without_shared_secret_fails_validation" computerName="LAB-WIN-01" duration="00:00:00.0035509" startTime="2026-08-12T22:20:57.7699375+08:00" endTime="2026-08-12T22:20:57.7699377+08:00" testType="13cdc9d9-ddb5-4fa4-a97d-d965ccfc6d4b" outcome="Passed" testListId="8c84fa94-04c1-424b-9868-57a2d4851a1d" relativeResultsDirectory="8b99889d-66a9-4c56-a4a2-01459e88bd38" />
    <UnitTestResult executionId="d33e87b6-6050-4003-b7f7-9124e4c49d9a" testId="d52e0d67-780d-432a-035d-5de118457d7b" testName="MesIngest.Tests.WatchAlertSessionTests.Invalid_draft_is_rejected_without_calling_host(code: &quot;POLL_FAILURE&quot;, severity: &quot;CRITICAL&quot;, range: null, expectedError: &quot;Severity&quot;)" computerName="LAB-WIN-01" duration="00:00:00.0000164" startTime="2026-08-12T22:20:57.7237301+08:00" endTime="2026-08-12T22:20:57.7237302+08:00" testType="13cdc9d9-ddb5-4fa4-a97d-d965ccfc6d4b" outcome="Passed" testListId="8c84fa94-04c1-424b-9868-57a2d4851a1d" relativeResultsDirectory="d33e87b6-6050-4003-b7f7-9124e4c49d9a" />
    <UnitTestResult executionId="ab107572-63b2-4d39-8f04-05684983d980" testId="3770e4ba-64a1-3484-2c04-05c8b919671f" testName="MesIngest.Tests.IngestRoundRunnerTests.Csv_zero_byte_file_is_poll_incomplete_without_mutating_presence" computerName="LAB-WIN-01" duration="00:00:00.0376029" startTime="2026-08-12T22:20:58.7191022+08:00" endTime="2026-08-12T22:20:58.7191023+08:00" testType="13cdc9d9-ddb5-4fa4-a97d-d965ccfc6d4b" outcome="Passed" testListId="8c84fa94-04c1-424b-9868-57a2d4851a1d" relativeResultsDirectory="ab107572-63b2-4d39-8f04-05684983d980" />
    <UnitTestResult executionId="dfacb26e-05cf-4dbb-af7a-72f18206b3de" testId="fccb6ef5-f4c9-48cc-e6bc-caff8993bbd6" testName="MesIngest.Tests.OpenApiContractTests.OpenApi_document_lists_read_endpoints_with_bearer_security_and_semantics" computerName="LAB-WIN-01" duration="00:00:01.7381962" startTime="2026-08-12T22:20:59.3628059+08:00" endTime="2026-08-12T22:20:59.3628064+08:00" testType="13cdc9d9-ddb5-4fa4-a97d-d965ccfc6d4b" outcome="Passed" testListId="8c84fa94-04c1-424b-9868-57a2d4851a1d" relativeResultsDirectory="dfacb26e-05cf-4dbb-af7a-72f18206b3de" />
    <UnitTestResult executionId="37840ea0-0b63-4971-92c0-53d35c23ae20" testId="1d918646-bfa8-80f9-a255-6d51e2b3d1ce" testName="MesIngest.Tests.WatchStatusBarStateTests.Recovery_message_appears_briefly_on_status_bar" computerName="LAB-WIN-01" duration="00:00:00.0082089" startTime="2026-08-12T22:20:57.6965140+08:00" endTime="2026-08-12T22:20:57.6965142+08:00" testType="13cdc9d9-ddb5-4fa4-a97d-d965ccfc6d4b" outcome="Passed" testListId="8c84fa94-04c1-424b-9868-57a2d4851a1d" relativeResultsDirectory="37840ea0-0b63-4971-92c0-53d35c23ae20" />
    <UnitTestResult executionId="1ac35dc9-4a2f-4e7b-b749-9b90c718e47b" testId="72da4fa5-0fc1-eeed-8348-8c58a2db01ab" testName="MesIngest.Tests.WatchHostSessionTests.Settings_reject_timeout_outside_one_to_three_hundred_seconds(timeoutSeconds: 0)" computerName="LAB-WIN-01" duration="00:00:00.0003479" startTime="2026-08-12T22:20:58.4954487+08:00" endTime="2026-08-12T22:20:58.4954488+08:00" testType="13cdc9d9-ddb5-4fa4-a97d-d965ccfc6d4b" outcome="Passed" testListId="8c84fa94-04c1-424b-9868-57a2d4851a1d" relativeResultsDirectory="1ac35dc9-4a2f-4e7b-b749-9b90c718e47b" />
    <UnitTestResult executionId="4ef158b6-b789-45d9-952e-760cc3a30223" testId="4a001eb7-9032-e479-06f7-bb8ef2ecf34a" testName="MesIngest.Tests.TransportDemandReconcilerTests.Restart_post_barrier_preserves_persisted_healthy_baseline_when_barrier_count_is_lower" computerName="LAB-WIN-01" duration="00:00:00.0004252" startTime="2026-08-12T22:20:57.8393641+08:00" endTime="2026-08-12T22:20:57.8393642+08:00" testType="13cdc9d9-ddb5-4fa4-a97d-d965ccfc6d4b" outcome="Passed" testListId="8c84fa94-04c1-424b-9868-57a2d4851a1d" relativeResultsDirectory="4ef158b6-b789-45d9-952e-760cc3a30223" />
    <UnitTestResult executionId="35e907c6-63a0-46a4-ac93-2d88a5a62fae" testId="93dabf42-43d1-7892-0188-22f262cd6258" testName="MesIngest.Tests.TransportDemandKeyTests.Null_or_blank_components_are_rejected(taskType: &quot;WIRE_TO_GATE&quot;, sublot: null)" computerName="LAB-WIN-01" duration="00:00:00.0000455" startTime="2026-08-12T22:20:57.7739556+08:00" endTime="2026-08-12T22:20:57.7739557+08:00" testType="13cdc9d9-ddb5-4fa4-a97d-d965ccfc6d4b" outcome="Passed" testListId="8c84fa94-04c1-424b-9868-57a2d4851a1d" relativeResultsDirectory="35e907c6-63a0-46a4-ac93-2d88a5a62fae" />
    <UnitTestResult executionId="d5c2561a-1bc6-4c2a-9283-70e2e76cd8ac" testId="3a0ad1d5-1b5d-665e-1872-5ef281878c82" testName="MesIngest.Tests.WatchDemandBrowseTests.Default_browse_query_requests_visible_dates_desc_without_cursor" computerName="LAB-WIN-01" duration="00:00:00.0002966" startTime="2026-08-12T22:20:57.7365873+08:00" endTime="2026-08-12T22:20:57.7365874+08:00" testType="13cdc9d9-ddb5-4fa4-a97d-d965ccfc6d4b" outcome="Passed" testListId="8c84fa94-04c1-424b-9868-57a2d4851a1d" relativeResultsDirectory="d5c2561a-1bc6-4c2a-9283-70e2e76cd8ac" />
    <UnitTestResult executionId="2951148b-a507-4c40-9701-0ab0774942b1" testId="603468ee-6aaf-e740-488a-e370277d2190" testName="MesIngest.Tests.IngestRoundRunnerTests.Failed_or_incomplete_round_does_not_consume_restart_barrier" computerName="LAB-WIN-01" duration="00:00:00.0036843" startTime="2026-08-12T22:20:58.6624480+08:00" endTime="2026-08-12T22:20:58.6624482+08:00" testType="13cdc9d9-ddb5-4fa4-a97d-d965ccfc6d4b" outcome="Passed" testListId="8c84fa94-04c1-424b-9868-57a2d4851a1d" relativeResultsDirectory="2951148b-a507-4c40-9701-0ab0774942b1" />
    <UnitTestResult executionId="1064a140-3581-4585-a53a-818d000a2abd" testId="f7834954-43f6-d402-e7ac-06fcd402a4c0" testName="MesIngest.Tests.TransportDemandReconcilerTests.Zero_drop_does_not_enter_pause_when_post_baseline_count_is_non_zero" computerName="LAB-WIN-01" duration="00:00:00.0007846" startTime="2026-08-12T22:20:57.8880040+08:00" endTime="2026-08-12T22:20:57.8880042+08:00" testType="13cdc9d9-ddb5-4fa4-a97d-d965ccfc6d4b" outcome="Passed" testListId="8c84fa94-04c1-424b-9868-57a2d4851a1d" relativeResultsDirectory="1064a140-3581-4585-a53a-818d000a2abd" />
    <UnitTestResult executionId="46e9a3a3-7484-4d86-90d3-7090cdb913d8" testId="47195267-3d13-fe46-0d58-f7b1ae0f64dc" testName="MesIngest.Tests.SchemaUpgradeTests.Mid_upgrade_failure_leaves_no_half_migration_and_recovers_on_rerun" computerName="LAB-WIN-01" duration="00:00:00.0010000" startTime="2026-08-12T22:21:16.8832922+08:00" endTime="2026-08-12T22:21:16.8832926+08:00" testType="13cdc9d9-ddb5-4fa4-a97d-d965ccfc6d4b" outcome="NotExecuted" testListId="8c84fa94-04c1-424b-9868-57a2d4851a1d" relativeResultsDirectory="46e9a3a3-7484-4d86-90d3-7090cdb913d8">
      <Output>
        <StdOut>SQL Server unavailable (set MES_INGEST_SQLSERVER or enable LocalDB)</StdOut>
      </Output>
    </UnitTestResult>
    <UnitTestResult executionId="a01632fb-7ba1-4746-baca-af03837cc502" testId="148ec1bf-a385-f3dd-d7b9-342ef83512f1" testName="MesIngest.Tests.WatchDemandSessionTests.Expired_cursor_retries_page_one_once_and_commits_the_recovered_window" computerName="LAB-WIN-01" duration="00:00:00.0198374" startTime="2026-08-12T22:20:58.3923793+08:00" endTime="2026-08-12T22:20:58.3923796+08:00" testType="13cdc9d9-ddb5-4fa4-a97d-d965ccfc6d4b" outcome="Passed" testListId="8c84fa94-04c1-424b-9868-57a2d4851a1d" relativeResultsDirectory="a01632fb-7ba1-4746-baca-af03837cc502" />
    <UnitTestResult executionId="e6fc78dd-9bb9-4949-a999-efc470335e56" testId="6d456e4e-d9c3-ec28-31a8-cb5e47e1148e" testName="MesIngest.Tests.PaginatedDemandApiTests.List_default_dates_desc_pages_through_tied_primary_values_without_gap_or_dup" computerName="LAB-WIN-01" duration="00:00:00.2276128" startTime="2026-08-12T22:21:00.3266634+08:00" endTime="2026-08-12T22:21:00.3266637+08:00" testType="13cdc9d9-ddb5-4fa4-a97d-d965ccfc6d4b" outcome="Passed" testListId="8c84fa94-04c1-424b-9868-57a2d4851a1d" relativeResultsDirectory="e6fc78dd-9bb9-4949-a999-efc470335e56" />
    <UnitTestResult executionId="b341d49c-b577-48be-8d54-e97298e94a6c" testId="8acc699f-b798-9bd4-14a9-2aaa8b574bf8" testName="MesIngest.Tests.WatchAlertBrowsePagingLiveHostTests.Watch_reaches_all_alerts_in_server_sorted_order_and_preserves_sort_on_refresh" computerName="LAB-WIN-01" duration="00:00:01.7356499" startTime="2026-08-12T22:20:59.5738165+08:00" endTime="2026-08-12T22:20:59.5738170+08:00" testType="13cdc9d9-ddb5-4fa4-a97d-d965ccfc6d4b" outcome="Passed" testListId="8c84fa94-04c1-424b-9868-57a2d4851a1d" relativeResultsDirectory="b341d49c-b577-48be-8d54-e97298e94a6c" />
    <UnitTestResult executionId="e067ba4f-e21b-4999-8f48-b51d5d1c436a" testId="83c07916-15fc-0dd8-785e-9fdb7a96e786" testName="MesIngest.Tests.WatchAlertRelationshipTests.Reappear_keeps_previous_and_new_exact_targets_separate" computerName="LAB-WIN-01" duration="00:00:00.0200411" startTime="2026-08-12T22:20:57.6722453+08:00" endTime="2026-08-12T22:20:57.6722453+08:00" testType="13cdc9d9-ddb5-4fa4-a97d-d965ccfc6d4b" outcome="Passed" testListId="8c84fa94-04c1-424b-9868-57a2d4851a1d" relativeResultsDirectory="e067ba4f-e21b-4999-8f48-b51d5d1c436a" />
[...]
info: MesIngest.Latency[0]&#xD;
      correlationId=52b0ddbf1ca94b4aae47b26ea98d371a component=Host stage=HTTP_OK elapsedMs=1 endpoint=/api/alerts statusCode=200&#xD;
info: MesIngest.Latency[0]&#xD;
      correlationId=53d07d5d50a949feae98ab1c5d97ab2b component=Host stage=HTTP_OK elapsedMs=1 endpoint=/api/alerts statusCode=200&#xD;
info: MesIngest.Host.PollHostedService[0]&#xD;
      Continuous poll disabled; PollHostedService idle.&#xD;
info: Microsoft.Hosting.Lifetime[14]&#xD;
      Now listening on: http://127.0.0.1:5088&#xD;
info: MesIngest.Host.PollHostedService[0]&#xD;
      Continuous poll disabled; PollHostedService idle.&#xD;
info: Microsoft.Hosting.Lifetime[14]&#xD;
      Now listening on: http://127.0.0.1:5088&#xD;
info: MesIngest.Latency[0]&#xD;
      correlationId=4ccd5ded816f41bbb20e41299658aa95 component=Host stage=HTTP_OK elapsedMs=1 endpoint=/api/poll-health statusCode=200&#xD;
info: MesIngest.Latency[0]&#xD;
      correlationId=e461c39563434561b08ca0498014d137 component=Host stage=HTTP_OK elapsedMs=2 endpoint=/api/alerts statusCode=200&#xD;
info: MesIngest.Latency[0]&#xD;
      correlationId=022065d99b514bb286c31c697b40f67e component=Host stage=HTTP_OK elapsedMs=0 endpoint=/api/alerts statusCode=200&#xD;
info: MesIngest.Latency[0]&#xD;
      correlationId=353962b8b9e44b928b6322546337fee0 component=Host stage=HTTP_OK elapsedMs=1 endpoint=/api/alerts statusCode=200&#xD;
info: MesIngest.Host.PollHostedService[0]&#xD;
      Continuous poll disabled; PollHostedService idle.&#xD;
info: Microsoft.Hosting.Lifetime[14]&#xD;
      Now listening on: http://127.0.0.1:5088&#xD;
info: MesIngest.Latency[0]&#xD;
      correlationId=c8e0b36492514d94a8976376b9699f96 component=Host stage=HTTP_OK elapsedMs=1 endpoint=/api/alerts statusCode=200&#xD;
info: MesIngest.Latency[0]&#xD;
      correlationId=3358be702e2748ca82d5f9e48ba2e7da component=Host stage=HTTP_OK elapsedMs=1 endpoint=/api/alerts statusCode=200&#xD;
info: MesIngest.Latency[0]&#xD;
      correlationId=c4d56e28fd704c45938c1fe558a6a23f component=Host stage=HTTP_OK elapsedMs=1 endpoint=/api/alerts statusCode=200&#xD;
info: MesIngest.Host.PollHostedService[0]&#xD;
      Continuous poll disabled; PollHostedService idle.&#xD;
info: Microsoft.Hosting.Lifetime[14]&#xD;
      Now listening on: http://127.0.0.1:5088&#xD;
info: MesIngest.Latency[0]&#xD;
      correlationId=88fa9a3a7a244408913786a1c1768491 component=Host stage=HTTP_OK elapsedMs=1 endpoint=/api/alerts statusCode=200&#xD;
info: MesIngest.Latency[0]&#xD;
      correlationId=9547a5eaa1554e97b91a276df5cac8f0 component=Host stage=HTTP_OK elapsedMs=0 endpoint=/api/alerts statusCode=200&#xD;
info: MesIngest.Latency[0]&#xD;
      correlationId=84ca2f1e659b4c35b3074e81c9f779c0 component=Host stage=HTTP_OK elapsedMs=0 endpoint=/api/alerts statusCode=200&#xD;
info: MesIngest.Host.PollHostedService[0]&#xD;
      Continuous poll disabled; PollHostedService idle.&#xD;
info: Microsoft.Hosting.Lifetime[14]&#xD;
      Now listening on: http://127.0.0.1:5088&#xD;
info: MesIngest.Latency[0]&#xD;
      correlationId=ec0a04432b8e4460b531d38ee820b321 component=Host stage=HTTP_OK elapsedMs=3 endpoint=/api/alerts statusCode=200&#xD;
info: MesIngest.Latency[0]&#xD;
      correlationId=f221a0fad9014ea68658fea12648d499 component=Host stage=HTTP_OK elapsedMs=1 endpoint=/api/alerts statusCode=200&#xD;
info: MesIngest.Latency[0]&#xD;
      correlationId=7dd3eaf422d64a66b83bf7e6ad040012 component=Host stage=HTTP_OK elapsedMs=1 endpoint=/api/alerts statusCode=200&#xD;
info: MesIngest.Host.PollHostedService[0]&#xD;
      Continuous poll disabled; PollHostedService idle.&#xD;
info: Microsoft.Hosting.Lifetime[14]&#xD;
      Now listening on: http://127.0.0.1:5088&#xD;
info: MesIngest.Latency[0]&#xD;
      correlationId=ac8896da764c42a283a06dbba6ff689b component=Host stage=HTTP_OK elapsedMs=2 endpoint=/api/alerts statusCode=200&#xD;
info: MesIngest.Latency[0]&#xD;
      correlationId=542b693735bf40cd8609a2b461c3b7c3 component=Host stage=HTTP_OK elapsedMs=0 endpoint=/api/alerts statusCode=200&#xD;
info: MesIngest.Latency[0]&#xD;
      correlationId=756e0b18212e4085a895d4296274b4bc component=Host stage=HTTP_OK elapsedMs=0 endpoint=/api/alerts statusCode=200&#xD;
info: MesIngest.Host.PollHostedService[0]&#xD;
      Continuous poll disabled; PollHostedService idle.&#xD;
info: Microsoft.Hosting.Lifetime[14]&#xD;
      Now listening on: http://127.0.0.1:5088&#xD;
info: MesIngest.Latency[0]&#xD;
      correlationId=ebc9b311d811482f89228d5e41914e0e component=Host stage=HTTP_OK elapsedMs=2 endpoint=/api/alerts statusCode=200&#xD;
info: MesIngest.Latency[0]&#xD;
      correlationId=77e4cc07815d4f39b584e4d27944f5e2 component=Host stage=HTTP_OK elapsedMs=0 endpoint=/api/alerts statusCode=200&#xD;
info: MesIngest.Latency[0]&#xD;
      correlationId=d5f7851838e3475eaf1f6a4634d35f3b component=Host stage=HTTP_OK elapsedMs=0 endpoint=/api/alerts statusCode=200&#xD;
[xUnit.net 00:00:26.32]       Caption mouse drag did not move the window&#xD;
[xUnit.net 00:00:26.33]       Expected: True&#xD;
[xUnit.net 00:00:26.33]       Actual:   False&#xD;
[xUnit.net 00:00:26.33]       Stack Trace:&#xD;
[xUnit.net 00:00:26.33]         C:\Users\szy\Desktop\8005---AGV\mes\ingest\csharp\MesIngest.Tests\MainWindowUiAutomationTests.cs(133,0): at MesIngest.Tests.MainWindowUiAutomationTests.Fluent_title_bar_supports_uia_keyboard_double_click_and_mouse_drag()&#xD;
[xUnit.net 00:00:26.33]            at System.RuntimeMethodHandle.InvokeMethod(Object target, Void** arguments, Signature sig, Boolean isConstructor)&#xD;
[xUnit.net 00:00:26.33]            at System.Reflection.MethodBaseInvoker.InvokeWithNoArgs(Object obj, BindingFlags invokeAttr)&#xD;
info: MesIngest.Host.PollHostedService[0]&#xD;
      Continuous poll disabled; PollHostedService idle.&#xD;
info: Microsoft.Hosting.Lifetime[14]&#xD;
      Now listening on: http://127.0.0.1:5088&#xD;
info: MesIngest.Latency[0]&#xD;
      correlationId=d956ad3ffb1d4eb78c877baf182b6107 component=Host stage=HTTP_OK elapsedMs=2 endpoint=/api/v2/contract statusCode=200&#xD;
info: MesIngest.Latency[0]&#xD;
      correlationId=4f8462f55bea49f79432ed4d253efa65 component=Host stage=HTTP_OK elapsedMs=37 endpoint=/api/v2/demand-series/by-key statusCode=200&#xD;
info: MesIngest.Latency[0]&#xD;
      correlationId=244d10712a054221b4ecdb0deca9e0dc component=Host stage=HTTP_STATUS elapsedMs=1 endpoint=/api/v2/demand-series/by-key statusCode=404&#xD;
info: MesIngest.Latency[0]&#xD;
      correlationId=28cda55cd795451d99d28ff5ad17dfb8 component=Host stage=HTTP_STATUS elapsedMs=0 endpoint=/api/v2/demand-series/by-key statusCode=404&#xD;
info: MesIngest.Latency[0]&#xD;
      correlationId=6e63335f4d07455d9b3c590a59cab70b component=Host stage=HTTP_OK elapsedMs=13 endpoint=/api/v2/poll-traces/poll-ticket01-first statusCode=200&#xD;
info: MesIngest.Latency[0]&#xD;
      correlationId=8a5118b06e2c4fa7bbaf088d8ede807b component=Host stage=HTTP_OK elapsedMs=7 endpoint=/api/v2/demand-series/f5a8661e553943cab454bc4eee270d8d statusCode=200&#xD;
info: MesIngest.Host.PollHostedService[0]&#xD;
      Continuous poll disabled; PollHostedService idle.&#xD;
info: Microsoft.Hosting.Lifetime[14]&#xD;
      Now listening on: http://127.0.0.1:5088&#xD;
info: MesIngest.Latency[0]&#xD;
      correlationId=043c164c163643c8ad8b288417d7b5c6 component=Host stage=HTTP_OK elapsedMs=25 endpoint=/api/v2/demand-series/by-key statusCode=200&#xD;
info: MesIngest.Host.PollHostedService[0]&#xD;
      Continuous poll disabled; PollHostedService idle.&#xD;
info: Microsoft.Hosting.Lifetime[14]&#xD;
      Now listening on: http://127.0.0.1:5088&#xD;
info: MesIngest.Latency[0]&#xD;
      correlationId=9111622fc9b64239bbc4af821eebaf6f component=Host stage=HTTP_OK elapsedMs=12 endpoint=/api/v2/demand-series/bbaeec109bfc4d719fc0a1822baa0b95 statusCode=200&#xD;
info: MesIngest.Latency[0]&#xD;
      correlationId=72ebe8aef4f443a88b2e769de347dc8b component=Host stage=HTTP_OK elapsedMs=9 endpoint=/api/v2/poll-traces/poll-ticket01-restart statusCode=200&#xD;
info: MesIngest.Host.PollHostedService[0]&#xD;
      Continuous poll disabled; PollHostedService idle.&#xD;
info: Microsoft.Hosting.Lifetime[14]&#xD;
      Now listening on: http://127.0.0.1:5088&#xD;
info: MesIngest.Latency[0]&#xD;
      correlationId=14926c6c6e2648d3a930f328f6273e0a component=Host stage=HTTP_OK elapsedMs=23 endpoint=/api/v2/demand-series/by-key statusCode=200&#xD;
info: MesIngest.Latency[0]&#xD;
      correlationId=e9636fccb4ea46daba3d15d65770ac99 component=Host stage=HTTP_OK elapsedMs=3 endpoint=/api/v2/demand-series/by-key statusCode=200&#xD;
info: MesIngest.Latency[0]&#xD;
      correlationId=c61ff98df7f644b09b73067d7166ec93 component=Host stage=HTTP_OK elapsedMs=9 endpoint=/api/v2/poll-traces/poll-ticket01-equivalent-2 statusCode=200&#xD;
[xUnit.net 00:00:37.33]       SQL Server unavailable (set MES_INGEST_SQLSERVER or enable LocalDB)&#xD;
[xUnit.net 00:00:37.33]       SQL Server unavailable (set MES_INGEST_SQLSERVER or enable LocalDB)&#xD;
[xUnit.net 00:00:37.34]       SQL Server unavailable (set MES_INGEST_SQLSERVER or enable LocalDB)&#xD;
[xUnit.net 00:00:37.34]       SQL Server unavailable (set MES_INGEST_SQLSERVER or enable LocalDB)&#xD;
[xUnit.net 00:00:37.34]       SQL Server unavailable (set MES_INGEST_SQLSERVER or enable LocalDB)&#xD;
[xUnit.net 00:00:37.34]       SQL Server unavailable (set MES_INGEST_SQLSERVER or enable LocalDB)&#xD;
[xUnit.net 00:00:37.34]       SQL Server unavailable (set MES_INGEST_SQLSERVER or enable LocalDB)&#xD;
[xUnit.net 00:00:37.34]       SQL Server unavailable (set MES_INGEST_SQLSERVER or enable LocalDB)&#xD;
[xUnit.net 00:00:37.34]       SQL Server unavailable (set MES_INGEST_SQLSERVER or enable LocalDB)&#xD;
Test 'MesIngest.Tests.SchemaUpgradeTests.EnsureSchema_never_drops_or_truncates_transport_demands' was skipped in the test run.&#xD;
Test 'MesIngest.Tests.SchemaUpgradeTests.Mid_upgrade_failure_leaves_no_half_migration_and_recovers_on_rerun' was skipped in the test run.&#xD;
Test 'MesIngest.Tests.SchemaUpgradeTests.Upgrading_phase1_schema_preserves_demands_pauses_alerts_and_poll_health' was skipped in the test run.&#xD;
Test 'MesIngest.Tests.SqlServerReadApiPersistenceTests.Http_reads_projection_alerts_and_health_after_store_restart' was skipped in the test run.&#xD;
Test 'MesIngest.Tests.SqlServerTransportDemandStoreTests.Persisted_demands_and_pauses_are_readable_after_new_store_instance' was skipped in the test run.&#xD;
Test 'MesIngest.Tests.SqlServerTransportDemandStoreTests.Change_feed_full_purge_keeps_monotonic_watermark_and_expires_stale_cursors' was skipped in the test run.&#xD;
Test 'MesIngest.Tests.SqlServerTransportDemandStoreTests.Query_page_desc_with_tied_primary_values_has_no_gap_or_dup' was skipped in the test run.&#xD;
Test 'MesIngest.Tests.SqlServerTransportDemandStoreTests.Persisted_alerts_and_poll_health_are_readable_after_new_store_instance' was skipped in the test run.&#xD;
Test 'MesIngest.Tests.SqlServerTransportDemandStoreTests.ReplaceState_commits_projection_and_alerts_atomically' was skipped in the test run.&#xD;
[xUnit.net 00:00:37.34]       SQL Server unavailable (set MES_INGEST_SQLSERVER or enable LocalDB)&#xD;
[xUnit.net 00:00:37.34]       SQL Server unavailable (set MES_INGEST_SQLSERVER or enable LocalDB)&#xD;
[xUnit.net 00:00:37.34]       SQL Server unavailable (set MES_INGEST_SQLSERVER or enable LocalDB)&#xD;
[xUnit.net 00:00:37.34]       SQL Server unavailable (set MES_INGEST_SQLSERVER or enable LocalDB)&#xD;
[xUnit.net 00:00:37.34]       SQL Server unavailable (set MES_INGEST_SQLSERVER or enable LocalDB)&#xD;
[xUnit.net 00:00:37.34]       SQL Server unavailable (set MES_INGEST_SQLSERVER or enable LocalDB)&#xD;
[xUnit.net 00:00:37.34]       SQL Server unavailable (set MES_INGEST_SQLSERVER or enable LocalDB)&#xD;
[xUnit.net 00:00:37.34]       SQL Server unavailable (set MES_INGEST_SQLSERVER or enable LocalDB)&#xD;
[xUnit.net 00:00:37.34]       SQL Server unavailable (set MES_INGEST_SQLSERVER or enable LocalDB)&#xD;
Test 'MesIngest.Tests.SqlServerTransportDemandStoreTests.ReplaceState_does_not_rewrite_unchanged_resolved_alert_history' was skipped in the test run.&#xD;
Test 'MesIngest.Tests.SqlServerTransportDemandStoreTests.Query_page_desc_page_boundary_inside_tie_group_has_no_gap_or_dup' was skipped in the test run.&#xD;
Test 'MesIngest.Tests.SqlServerTransportDemandStoreTests.ReplaceState_writes_only_changed_rows_and_leaves_gone_immutable' was skipped in the test run.&#xD;
Test 'MesIngest.Tests.SqlServerTransportDemandStoreTests.Query_page_uses_read_path_indexes_and_keyset_pagination' was skipped in the test run.&#xD;
Test 'MesIngest.Tests.SqlServerTransportDemandStoreTests.Alert_query_pages_new_sort_columns_on_the_shared_contract' was skipped in the test run.&#xD;
Test 'MesIngest.Tests.SqlServerTransportDemandStoreTests.ReplaceState_is_atomic_across_demand_and_pause_writes' was skipped in the test run.&#xD;
Test 'MesIngest.Tests.SqlServerTransportDemandStoreTests.Gone_history_lookup_uses_ordinal_transport_demand_key_equality' was skipped in the test run.&#xD;
Test 'MesIngest.Tests.SqlServerTransportDemandStoreTests.Query_page_new_visible_columns_cover_nulls_ties_and_both_directions' was skipped in the test run.&#xD;
Test 'MesIngest.Tests.SqlServerTransportDemandStoreTests.Change_feed_survives_host_store_restart_and_purges_expired_entries' was skipped in the test run.&#xD;
[xUnit.net 00:00:37.34]       SQL Server unavailable (set MES_INGEST_SQLSERVER or enable LocalDB)&#xD;
[xUnit.net 00:00:37.34]   Finished:    MesIngest.Tests&#xD;
Test 'MesIngest.Tests.SqlServerTransportDemandStoreTests.ReplaceState_appends_change_feed_in_same_transaction_for_created_and_gone' was skipped in the test run.&#xD;
</StdOut>
    </Output>
    <RunInfos>
      <RunInfo computerName="LAB-WIN-01" outcome="Error" timestamp="2026-08-12T22:20:58.6339162+08:00">
        <Text>[xUnit.net 00:00:19.08]     MesIngest.Tests.LatencyTelemetryTests.Watch_latency_file_telemetry_enforces_log_retention_by_age [FAIL]</Text>
      </RunInfo>
      <RunInfo computerName="LAB-WIN-01" outcome="Error" timestamp="2026-08-12T22:21:05.8722837+08:00">
        <Text>[xUnit.net 00:00:26.32]     MesIngest.Tests.MainWindowUiAutomationTests.Fluent_title_bar_supports_uia_keyboard_double_click_and_mouse_drag [FAIL]</Text>
      </RunInfo>
      <RunInfo computerName="LAB-WIN-01" outcome="Warning" timestamp="2026-08-12T22:21:16.8727442+08:00">
        <Text>[xUnit.net 00:00:37.32]     MesIngest.Tests.SchemaUpgradeTests.EnsureSchema_never_drops_or_truncates_transport_demands [SKIP]</Text>
      </RunInfo>
      <RunInfo computerName="LAB-WIN-01" outcome="Warning" timestamp="2026-08-12T22:21:16.8735638+08:00">
        <Text>[xUnit.net 00:00:37.33]     MesIngest.Tests.SchemaUpgradeTests.Mid_upgrade_failure_leaves_no_half_migration_and_recovers_on_rerun [SKIP]</Text>
      </RunInfo>
      <RunInfo computerName="LAB-WIN-01" outcome="Warning" timestamp="2026-08-12T22:21:16.8835812+08:00">
        <Text>[xUnit.net 00:00:37.34]     MesIngest.Tests.SchemaUpgradeTests.Upgrading_phase1_schema_preserves_demands_pauses_alerts_and_poll_health [SKIP]</Text>
      </RunInfo>
      <RunInfo computerName="LAB-WIN-01" outcome="Warning" timestamp="2026-08-12T22:21:16.8836634+08:00">
        <Text>[xUnit.net 00:00:37.34]     MesIngest.Tests.SqlServerReadApiPersistenceTests.Http_reads_projection_alerts_and_health_after_store_restart [SKIP]</Text>
      </RunInfo>
      <RunInfo computerName="LAB-WIN-01" outcome="Warning" timestamp="2026-08-12T22:21:16.8836917+08:00">
        <Text>[xUnit.net 00:00:37.34]     MesIngest.Tests.SqlServerTransportDemandStoreTests.Persisted_demands_and_pauses_are_readable_after_new_store_instance [SKIP]</Text>
      </RunInfo>
      <RunInfo computerName="LAB-WIN-01" outcome="Warning" timestamp="2026-08-12T22:21:16.8837517+08:00">
        <Text>[xUnit.net 00:00:37.34]     MesIngest.Tests.SqlServerTransportDemandStoreTests.Change_feed_full_purge_keeps_monotonic_watermark_and_expires_stale_cursors [SKIP]</Text>
      </RunInfo>
      <RunInfo computerName="LAB-WIN-01" outcome="Warning" timestamp="2026-08-12T22:21:16.8838597+08:00">
        <Text>[xUnit.net 00:00:37.34]     MesIngest.Tests.SqlServerTransportDemandStoreTests.Query_page_desc_with_tied_primary_values_has_no_gap_or_dup [SKIP]</Text>
      </RunInfo>
      <RunInfo computerName="LAB-WIN-01" outcome="Warning" timestamp="2026-08-12T22:21:16.8839777+08:00">
        <Text>[xUnit.net 00:00:37.34]     MesIngest.Tests.SqlServerTransportDemandStoreTests.Persisted_alerts_and_poll_health_are_readable_after_new_store_instance [SKIP]</Text>
      </RunInfo>
      <RunInfo computerName="LAB-WIN-01" outcome="Warning" timestamp="2026-08-12T22:21:16.8841831+08:00">
        <Text>[xUnit.net 00:00:37.34]     MesIngest.Tests.SqlServerTransportDemandStoreTests.ReplaceState_commits_projection_and_alerts_atomically [SKIP]</Text>
      </RunInfo>
      <RunInfo computerName="LAB-WIN-01" outcome="Warning" timestamp="2026-08-12T22:21:16.8902760+08:00">
        <Text>[xUnit.net 00:00:37.34]     MesIngest.Tests.SqlServerTransportDemandStoreTests.ReplaceState_does_not_rewrite_unchanged_resolved_alert_history [SKIP]</Text>
      </RunInfo>
      <RunInfo computerName="LAB-WIN-01" outcome="Warning" timestamp="2026-08-12T22:21:16.8903272+08:00">
        <Text>[xUnit.net 00:00:37.34]     MesIngest.Tests.SqlServerTransportDemandStoreTests.Query_page_desc_page_boundary_inside_tie_group_has_no_gap_or_dup [SKIP]</Text>
      </RunInfo>
      <RunInfo computerName="LAB-WIN-01" outcome="Warning" timestamp="2026-08-12T22:21:16.8903507+08:00">
        <Text>[xUnit.net 00:00:37.34]     MesIngest.Tests.SqlServerTransportDemandStoreTests.ReplaceState_writes_only_changed_rows_and_leaves_gone_immutable [SKIP]</Text>
      </RunInfo>
      <RunInfo computerName="LAB-WIN-01" outcome="Warning" timestamp="2026-08-12T22:21:16.8903716+08:00">
        <Text>[xUnit.net 00:00:37.34]     MesIngest.Tests.SqlServerTransportDemandStoreTests.Query_page_uses_read_path_indexes_and_keyset_pagination [SKIP]</Text>
      </RunInfo>
      <RunInfo computerName="LAB-WIN-01" outcome="Warning" timestamp="2026-08-12T22:21:16.8903945+08:00">
        <Text>[xUnit.net 00:00:37.34]     MesIngest.Tests.SqlServerTransportDemandStoreTests.Alert_query_pages_new_sort_columns_on_the_shared_contract [SKIP]</Text>
      </RunInfo>
      <RunInfo computerName="LAB-WIN-01" outcome="Warning" timestamp="2026-08-12T22:21:16.8904595+08:00">
        <Text>[xUnit.net 00:00:37.34]     MesIngest.Tests.SqlServerTransportDemandStoreTests.ReplaceState_is_atomic_across_demand_and_pause_writes [SKIP]</Text>
      </RunInfo>
      <RunInfo computerName="LAB-WIN-01" outcome="Warning" timestamp="2026-08-12T22:21:16.8905140+08:00">
        <Text>[xUnit.net 00:00:37.34]     MesIngest.Tests.SqlServerTransportDemandStoreTests.Gone_history_lookup_uses_ordinal_transport_demand_key_equality [SKIP]</Text>
      </RunInfo>
      <RunInfo computerName="LAB-WIN-01" outcome="Warning" timestamp="2026-08-12T22:21:16.8905384+08:00">
        <Text>[xUnit.net 00:00:37.34]     MesIngest.Tests.SqlServerTransportDemandStoreTests.Query_page_new_visible_columns_cover_nulls_ties_and_both_directions [SKIP]</Text>
      </RunInfo>
      <RunInfo computerName="LAB-WIN-01" outcome="Warning" timestamp="2026-08-12T22:21:16.8905629+08:00">
        <Text>[xUnit.net 00:00:37.34]     MesIngest.Tests.SqlServerTransportDemandStoreTests.Change_feed_survives_host_store_restart_and_purges_expired_entries [SKIP]</Text>
      </RunInfo>
      <RunInfo computerName="LAB-WIN-01" outcome="Warning" timestamp="2026-08-12T22:21:16.8913086+08:00">
        <Text>[xUnit.net 00:00:37.34]     MesIngest.Tests.SqlServerTransportDemandStoreTests.ReplaceState_appends_change_feed_in_same_transaction_for_created_and_gone [SKIP]</Text>
      </RunInfo>
    </RunInfos>
  </ResultSummary>
</TestRun>