<?xml version="1.0" encoding="utf-8"?>
<TestRun id="a0213cbe-d614-46fa-b5bd-88ae33f5e17b" name="gpt@GPT-WIN11 2026-08-10 14:43:46" runUser="GPT-WIN11\gpt" xmlns="http://microsoft.com/schemas/VisualStudio/TeamTest/2010">
  <Times creation="2026-08-10T14:43:46.1188077+08:00" queuing="2026-08-10T14:43:46.1188083+08:00" start="2026-08-10T14:43:34.4052028+08:00" finish="2026-08-10T14:43:56.0991898+08:00" />
  <TestSettings name="default" id="fd689da6-8da5-45b8-a248-79f2da2542c9">
    <Deployment runDeploymentRoot="gpt_GPT-WIN11_2026-08-10_14_43_46" />
  </TestSettings>
  <Results>
    <UnitTestResult executionId="dd6b16d8-62db-4a2e-8e76-0d21c8f353da" testId="f9235d9b-641f-6925-e3a9-5d291bdcde7d" testName="MesIngest.Tests.MesIngestApiClientFetchTests.Successful_fetch_has_no_error_and_populates_lists" computerName="GPT-WIN11" duration="00:00:00.0014095" startTime="2026-08-10T14:43:50.4834925+08:00" endTime="2026-08-10T14:43:50.4834927+08:00" testType="13cdc9d9-ddb5-4fa4-a97d-d965ccfc6d4b" outcome="Passed" testListId="8c84fa94-04c1-424b-9868-57a2d4851a1d" relativeResultsDirectory="dd6b16d8-62db-4a2e-8e76-0d21c8f353da" />
    <UnitTestResult executionId="bb47ce4d-7645-4b5e-8bec-cfe90ad86dc4" testId="4aa51ebb-9b14-1135-e674-ca11c197819c" testName="MesIngest.Tests.IngestRoundRunnerTests.RunOnce_appends_reappear_alerts_to_store" computerName="GPT-WIN11" duration="00:00:00.0012498" startTime="2026-08-10T14:43:50.4010510+08:00" endTime="2026-08-10T14:43:50.4010512+08:00" testType="13cdc9d9-ddb5-4fa4-a97d-d965ccfc6d4b" outcome="Passed" testListId="8c84fa94-04c1-424b-9868-57a2d4851a1d" relativeResultsDirectory="bb47ce4d-7645-4b5e-8bec-cfe90ad86dc4" />
    <UnitTestResult executionId="a94737f5-a536-4d3d-a499-fa828ec5d6ba" testId="1a7c350e-67f2-782b-f169-3f035edb079c" testName="MesIngest.Tests.WatchConnectionEventRecorderTests.Repeated_failures_within_summary_interval_are_deduped" computerName="GPT-WIN11" duration="00:00:00.0002238" startTime="2026-08-10T14:43:49.5846232+08:00" endTime="2026-08-10T14:43:49.5846233+08:00" testType="13cdc9d9-ddb5-4fa4-a97d-d965ccfc6d4b" outcome="Passed" testListId="8c84fa94-04c1-424b-9868-57a2d4851a1d" relativeResultsDirectory="a94737f5-a536-4d3d-a499-fa828ec5d6ba" />
    <UnitTestResult executionId="91371840-7321-4362-ba59-59afe9081c6a" testId="b035f485-353b-529b-d130-4f35856fc08b" testName="MesIngest.Tests.SqlServerReadApiPersistenceTests.Http_reads_projection_alerts_and_health_after_store_restart" computerName="GPT-WIN11" duration="00:00:00.1294468" startTime="2026-08-10T14:43:55.0870641+08:00" endTime="2026-08-10T14:43:55.0870644+08:00" testType="13cdc9d9-ddb5-4fa4-a97d-d965ccfc6d4b" outcome="Passed" testListId="8c84fa94-04c1-424b-9868-57a2d4851a1d" relativeResultsDirectory="91371840-7321-4362-ba59-59afe9081c6a" />
    <UnitTestResult executionId="29ff5248-dde1-4e86-89f6-16facfcea305" testId="f5eeb6a0-ee69-0a46-00d4-8f584c1ea66c" testName="MesIngest.Tests.WatchAlertBrowsePagingTests.Invalid_alert_cursor_during_automatic_refresh_reloads_a_clean_first_page" computerName="GPT-WIN11" duration="00:00:00.0032338" startTime="2026-08-10T14:43:49.5590904+08:00" endTime="2026-08-10T14:43:49.5590906+08:00" testType="13cdc9d9-ddb5-4fa4-a97d-d965ccfc6d4b" outcome="Passed" testListId="8c84fa94-04c1-424b-9868-57a2d4851a1d" relativeResultsDirectory="29ff5248-dde1-4e86-89f6-16facfcea305" />
    <UnitTestResult executionId="247363aa-c0c8-4f01-8bc6-6d9f91b82e58" testId="483aec61-3eed-beca-bdcc-f789ed506f6f" testName="MesIngest.Tests.AlertListQueryParserTests.TryParseSortBy_accepts_alert_allow_list(raw: &quot;demandId&quot;, expected: DemandId)" computerName="GPT-WIN11" duration="00:00:00.0000204" startTime="2026-08-10T14:43:49.2813765+08:00" endTime="2026-08-10T14:43:49.2813765+08:00" testType="13cdc9d9-ddb5-4fa4-a97d-d965ccfc6d4b" outcome="Passed" testListId="8c84fa94-04c1-424b-9868-57a2d4851a1d" relativeResultsDirectory="247363aa-c0c8-4f01-8bc6-6d9f91b82e58" />
    <UnitTestResult executionId="d84fa3ce-7808-4e3a-94b7-4b2bdd61ff10" testId="6e587485-4d5c-5ef3-b80c-757eaae01fbc" testName="MesIngest.Tests.WatchAutoRefreshScheduleTests.Incompatible_auto_refresh_version_falls_back_to_safe_defaults" computerName="GPT-WIN11" duration="00:00:00.0039745" startTime="2026-08-10T14:43:46.1625462+08:00" endTime="2026-08-10T14:43:46.1625470+08:00" testType="13cdc9d9-ddb5-4fa4-a97d-d965ccfc6d4b" outcome="Passed" testListId="8c84fa94-04c1-424b-9868-57a2d4851a1d" relativeResultsDirectory="d84fa3ce-7808-4e3a-94b7-4b2bdd61ff10" />
    <UnitTestResult executionId="606914a6-68d6-4fba-8acb-76b1ef9626eb" testId="1bee1982-411d-f38f-8d80-53e3694c6700" testName="MesIngest.Tests.MesIngestApiClientFetchTests.Previous_reappear_demand_lookup_uses_exact_id_path_without_new_id_fallback" computerName="GPT-WIN11" duration="00:00:00.0019625" startTime="2026-08-10T14:43:50.4883983+08:00" endTime="2026-08-10T14:43:50.4883985+08:00" testType="13cdc9d9-ddb5-4fa4-a97d-d965ccfc6d4b" outcome="Passed" testListId="8c84fa94-04c1-424b-9868-57a2d4851a1d" relativeResultsDirectory="606914a6-68d6-4fba-8acb-76b1ef9626eb" />
    <UnitTestResult executionId="8dd4c367-21e2-4349-a65b-ff6ea2050787" testId="4135fbb9-101f-3f35-54fa-d5222ac4803c" testName="MesIngest.Tests.WatchDemandSessionTests.Successful_page_navigation_and_new_query_start_without_a_selection" computerName="GPT-WIN11" duration="00:00:00.0015800" startTime="2026-08-10T14:43:50.3363310+08:00" endTime="2026-08-10T14:43:50.3363320+08:00" testType="13cdc9d9-ddb5-4fa4-a97d-d965ccfc6d4b" outcome="Passed" testListId="8c84fa94-04c1-424b-9868-57a2d4851a1d" relativeResultsDirectory="8dd4c367-21e2-4349-a65b-ff6ea2050787" />
    <UnitTestResult executionId="d5ca4776-96ac-458a-bfb7-331d27800ffd" testId="e77d7733-bee8-90a0-cd6b-310ea63ba01a" testName="MesIngest.Tests.SqlServerTransportDemandStoreTests.Query_page_uses_read_path_indexes_and_keyset_pagination" computerName="GPT-WIN11" duration="00:00:00.0694416" startTime="2026-08-10T14:43:55.5554220+08:00" endTime="2026-08-10T14:43:55.5554222+08:00" testType="13cdc9d9-ddb5-4fa4-a97d-d965ccfc6d4b" outcome="Passed" testListId="8c84fa94-04c1-424b-9868-57a2d4851a1d" relativeResultsDirectory="d5ca4776-96ac-458a-bfb7-331d27800ffd" />
    <UnitTestResult executionId="981327bb-d0a9-4525-9a58-8271dd0189f4" testId="d46f1b88-57e2-bf61-1aa5-01bba9b4de64" testName="MesIngest.Tests.DemandListPagingTieBreakTests.QueryPage_desc_identical_primary_covers_all_allow_list_columns(sortBy: Dates)" computerName="GPT-WIN11" duration="00:00:00.0003053" startTime="2026-08-10T14:43:46.3129746+08:00" endTime="2026-08-10T14:43:46.3129747+08:00" testType="13cdc9d9-ddb5-4fa4-a97d-d965ccfc6d4b" outcome="Passed" testListId="8c84fa94-04c1-424b-9868-57a2d4851a1d" relativeResultsDirectory="981327bb-d0a9-4525-9a58-8271dd0189f4" />
    <UnitTestResult executionId="75a31ae8-dbd7-4b84-9954-3dbfb729a864" testId="070c027e-240a-195e-30d3-0debfd22e89f" testName="MesIngest.Tests.WatchBannerProjectionTests.Active_error_alert_stays_in_alerts_grid_not_notification_banner" computerName="GPT-WIN11" duration="00:00:00.0002294" startTime="2026-08-10T14:43:46.3909938+08:00" endTime="2026-08-10T14:43:46.3909940+08:00" testType="13cdc9d9-ddb5-4fa4-a97d-d965ccfc6d4b" outcome="Passed" testListId="8c84fa94-04c1-424b-9868-57a2d4851a1d" relativeResultsDirectory="75a31ae8-dbd7-4b84-9954-3dbfb729a864" />
    <UnitTestResult executionId="808225f0-7f71-4886-b784-6cbfbb9c1b1f" testId="05e4ba2b-f264-dd97-ef2c-ddcf9652094b" testName="MesIngest.Tests.WatchAlertSessionTests.Current_page_refresh_updates_selected_alert_or_clears_it_with_notice" computerName="GPT-WIN11" duration="00:00:00.0013061" startTime="2026-08-10T14:43:49.2285689+08:00" endTime="2026-08-10T14:43:49.2285691+08:00" testType="13cdc9d9-ddb5-4fa4-a97d-d965ccfc6d4b" outcome="Passed" testListId="8c84fa94-04c1-424b-9868-57a2d4851a1d" relativeResultsDirectory="808225f0-7f71-4886-b784-6cbfbb9c1b1f" />
    <UnitTestResult executionId="c5546497-f4e3-4509-a235-81976d9993b3" testId="46b8fa4e-7f32-65c7-10fe-e97606ac97c1" testName="MesIngest.Tests.WatchBannerProjectionTests.Not_ready_is_error_severity_red" computerName="GPT-WIN11" duration="00:00:00.0010434" startTime="2026-08-10T14:43:46.3877537+08:00" endTime="2026-08-10T14:43:46.3877538+08:00" testType="13cdc9d9-ddb5-4fa4-a97d-d965ccfc6d4b" outcome="Passed" testListId="8c84fa94-04c1-424b-9868-57a2d4851a1d" relativeResultsDirectory="c5546497-f4e3-4509-a235-81976d9993b3" />
    <UnitTestResult executionId="abe2e03b-d00b-43db-97bc-b3072a649ab4" testId="655e2fdf-a2fa-293b-46cb-3d00166af3a7" testName="MesIngest.Tests.AlertVisibleColumnSortHttpTests.Host_pages_all_visible_alert_columns_without_gaps_or_duplicates(sortBy: &quot;demandId&quot;, direction: &quot;desc&quot;, expectedAlertIds: [&quot;a4&quot;, &quot;a1&quot;, &quot;a2&quot;, &quot;a3&quot;, &quot;a5&quot;])" computerName="GPT-WIN11" duration="00:00:00.0642586" startTime="2026-08-10T14:43:52.9108445+08:00" endTime="2026-08-10T14:43:52.9108447+08:00" testType="13cdc9d9-ddb5-4fa4-a97d-d965ccfc6d4b" outcome="Passed" testListId="8c84fa94-04c1-424b-9868-57a2d4851a1d" relativeResultsDirectory="abe2e03b-d00b-43db-97bc-b3072a649ab4" />
    <UnitTestResult executionId="34bf7ae6-d23e-48ce-9824-fbf2e7f09338" testId="f3d80ecb-eacf-b186-b52b-6754fb19c256" testName="MesIngest.Tests.DemandVisibleColumnSortHttpTests.Every_new_visible_demand_column_toggles_asc_then_desc(header: &quot;EQP&quot;, token: &quot;eqp&quot;)" computerName="GPT-WIN11" duration="00:00:00.0000022" startTime="2026-08-10T14:43:49.2919338+08:00" endTime="2026-08-10T14:43:49.2919340+08:00" testType="13cdc9d9-ddb5-4fa4-a97d-d965ccfc6d4b" outcome="Passed" testListId="8c84fa94-04c1-424b-9868-57a2d4851a1d" relativeResultsDirectory="34bf7ae6-d23e-48ce-9824-fbf2e7f09338" />
    <UnitTestResult executionId="46272b61-c0ae-4fdd-9fa0-1400b5041984" testId="76b25fd6-f984-de9b-3478-5ab2754b4888" testName="MesIngest.Tests.AlertVisibleColumnSortHttpTests.Host_pages_all_visible_alert_columns_without_gaps_or_duplicates(sortBy: &quot;severity&quot;, direction: &quot;asc&quot;, expectedAlertIds: [&quot;a1&quot;, &quot;a4&quot;, &quot;a2&quot;, &quot;a3&quot;, &quot;a5&quot;])" computerName="GPT-WIN11" duration="00:00:00.0595393" startTime="2026-08-10T14:43:52.9690611+08:00" endTime="2026-08-10T14:43:52.9690615+08:00" testType="13cdc9d9-ddb5-4fa4-a97d-d965ccfc6d4b" outcome="Passed" testListId="8c84fa94-04c1-424b-9868-57a2d4851a1d" relativeResultsDirectory="46272b61-c0ae-4fdd-9fa0-1400b5041984" />
    <UnitTestResult executionId="29000bbe-8ff4-452f-84a2-2751c47d3a2f" testId="c29afb4f-52bc-e599-4b76-226b78aa25c6" testName="MesIngest.Tests.AlertIncidentSyncTests.Failure_round_poll_scope_does_not_resolve_reconcile_incidents" computerName="GPT-WIN11" duration="00:00:00.0010701" startTime="2026-08-10T14:43:46.4375509+08:00" endTime="2026-08-10T14:43:46.4375509+08:00" testType="13cdc9d9-ddb5-4fa4-a97d-d965ccfc6d4b" outcome="Passed" testListId="8c84fa94-04c1-424b-9868-57a2d4851a1d" relativeResultsDirectory="29000bbe-8ff4-452f-84a2-2751c47d3a2f" />
    <UnitTestResult executionId="52c587f7-4178-45e0-b8de-298aaec01afe" testId="7778a183-4321-45e2-6b93-9662629ec242" testName="MesIngest.Tests.InMemoryTransportDemandStoreConcurrencyTests.Concurrent_alert_readers_and_replace_writer_do_not_throw" computerName="GPT-WIN11" duration="00:00:00.7623519" startTime="2026-08-10T14:43:47.1625911+08:00" endTime="2026-08-10T14:43:47.1625915+08:00" testType="13cdc9d9-ddb5-4fa4-a97d-d965ccfc6d4b" outcome="Passed" testListId="8c84fa94-04c1-424b-9868-57a2d4851a1d" relativeResultsDirectory="52c587f7-4178-45e0-b8de-298aaec01afe" />
    <UnitTestResult executionId="c2557b90-445f-45bb-8812-c92f0eb530b6" testId="348e1049-96b3-6d28-d705-3ecaa409dae8" testName="MesIngest.Tests.MainWindowStartupTests.Demand_columns_follow_the_host_sort_allow_list" computerName="GPT-WIN11" duration="00:00:00.4464439" startTime="2026-08-10T14:43:51.4421150+08:00" endTime="2026-08-10T14:43:51.4421154+08:00" testType="13cdc9d9-ddb5-4fa4-a97d-d965ccfc6d4b" outcome="Passed" testListId="8c84fa94-04c1-424b-9868-57a2d4851a1d" relativeResultsDirectory="c2557b90-445f-45bb-8812-c92f0eb530b6" />
    <UnitTestResult executionId="f000c781-9237-467b-a6b0-2697d0b1402d" testId="dad6f84b-01c6-3502-680e-383bf3b072eb" testName="MesIngest.Tests.AlertVisibleColumnSortHttpTests.Host_pages_all_visible_alert_columns_without_gaps_or_duplicates(sortBy: &quot;code&quot;, direction: &quot;desc&quot;, expectedAlertIds: [&quot;a4&quot;, &quot;a1&quot;, &quot;a5&quot;, &quot;a2&quot;, &quot;a3&quot;])" computerName="GPT-WIN11" duration="00:00:00.2236027" startTime="2026-08-10T14:43:52.5936323+08:00" endTime="2026-08-10T14:43:52.5936327+08:00" testType="13cdc9d9-ddb5-4fa4-a97d-d965ccfc6d4b" outcome="Passed" testListId="8c84fa94-04c1-424b-9868-57a2d4851a1d" relativeResultsDirectory="f000c781-9237-467b-a6b0-2697d0b1402d" />
    <UnitTestResult executionId="65fad3fc-3ae4-4336-b532-ca14c712fa89" testId="3c63e0f8-7e0b-a3c8-91f4-5be49a26d9ab" testName="MesIngest.Tests.AlertDetailViewModelTests.BuildSummary_includes_identity_and_lifecycle" computerName="GPT-WIN11" duration="00:00:00.0003017" startTime="2026-08-10T14:43:49.5338024+08:00" endTime="2026-08-10T14:43:49.5338026+08:00" testType="13cdc9d9-ddb5-4fa4-a97d-d965ccfc6d4b" outcome="Passed" testListId="8c84fa94-04c1-424b-9868-57a2d4851a1d" relativeResultsDirectory="65fad3fc-3ae4-4336-b532-ca14c712fa89" />
    <UnitTestResult executionId="0d0070d2-5537-4c84-874d-aea9599261c0" testId="588c94d7-2dfc-eed5-06fa-f9993d678834" testName="MesIngest.Tests.DemandListPagingTieBreakTests.QueryPage_desc_identical_primary_covers_all_allow_list_columns(sortBy: Step)" computerName="GPT-WIN11" duration="00:00:00.0266467" startTime="2026-08-10T14:43:46.3077253+08:00" endTime="2026-08-10T14:43:46.3077261+08:00" testType="13cdc9d9-ddb5-4fa4-a97d-d965ccfc6d4b" outcome="Passed" testListId="8c84fa94-04c1-424b-9868-57a2d4851a1d" relativeResultsDirectory="0d0070d2-5537-4c84-874d-aea9599261c0" />
    <UnitTestResult executionId="0975d2ea-b5e4-4da1-b4d9-fa10e9c5b9db" testId="8b233ea1-c094-2c08-b237-7d562aefedc1" testName="MesIngest.Tests.AlertDetailWindowActionTests.Missing_previous_id_and_non_reappear_alerts_do_not_show_invalid_previous_action" computerName="GPT-WIN11" duration="00:00:00.0483333" startTime="2026-08-10T14:43:49.1984351+08:00" endTime="2026-08-10T14:43:49.1984353+08:00" testType="13cdc9d9-ddb5-4fa4-a97d-d965ccfc6d4b" outcome="Passed" testListId="8c84fa94-04c1-424b-9868-57a2d4851a1d" relativeResultsDirectory="0975d2ea-b5e4-4da1-b4d9-fa10e9c5b9db" />
    <UnitTestResult executionId="8f0da321-d2af-4434-8fe2-b52a2aeade1e" testId="d54dec52-d6f7-d729-1368-59ddb50414b0" testName="MesIngest.Tests.TransportDemandReconcilerTests.Empty_area_still_creates_visible_demand_with_location_risk_signal" computerName="GPT-WIN11" duration="00:00:00.0124778" startTime="2026-08-10T14:43:46.1093799+08:00" endTime="2026-08-10T14:43:46.1093801+08:00" testType="13cdc9d9-ddb5-4fa4-a97d-d965ccfc6d4b" outcome="Passed" testListId="8c84fa94-04c1-424b-9868-57a2d4851a1d" relativeResultsDirectory="8f0da321-d2af-4434-8fe2-b52a2aeade1e" />
    <UnitTestResult executionId="43a60737-4808-403d-ba48-4e3cfc02296f" testId="43f04d0e-7e41-a808-207b-9c9636047a8f" testName="MesIngest.Tests.AlertListQueryParserTests.TryParseSortBy_accepts_alert_allow_list(raw: null, expected: LastSeenAt)" computerName="GPT-WIN11" duration="00:00:00.0000301" startTime="2026-08-10T14:43:49.2812372+08:00" endTime="2026-08-10T14:43:49.2812373+08:00" testType="13cdc9d9-ddb5-4fa4-a97d-d965ccfc6d4b" outcome="Passed" testListId="8c84fa94-04c1-424b-9868-57a2d4851a1d" relativeResultsDirectory="43a60737-4808-403d-ba48-4e3cfc02296f" />
    <UnitTestResult executionId="691676d8-39b4-4340-9b49-9323d4a74c05" testId="cf825af5-73d1-f350-48a7-4f180ed1dc05" testName="MesIngest.Tests.DemandVisibleColumnSortHttpTests.Every_new_visible_demand_column_toggles_asc_then_desc(header: &quot;STEP&quot;, token: &quot;step&quot;)" computerName="GPT-WIN11" duration="00:00:00.0000019" startTime="2026-08-10T14:43:49.2926998+08:00" endTime="2026-08-10T14:43:49.2926998+08:00" testType="13cdc9d9-ddb5-4fa4-a97d-d965ccfc6d4b" outcome="Passed" testListId="8c84fa94-04c1-424b-9868-57a2d4851a1d" relativeResultsDirectory="691676d8-39b4-4340-9b49-9323d4a74c05" />
    <UnitTestResult executionId="a364de12-44a5-44b2-a5ad-d694c4d3eb5b" testId="da148ab7-84b0-9122-8567-e71db1c51a9d" testName="MesIngest.Tests.AlertIncidentSyncTests.Zero_retention_keeps_resolved_forever" computerName="GPT-WIN11" duration="00:00:00.0004788" startTime="2026-08-10T14:43:46.4303044+08:00" endTime="2026-08-10T14:43:46.4303046+08:00" testType="13cdc9d9-ddb5-4fa4-a97d-d965ccfc6d4b" outcome="Passed" testListId="8c84fa94-04c1-424b-9868-57a2d4851a1d" relativeResultsDirectory="a364de12-44a5-44b2-a5ad-d694c4d3eb5b" />
    <UnitTestResult executionId="4992d837-7beb-47d6-b3ff-5ff435d6b07e" testId="6bd5530c-cd75-f38e-4944-2c7276e6df01" testName="MesIngest.Tests.FactoryValidationPackTests.Factory_validation_checklist_covers_probe_service_wpf_and_signoff_split" computerName="GPT-WIN11" duration="00:00:00.0014403" startTime="2026-08-10T14:43:49.5225638+08:00" endTime="2026-08-10T14:43:49.5225640+08:00" testType="13cdc9d9-ddb5-4fa4-a97d-d965ccfc6d4b" outcome="Passed" testListId="8c84fa94-04c1-424b-9868-57a2d4851a1d" relativeResultsDirectory="4992d837-7beb-47d6-b3ff-5ff435d6b07e" />
    <UnitTestResult executionId="eed4509c-8975-4587-b72b-91b73437434d" testId="8bc31eae-a788-2918-135c-03a3197c897b" testName="MesIngest.Tests.AlertDetailsProjectionTests.PollIncomplete_projects_key_value_rows" computerName="GPT-WIN11" duration="00:00:00.0005997" startTime="2026-08-10T14:43:49.2894835+08:00" endTime="2026-08-10T14:43:49.2894836+08:00" testType="13cdc9d9-ddb5-4fa4-a97d-d965ccfc6d4b" outcome="Passed" testListId="8c84fa94-04c1-424b-9868-57a2d4851a1d" relativeResultsDirectory="eed4509c-8975-4587-b72b-91b73437434d" />
    <UnitTestResult executionId="2eabf73f-57df-428c-8cc4-b3174aca11fd" testId="f1e81e50-4c1e-858a-c721-a528cd7ce821" testName="MesIngest.Tests.TransportDemandStoreListOrderTests.In_memory_list_orders_by_dates_desc_then_demand_id_asc" computerName="GPT-WIN11" duration="00:00:00.0330796" startTime="2026-08-10T14:43:46.0483988+08:00" endTime="2026-08-10T14:43:46.0489695+08:00" testType="13cdc9d9-ddb5-4fa4-a97d-d965ccfc6d4b" outcome="Passed" testListId="8c84fa94-04c1-424b-9868-57a2d4851a1d" relativeResultsDirectory="2eabf73f-57df-428c-8cc4-b3174aca11fd" />
    <UnitTestResult executionId="753b88e4-3072-4417-b66a-14736149e9cd" testId="79d9747f-c7cb-62f2-c5e5-255d3ef0144f" testName="MesIngest.Tests.WatchLayoutPreferencesTests.Default_file_path_is_under_local_app_data_not_host_config" computerName="GPT-WIN11" duration="00:00:00.0001611" startTime="2026-08-10T14:43:46.3777477+08:00" endTime="2026-08-10T14:43:46.3777479+08:00" testType="13cdc9d9-ddb5-4fa4-a97d-d965ccfc6d4b" outcome="Passed" testListId="8c84fa94-04c1-424b-9868-57a2d4851a1d" relativeResultsDirectory="753b88e4-3072-4417-b66a-14736149e9cd" />
    <UnitTestResult executionId="613831a5-ab45-4e80-ab4e-86b810482154" testId="b22df436-412a-3654-3708-807ee3cd4bd7" testName="MesIngest.Tests.MainWindowStartupTests.MainWindow_ctor_completes_without_null_reference" computerName="GPT-WIN11" duration="00:00:00.2547201" startTime="2026-08-10T14:43:49.7705907+08:00" endTime="2026-08-10T14:43:49.7705911+08:00" testType="13cdc9d9-ddb5-4fa4-a97d-d965ccfc6d4b" outcome="Passed" testListId="8c84fa94-04c1-424b-9868-57a2d4851a1d" relativeResultsDirectory="613831a5-ab45-4e80-ab4e-86b810482154" />
    <UnitTestResult executionId="86ed0dab-14ee-4bc4-9d46-8c71f7951af7" testId="a3e99136-934f-d818-f23b-ee1132c66fe1" testName="MesIngest.Tests.ReleasePackageValidationTests.Complete_read_only_package_is_accepted_and_gets_a_hashed_manifest" computerName="GPT-WIN11" duration="00:00:01.0061112" startTime="2026-08-10T14:43:54.2911370+08:00" endTime="2026-08-10T14:43:54.2911373+08:00" testType="13cdc9d9-ddb5-4fa4-a97d-d965ccfc6d4b" outcome="Passed" testListId="8c84fa94-04c1-424b-9868-57a2d4851a1d" relativeResultsDirectory="86ed0dab-14ee-4bc4-9d46-8c71f7951af7" />
    <UnitTestResult executionId="22f53b4f-8fff-4842-b98c-ef25e10bc18c" testId="926e2575-f4f9-e54e-ca1c-4c01d13c4ba2" testName="MesIngest.Tests.IngestRoundRunnerTests.RunOnce_reappear_details_use_store_lookup_when_hot_state_omits_gone" computerName="GPT-WIN11" duration="00:00:00.0035211" startTime="2026-08-10T14:43:50.3988183+08:00" endTime="2026-08-10T14:43:50.3988186+08:00" testType="13cdc9d9-ddb5-4fa4-a97d-d965ccfc6d4b" outcome="Passed" testListId="8c84fa94-04c1-424b-9868-57a2d4851a1d" relativeResultsDirectory="22f53b4f-8fff-4842-b98c-ef25e10bc18c" />
    <UnitTestResult executionId="7e28037c-3e90-422d-a8e4-3d24c6c8b2c9" testId="6786c464-8cc7-4e2d-61df-79e11c90b109" testName="MesIngest.Tests.IngestRoundRunnerTests.Restart_barrier_duplicate_keys_only_do_not_seed_healthy_baseline_or_pause_on_next_empty" computerName="GPT-WIN11" duration="00:00:00.0018729" startTime="2026-08-10T14:43:50.3949624+08:00" endTime="2026-08-10T14:43:50.3949627+08:00" testType="13cdc9d9-ddb5-4fa4-a97d-d965ccfc6d4b" outcome="Passed" testListId="8c84fa94-04c1-424b-9868-57a2d4851a1d" relativeResultsDirectory="7e28037c-3e90-422d-a8e4-3d24c6c8b2c9" />
    <UnitTestResult executionId="927387e7-4f5b-4f27-a5e4-3ca772b0d490" testId="16e8a619-585e-66d9-bbb4-e00b455f1a03" testName="MesIngest.Tests.CsvFileMesSnapshotSourceTests.Zero_byte_file_returns_incomplete_outcome" computerName="GPT-WIN11" duration="00:00:00.0060184" startTime="2026-08-10T14:43:51.5285215+08:00" endTime="2026-08-10T14:43:51.5285217+08:00" testType="13cdc9d9-ddb5-4fa4-a97d-d965ccfc6d4b" outcome="Passed" testListId="8c84fa94-04c1-424b-9868-57a2d4851a1d" relativeResultsDirectory="927387e7-4f5b-4f27-a5e4-3ca772b0d490" />
    <UnitTestResult executionId="9c082a01-e5e3-4e01-a576-09a865052225" testId="dbd38104-637a-e479-e3c2-416b85aec4fb" testName="MesIngest.Tests.SingleFlightPollLoopTests.Round_exception_does_not_stop_the_loop" computerName="GPT-WIN11" duration="00:00:00.0367719" startTime="2026-08-10T14:43:51.2188385+08:00" endTime="2026-08-10T14:43:51.2188386+08:00" testType="13cdc9d9-ddb5-4fa4-a97d-d965ccfc6d4b" outcome="Passed" testListId="8c84fa94-04c1-424b-9868-57a2d4851a1d" relativeResultsDirectory="9c082a01-e5e3-4e01-a576-09a865052225" />
    <UnitTestResult executionId="0cfef7a9-bd64-4443-9ef6-1a29a60ec207" testId="2501f9d2-dcea-184a-6a6e-f918c5d2076e" testName="MesIngest.Tests.AlertListQueryParserTests.TryParseSortBy_accepts_alert_allow_list(raw: &quot;&quot;, expected: LastSeenAt)" computerName="GPT-WIN11" duration="00:00:00.0000038" startTime="2026-08-10T14:43:49.2815370+08:00" endTime="2026-08-10T14:43:49.2815370+08:00" testType="13cdc9d9-ddb5-4fa4-a97d-d965ccfc6d4b" outcome="Passed" testListId="8c84fa94-04c1-424b-9868-57a2d4851a1d" relativeResultsDirectory="0cfef7a9-bd64-4443-9ef6-1a29a60ec207" />
    <UnitTestResult executionId="5fc5d24e-4ad0-49b7-8bb2-c21dfb15d3c7" testId="39eeea8a-7ba9-0619-470a-d321cdd432c3" testName="MesIngest.Tests.MesIngestApiClientFetchTests.Connect_failure_on_alerts_reports_endpoint_and_stage" computerName="GPT-WIN11" duration="00:00:00.0054582" startTime="2026-08-10T14:43:50.4940260+08:00" endTime="2026-08-10T14:43:50.4940262+08:00" testType="13cdc9d9-ddb5-4fa4-a97d-d965ccfc6d4b" outcome="Passed" testListId="8c84fa94-04c1-424b-9868-57a2d4851a1d" relativeResultsDirectory="5fc5d24e-4ad0-49b7-8bb2-c21dfb15d3c7" />
    <UnitTestResult executionId="5db4e496-7e04-4a40-a405-48428da094bc" testId="317b22c0-7176-3208-60dc-f79dc5d79935" testName="MesIngest.Tests.LatencyTelemetryTests.Latency_write_failure_is_recorded_in_memory_without_secrets" computerName="GPT-WIN11" duration="00:00:00.0015569" startTime="2026-08-10T14:43:49.3925672+08:00" endTime="2026-08-10T14:43:49.3925676+08:00" testType="13cdc9d9-ddb5-4fa4-a97d-d965ccfc6d4b" outcome="Passed" testListId="8c84fa94-04c1-424b-9868-57a2d4851a1d" relativeResultsDirectory="5db4e496-7e04-4a40-a405-48428da094bc" />
    <UnitTestResult executionId="d2163f24-4522-4055-9d4b-5bd893d336d4" testId="9aad0389-889c-5346-4c79-5d748b3503e5" testName="MesIngest.Tests.OracleMesSnapshotSourceTests.Executor_exception_propagates_for_runner_failure_mapping" computerName="GPT-WIN11" duration="00:00:00.2258973" startTime="2026-08-10T14:43:51.1912788+08:00" endTime="2026-08-10T14:43:51.1912791+08:00" testType="13cdc9d9-ddb5-4fa4-a97d-d965ccfc6d4b" outcome="Passed" testListId="8c84fa94-04c1-424b-9868-57a2d4851a1d" relativeResultsDirectory="d2163f24-4522-4055-9d4b-5bd893d336d4" />
    <UnitTestResult executionId="5657f04e-eb81-49a3-99db-077ab5c6a416" testId="8e14cbb3-cd33-27e2-1322-0bbf226ea226" testName="MesIngest.Tests.AlertDetailViewModelTests.DetailsJson_returns_raw_details_or_empty" computerName="GPT-WIN11" duration="00:00:00.0002038" startTime="2026-08-10T14:43:49.5347146+08:00" endTime="2026-08-10T14:43:49.5347147+08:00" testType="13cdc9d9-ddb5-4fa4-a97d-d965ccfc6d4b" outcome="Passed" testListId="8c84fa94-04c1-424b-9868-57a2d4851a1d" relativeResultsDirectory="5657f04e-eb81-49a3-99db-077ab5c6a416" />
    <UnitTestResult executionId="a3d589af-04b7-443c-a1af-2b64126086b7" testId="ac30aaaf-f92f-365f-2b99-f97c1b095b81" testName="MesIngest.Tests.DemandChangeFeedApiTests.Demand_changes_returns_bounded_page_with_watermarks" computerName="GPT-WIN11" duration="00:00:00.3381164" startTime="2026-08-10T14:43:51.6650397+08:00" endTime="2026-08-10T14:43:51.6650400+08:00" testType="13cdc9d9-ddb5-4fa4-a97d-d965ccfc6d4b" outcome="Passed" testListId="8c84fa94-04c1-424b-9868-57a2d4851a1d" relativeResultsDirectory="a3d589af-04b7-443c-a1af-2b64126086b7" />
    <UnitTestResult executionId="077f3bb5-f6cc-4cb8-95fe-90cc7ca3a36a" testId="aef45527-2d86-9f27-8f9b-1ec54c31b536" testName="MesIngest.Tests.WatchAlertBrowsePagingTests.Failed_alert_page_keeps_the_last_successful_window_and_cursor" computerName="GPT-WIN11" duration="00:00:00.0053473" startTime="2026-08-10T14:43:49.5534840+08:00" endTime="2026-08-10T14:43:49.5534841+08:00" testType="13cdc9d9-ddb5-4fa4-a97d-d965ccfc6d4b" outcome="Passed" testListId="8c84fa94-04c1-424b-9868-57a2d4851a1d" relativeResultsDirectory="077f3bb5-f6cc-4cb8-95fe-90cc7ca3a36a" />
    <UnitTestResult executionId="62aee5c5-d593-4b20-adf2-9d265138054a" testId="033ef8f1-ea50-c49f-66c3-53793422e578" testName="MesIngest.Tests.MesIngestApiClientFetchTests.Partial_success_keeps_demands_when_alerts_fail" computerName="GPT-WIN11" duration="00:00:00.0014691" startTime="2026-08-10T14:43:50.5600146+08:00" endTime="2026-08-10T14:43:50.5600147+08:00" testType="13cdc9d9-ddb5-4fa4-a97d-d965ccfc6d4b" outcome="Passed" testListId="8c84fa94-04c1-424b-9868-57a2d4851a1d" relativeResultsDirectory="62aee5c5-d593-4b20-adf2-9d265138054a" />
    <UnitTestResult executionId="fcba488d-241d-430a-95f7-fdd458d01957" testId="82a64b8b-9359-45f9-5885-1a13173513d0" testName="MesIngest.Tests.TransportDemandKeyTests.Equality_is_ordinal_and_case_sensitive" computerName="GPT-WIN11" duration="00:00:00.0000892" startTime="2026-08-10T14:43:49.5775921+08:00" endTime="2026-08-10T14:43:49.5775922+08:00" testType="13cdc9d9-ddb5-4fa4-a97d-d965ccfc6d4b" outcome="Passed" testListId="8c84fa94-04c1-424b-9868-57a2d4851a1d" relativeResultsDirectory="fcba488d-241d-430a-95f7-fdd458d01957" />
    <UnitTestResult executionId="2f7c83f0-e1c0-4546-a219-39565183f959" testId="297f3068-ab9a-18c8-f46f-d97fa44639b1" testName="MesIngest.Tests.LatencyTelemetryTests.Latency_log_formatter_redacts_secrets_and_keeps_attribution_fields" computerName="GPT-WIN11" duration="00:00:00.0022615" startTime="2026-08-10T14:43:51.1720120+08:00" endTime="2026-08-10T14:43:51.1720124+08:00" testType="13cdc9d9-ddb5-4fa4-a97d-d965ccfc6d4b" outcome="Passed" testListId="8c84fa94-04c1-424b-9868-57a2d4851a1d" relativeResultsDirectory="2f7c83f0-e1c0-4546-a219-39565183f959" />
    <UnitTestResult executionId="d571422d-9dee-48ce-b7be-29b1ac696bc1" testId="27e7f7c3-68a1-3460-f954-46de1bccf6f4" testName="MesIngest.Tests.AlertDetailsProjectionTests.Reappear_projects_previous_and_new_demand_ids" computerName="GPT-WIN11" duration="00:00:00.0006137" startTime="2026-08-10T14:43:49.2875093+08:00" endTime="2026-08-10T14:43:49.2875098+08:00" testType="13cdc9d9-ddb5-4fa4-a97d-d965ccfc6d4b" outcome="Passed" testListId="8c84fa94-04c1-424b-9868-57a2d4851a1d" relativeResultsDirectory="d571422d-9dee-48ce-b7be-29b1ac696bc1" />
    <UnitTestResult executionId="292a1f58-34e5-489d-85e2-f6dcf552b399" testId="1cfab16b-114c-d170-483c-1e365a85e3a6" testName="MesIngest.Tests.DemandChangeFeedStoreTests.QueryChangeFeed_pages_by_afterSequence_and_is_idempotent_for_repeat_reads" computerName="GPT-WIN11" duration="00:00:00.0022214" startTime="2026-08-10T14:43:46.3642198+08:00" endTime="2026-08-10T14:43:46.3642200+08:00" testType="13cdc9d9-ddb5-4fa4-a97d-d965ccfc6d4b" outcome="Passed" testListId="8c84fa94-04c1-424b-9868-57a2d4851a1d" relativeResultsDirectory="292a1f58-34e5-489d-85e2-f6dcf552b399" />
    <UnitTestResult executionId="dc02166c-e186-4662-a7b1-175f600f2ff0" testId="29f53923-21a3-4a13-c14a-326042282f9f" testName="MesIngest.Tests.WatchAutoRefreshScheduleTests.Preferences_round_trip_each_view_independently" computerName="GPT-WIN11" duration="00:00:00.0093703" startTime="2026-08-10T14:43:46.1595541+08:00" endTime="2026-08-10T14:43:46.1595547+08:00" testType="13cdc9d9-ddb5-4fa4-a97d-d965ccfc6d4b" outcome="Passed" testListId="8c84fa94-04c1-424b-9868-57a2d4851a1d" relativeResultsDirectory="dc02166c-e186-4662-a7b1-175f600f2ff0" />
    <UnitTestResult executionId="537a59c7-3385-4e8e-aa0a-74614f5c421b" testId="e7f1a167-9740-71da-8980-ee0a3896dc36" testName="MesIngest.Tests.TransportDemandReconcilerTests.Unparseable_area_still_creates_visible_demand_with_location_risk_signal" computerName="GPT-WIN11" duration="00:00:00.0001789" startTime="2026-08-10T14:43:46.0954261+08:00" endTime="2026-08-10T14:43:46.0954262+08:00" testType="13cdc9d9-ddb5-4fa4-a97d-d965ccfc6d4b" outcome="Passed" testListId="8c84fa94-04c1-424b-9868-57a2d4851a1d" relativeResultsDirectory="537a59c7-3385-4e8e-aa0a-74614f5c421b" />
    <UnitTestResult executionId="d8eff665-6a76-4c13-960d-08efaf5e781d" testId="2c1afd7b-8faa-4cd3-c201-35d44f3276a6" testName="MesIngest.Tests.WatchConnectionEventJournalTests.ReadRecent_returns_newest_first_including_appended_events" computerName="GPT-WIN11" duration="00:00:00.0826857" startTime="2026-08-10T14:43:46.1341519+08:00" endTime="2026-08-10T14:43:46.1341520+08:00" testType="13cdc9d9-ddb5-4fa4-a97d-d965ccfc6d4b" outcome="Passed" testListId="8c84fa94-04c1-424b-9868-57a2d4851a1d" relativeResultsDirectory="d8eff665-6a76-4c13-960d-08efaf5e781d" />
    <UnitTestResult executionId="a6173c59-c56f-43a3-9b3f-c3bd044cb0fe" testId="1e4bf5cf-250c-1d83-afa8-9de99ad8baf8" testName="MesIngest.Tests.WatchV2ShellTests.Critical_controls_expose_stable_semantic_automation_names_and_keyboard_focus" computerName="GPT-WIN11" duration="00:00:00.6217064" startTime="2026-08-10T14:43:47.1060819+08:00" endTime="2026-08-10T14:43:47.1060827+08:00" testType="13cdc9d9-ddb5-4fa4-a97d-d965ccfc6d4b" outcome="Passed" testListId="8c84fa94-04c1-424b-9868-57a2d4851a1d" relativeResultsDirectory="a6173c59-c56f-43a3-9b3f-c3bd044cb0fe" />
    <UnitTestResult executionId="0776f9e4-ec15-43b1-8c80-240b5558cd54" testId="8cd233e1-138a-b9de-9692-8dc426f7361e" testName="MesIngest.Tests.LatencyTelemetryTests.Watch_timeout_failure_includes_correlation_id_and_WATCH_TIMEOUT_stage" computerName="GPT-WIN11" duration="00:00:00.0026341" startTime="2026-08-10T14:43:51.1690719+08:00" endTime="2026-08-10T14:43:51.1690725+08:00" testType="13cdc9d9-ddb5-4fa4-a97d-d965ccfc6d4b" outcome="Passed" testListId="8c84fa94-04c1-424b-9868-57a2d4851a1d" relativeResultsDirectory="0776f9e4-ec15-43b1-8c80-240b5558cd54" />
    <UnitTestResult executionId="5889e288-0b46-466e-91d6-2215c8373535" testId="93dabf42-43d1-7892-0188-22f262cd6258" testName="MesIngest.Tests.TransportDemandKeyTests.Null_or_blank_components_are_rejected(taskType: &quot;WIRE_TO_GATE&quot;, sublot: null)" computerName="GPT-WIN11" duration="00:00:00.0000408" startTime="2026-08-10T14:43:49.5758501+08:00" endTime="2026-08-10T14:43:49.5758501+08:00" testType="13cdc9d9-ddb5-4fa4-a97d-d965ccfc6d4b" outcome="Passed" testListId="8c84fa94-04c1-424b-9868-57a2d4851a1d" relativeResultsDirectory="5889e288-0b46-466e-91d6-2215c8373535" />
    <UnitTestResult executionId="56cad30e-c0f8-49da-8efc-799a7289f436" testId="663dd7f7-c115-49ad-2eb3-a6b9b87cff32" testName="MesIngest.Tests.WatchGridClipboardTests.Escapes_tab_and_newline_inside_cell_for_tsv" computerName="GPT-WIN11" duration="00:00:00.0001178" startTime="2026-08-10T14:43:46.2606387+08:00" endTime="2026-08-10T14:43:46.2606389+08:00" testType="13cdc9d9-ddb5-4fa4-a97d-d965ccfc6d4b" outcome="Passed" testListId="8c84fa94-04c1-424b-9868-57a2d4851a1d" relativeResultsDirectory="56cad30e-c0f8-49da-8efc-799a7289f436" />
    <UnitTestResult executionId="647323a9-5af4-4073-a301-ba22bb12e339" testId="aa6e4de3-c7e0-db4b-37ce-e7566451484b" testName="MesIngest.Tests.WatchStatusBarStateTests.Compact_line_shows_host_poll_and_watch_refresh_separately" computerName="GPT-WIN11" duration="00:00:00.0003041" startTime="2026-08-10T14:43:46.2981376+08:00" endTime="2026-08-10T14:43:46.2981378+08:00" testType="13cdc9d9-ddb5-4fa4-a97d-d965ccfc6d4b" outcome="Passed" testListId="8c84fa94-04c1-424b-9868-57a2d4851a1d" relativeResultsDirectory="647323a9-5af4-4073-a301-ba22bb12e339" />
    <UnitTestResult executionId="15f2b364-7c7b-4178-8144-dc08d284d1d0" testId="ec12936b-c6aa-53d6-de46-f21a7659c43a" testName="MesIngest.Tests.TransportDemandStoreListOrderTests.Append_alerts_without_created_at_stamps_utc" computerName="GPT-WIN11" duration="00:00:00.0037709" startTime="2026-08-10T14:43:46.1084908+08:00" endTime="2026-08-10T14:43:46.1084914+08:00" testType="13cdc9d9-ddb5-4fa4-a97d-d965ccfc6d4b" outcome="Passed" testListId="8c84fa94-04c1-424b-9868-57a2d4851a1d" relativeResultsDirectory="15f2b364-7c7b-4178-8144-dc08d284d1d0" />
    <UnitTestResult executionId="e3e92081-9262-49ad-b334-63d419de69e8" testId="4759a62d-3fc7-9512-8c33-3f04804dd971" testName="MesIngest.Tests.WatchDemandBrowseTests.Client_reloads_first_page_when_cursor_is_rejected" computerName="GPT-WIN11" duration="00:00:00.0124875" startTime="2026-08-10T14:43:46.2711023+08:00" endTime="2026-08-10T14:43:46.2711026+08:00" testType="13cdc9d9-ddb5-4fa4-a97d-d965ccfc6d4b" outcome="Passed" testListId="8c84fa94-04c1-424b-9868-57a2d4851a1d" relativeResultsDirectory="e3e92081-9262-49ad-b334-63d419de69e8" />
    <UnitTestResult executionId="ef8b14dc-a1a5-4bdb-808d-0f4a2f6021d7" testId="7f4f65d1-c7cd-f9f4-5efa-f91f42ad7157" testName="MesIngest.Tests.WatchHostSessionTests.Settings_reject_timeout_outside_one_to_three_hundred_seconds(timeoutSeconds: 301)" computerName="GPT-WIN11" duration="00:00:00.0002674" startTime="2026-08-10T14:43:50.5082505+08:00" endTime="2026-08-10T14:43:50.5082506+08:00" testType="13cdc9d9-ddb5-4fa4-a97d-d965ccfc6d4b" outcome="Passed" testListId="8c84fa94-04c1-424b-9868-57a2d4851a1d" relativeResultsDirectory="ef8b14dc-a1a5-4bdb-808d-0f4a2f6021d7" />
    <UnitTestResult executionId="dafc1b80-30e5-4dc0-94a7-66c3e992efd6" testId="58c9fcfd-a011-0a91-2e7a-3661003a90f8" testName="MesIngest.Tests.TransportDemandStoreListOrderTests.In_memory_alert_query_pages_new_sort_columns_on_the_shared_contract" computerName="GPT-WIN11" duration="00:00:00.0417953" startTime="2026-08-10T14:43:46.1027653+08:00" endTime="2026-08-10T14:43:46.1027654+08:00" testType="13cdc9d9-ddb5-4fa4-a97d-d965ccfc6d4b" outcome="Passed" testListId="8c84fa94-04c1-424b-9868-57a2d4851a1d" relativeResultsDirectory="dafc1b80-30e5-4dc0-94a7-66c3e992efd6" />
    <UnitTestResult executionId="7cbe9cd7-a516-4668-8cde-3da98567103c" testId="49aa7462-01de-0323-0d91-c9309948f622" testName="MesIngest.Tests.ApiContractVersionTests.Watch_reports_clear_contract_mismatch_instead_of_blank_board" computerName="GPT-WIN11" duration="00:00:00.2360868" startTime="2026-08-10T14:43:51.0586448+08:00" endTime="2026-08-10T14:43:51.0586455+08:00" testType="13cdc9d9-ddb5-4fa4-a97d-d965ccfc6d4b" outcome="Passed" testListId="8c84fa94-04c1-424b-9868-57a2d4851a1d" relativeResultsDirectory="7cbe9cd7-a516-4668-8cde-3da98567103c" />
    <UnitTestResult executionId="202c48e7-6938-4f97-8b08-41e0b8d96ad0" testId="24c19a0c-f497-bc29-2e85-a8a0a2e19dc3" testName="MesIngest.Tests.WatchAutoRefreshScheduleTests.Unsupported_intervals_are_rejected(intervalSeconds: 9)" computerName="GPT-WIN11" duration="00:00:00.0000217" startTime="2026-08-10T14:43:46.1306015+08:00" endTime="2026-08-10T14:43:46.1306017+08:00" testType="13cdc9d9-ddb5-4fa4-a97d-d965ccfc6d4b" outcome="Passed" testListId="8c84fa94-04c1-424b-9868-57a2d4851a1d" relativeResultsDirectory="202c48e7-6938-4f97-8b08-41e0b8d96ad0" />
    <UnitTestResult executionId="94e2fb52-9d5e-492b-8809-a9ca7c3f8786" testId="96bf36f5-97af-4f5d-1d28-a0818b179f53" testName="MesIngest.Tests.LatencyTelemetryTests.Oracle_query_timeout_sets_poll_health_and_alert_stage_ORACLE_QUERY" computerName="GPT-WIN11" duration="00:00:00.9922571" startTime="2026-08-10T14:43:50.4740589+08:00" endTime="2026-08-10T14:43:50.4740596+08:00" testType="13cdc9d9-ddb5-4fa4-a97d-d965ccfc6d4b" outcome="Passed" testListId="8c84fa94-04c1-424b-9868-57a2d4851a1d" relativeResultsDirectory="94e2fb52-9d5e-492b-8809-a9ca7c3f8786" />
    <UnitTestResult executionId="df206279-8aa6-46da-abb0-d80d96a935c1" testId="09290fef-5395-e782-25c9-6126c1398d0f" testName="MesIngest.Tests.WatchLayoutPreferencesTests.Incompatible_or_out_of_bounds_layout_falls_back_atomically(json: &quot;{\&quot;version\&quot;:1,\&quot;windowWidth\&quot;:1440,\&quot;windowHeight&quot;...)" computerName="GPT-WIN11" duration="00:00:00.0055781" startTime="2026-08-10T14:43:46.3509158+08:00" endTime="2026-08-10T14:43:46.3509162+08:00" testType="13cdc9d9-ddb5-4fa4-a97d-d965ccfc6d4b" outcome="Passed" testListId="8c84fa94-04c1-424b-9868-57a2d4851a1d" relativeResultsDirectory="df206279-8aa6-46da-abb0-d80d96a935c1" />
    <UnitTestResult executionId="b24f2ba5-3f71-48a8-8303-110afb2ea6c8" testId="f14c95ef-1d77-8c64-948a-d0f4d929a559" testName="MesIngest.Tests.WatchDemandBrowseTests.Client_fetches_next_page_with_cursor_only" computerName="GPT-WIN11" duration="00:00:00.0295920" startTime="2026-08-10T14:43:50.7823154+08:00" endTime="2026-08-10T14:43:50.7823163+08:00" testType="13cdc9d9-ddb5-4fa4-a97d-d965ccfc6d4b" outcome="Passed" testListId="8c84fa94-04c1-424b-9868-57a2d4851a1d" relativeResultsDirectory="b24f2ba5-3f71-48a8-8303-110afb2ea6c8" />
    <UnitTestResult executionId="50b68901-68a1-4b28-bc05-1a896ab46b43" testId="27c09c88-5579-317c-ff28-8aa986d2e370" testName="MesIngest.Tests.AlertIncidentSyncTests.Poll_duration_change_does_not_split_incident" computerName="GPT-WIN11" duration="00:00:00.0003917" startTime="2026-08-10T14:43:46.4347662+08:00" endTime="2026-08-10T14:43:46.4347668+08:00" testType="13cdc9d9-ddb5-4fa4-a97d-d965ccfc6d4b" outcome="Passed" testListId="8c84fa94-04c1-424b-9868-57a2d4851a1d" relativeResultsDirectory="50b68901-68a1-4b28-bc05-1a896ab46b43" />
    <UnitTestResult executionId="c1b64a71-aa17-4d16-b68e-5c7ee948e481" testId="ddd08f52-62e8-51ad-ab62-fdc4cbf2094a" testName="MesIngest.Tests.WatchLayoutPreferencesTests.Load_missing_file_returns_default" computerName="GPT-WIN11" duration="00:00:00.0004099" startTime="2026-08-10T14:43:46.4032052+08:00" endTime="2026-08-10T14:43:46.4032053+08:00" testType="13cdc9d9-ddb5-4fa4-a97d-d965ccfc6d4b" outcome="Passed" testListId="8c84fa94-04c1-424b-9868-57a2d4851a1d" relativeResultsDirectory="c1b64a71-aa17-4d16-b68e-5c7ee948e481" />
    <UnitTestResult executionId="1833bed6-6d42-46b5-83a7-b291f03c399e" testId="47195267-3d13-fe46-0d58-f7b1ae0f64dc" testName="MesIngest.Tests.SchemaUpgradeTests.Mid_upgrade_failure_leaves_no_half_migration_and_recovers_on_rerun" computerName="GPT-WIN11" duration="00:00:00.2080567" startTime="2026-08-10T14:43:54.8482293+08:00" endTime="2026-08-10T14:43:54.8482295+08:00" testType="13cdc9d9-ddb5-4fa4-a97d-d965ccfc6d4b" outcome="Passed" testListId="8c84fa94-04c1-424b-9868-57a2d4851a1d" relativeResultsDirectory="1833bed6-6d42-46b5-83a7-b291f03c399e" />
    <UnitTestResult executionId="bf751b51-2e95-41d3-a926-a8282783927e" testId="2689d286-97b6-6ca7-4186-28ef256cff2a" testName="MesIngest.Tests.ListenBindingPolicyTests.Localhost_urls_do_not_require_shared_secret(urls: &quot;http://127.0.0.1:5088;http://localhost:5089&quot;)" computerName="GPT-WIN11" duration="00:00:00.0000190" startTime="2026-08-10T14:43:49.5672674+08:00" endTime="2026-08-10T14:43:49.5672675+08:00" testType="13cdc9d9-ddb5-4fa4-a97d-d965ccfc6d4b" outcome="Passed" testListId="8c84fa94-04c1-424b-9868-57a2d4851a1d" relativeResultsDirectory="bf751b51-2e95-41d3-a926-a8282783927e" />
    <UnitTestResult executionId="946b7ea8-9a1d-4e61-bb7b-07c886607127" testId="d0db3cc0-a36d-29a0-bc15-b1c96fd46e25" testName="MesIngest.Tests.DemandChangeFeedApiTests.Demand_changes_returns_410_with_sync_cursor_expired" computerName="GPT-WIN11" duration="00:00:00.5904269" startTime="2026-08-10T14:43:51.3264499+08:00" endTime="2026-08-10T14:43:51.3264510+08:00" testType="13cdc9d9-ddb5-4fa4-a97d-d965ccfc6d4b" outcome="Passed" testListId="8c84fa94-04c1-424b-9868-57a2d4851a1d" relativeResultsDirectory="946b7ea8-9a1d-4e61-bb7b-07c886607127" />
    <UnitTestResult executionId="621bd34a-b8ee-456a-914b-06e86a3a1f4f" testId="f9c7bd33-d240-6a75-b433-a9b50d416211" testName="MesIngest.Tests.MesIngestApiClientFetchTests.Http_status_failure_reports_HTTP_STATUS_stage" computerName="GPT-WIN11" duration="00:00:00.0011516" startTime="2026-08-10T14:43:50.4847456+08:00" endTime="2026-08-10T14:43:50.4847457+08:00" testType="13cdc9d9-ddb5-4fa4-a97d-d965ccfc6d4b" outcome="Passed" testListId="8c84fa94-04c1-424b-9868-57a2d4851a1d" relativeResultsDirectory="621bd34a-b8ee-456a-914b-06e86a3a1f4f" />
    <UnitTestResult executionId="dd6952ef-fd9b-4a54-99cb-6e1269e24592" testId="cf98b41a-6695-390f-0062-279fc55e3a8f" testName="MesIngest.Tests.ReadApiSharedSecretAuthTests.Non_localhost_binding_rejects_wrong_shared_secret" computerName="GPT-WIN11" duration="00:00:00.2525687" startTime="2026-08-10T14:43:51.4752102+08:00" endTime="2026-08-10T14:43:51.4752106+08:00" testType="13cdc9d9-ddb5-4fa4-a97d-d965ccfc6d4b" outcome="Passed" testListId="8c84fa94-04c1-424b-9868-57a2d4851a1d" relativeResultsDirectory="dd6952ef-fd9b-4a54-99cb-6e1269e24592" />
    <UnitTestResult executionId="8d0b77c5-a8e7-467b-93c1-83652d61b2f4" testId="65b2551c-2c0d-edd4-4432-f5c5e304f50c" testName="MesIngest.Tests.DemandListPagingTieBreakTests.QueryPage_desc_identical_primary_covers_all_allow_list_columns(sortBy: GoneAt)" computerName="GPT-WIN11" duration="00:00:00.0020012" startTime="2026-08-10T14:43:46.3122697+08:00" endTime="2026-08-10T14:43:46.3122699+08:00" testType="13cdc9d9-ddb5-4fa4-a97d-d965ccfc6d4b" outcome="Passed" testListId="8c84fa94-04c1-424b-9868-57a2d4851a1d" relativeResultsDirectory="8d0b77c5-a8e7-467b-93c1-83652d61b2f4" />
    <UnitTestResult executionId="2c774037-1c3c-451b-8364-3a946fcc78a8" testId="acf7ff57-7358-7e6d-d07b-f1211e1674a2" testName="MesIngest.Tests.WatchBannerProjectionTests.Stale_fetch_error_keeps_error_banner_while_present" computerName="GPT-WIN11" duration="00:00:00.0006464" startTime="2026-08-10T14:43:46.3896719+08:00" endTime="2026-08-10T14:43:46.3896723+08:00" testType="13cdc9d9-ddb5-4fa4-a97d-d965ccfc6d4b" outcome="Passed" testListId="8c84fa94-04c1-424b-9868-57a2d4851a1d" relativeResultsDirectory="2c774037-1c3c-451b-8364-3a946fcc78a8" />
    <UnitTestResult executionId="8d9dd4cc-f43f-4395-864d-6d8d4cc4d360" testId="c69a7e81-a4c6-a03b-f2bd-7922ee54ce3b" testName="MesIngest.Tests.OpenApiContractTests.OpenApi_bearer_authorize_allows_try_it_out_get_against_api" computerName="GPT-WIN11" duration="00:00:00.3979384" startTime="2026-08-10T14:43:51.0540599+08:00" endTime="2026-08-10T14:43:51.0540603+08:00" testType="13cdc9d9-ddb5-4fa4-a97d-d965ccfc6d4b" outcome="Passed" testListId="8c84fa94-04c1-424b-9868-57a2d4851a1d" relativeResultsDirectory="8d9dd4cc-f43f-4395-864d-6d8d4cc4d360" />
    <UnitTestResult executionId="e6eca6ce-c326-463f-9c85-8cb48a5b0eb7" testId="022befb0-0096-9337-0cab-3fa576da6b9c" testName="MesIngest.Tests.WatchConnectionEventRecorderTests.Host_restart_style_new_outage_after_recovery_emits_fresh_failure" computerName="GPT-WIN11" duration="00:00:00.0002248" startTime="2026-08-10T14:43:49.5820466+08:00" endTime="2026-08-10T14:43:49.5820468+08:00" testType="13cdc9d9-ddb5-4fa4-a97d-d965ccfc6d4b" outcome="Passed" testListId="8c84fa94-04c1-424b-9868-57a2d4851a1d" relativeResultsDirectory="e6eca6ce-c326-463f-9c85-8cb48a5b0eb7" />
    <UnitTestResult executionId="9c481aa2-d93b-4ae5-9734-0d3910707d59" testId="2a26e4a7-f0ab-d4ad-c880-48bbe831245d" testName="MesIngest.Tests.InstallPackageLayoutTests.Publish_script_stages_expected_install_tree_names" computerName="GPT-WIN11" duration="00:00:00.0198725" startTime="2026-08-10T14:43:49.3622578+08:00" endTime="2026-08-10T14:43:49.3622580+08:00" testType="13cdc9d9-ddb5-4fa4-a97d-d965ccfc6d4b" outcome="Passed" testListId="8c84fa94-04c1-424b-9868-57a2d4851a1d" relativeResultsDirectory="9c481aa2-d93b-4ae5-9734-0d3910707d59" />
    <UnitTestResult executionId="92296e03-8a77-49a6-8aa6-40cc03428f62" testId="787a22de-76d9-af1a-3acd-d0fba4ab8984" testName="MesIngest.Tests.TransportDemandKeyTests.Null_or_blank_components_are_rejected(taskType: &quot;WIRE_TO_GATE&quot;, sublot: &quot;   &quot;)" computerName="GPT-WIN11" duration="00:00:00.0000529" startTime="2026-08-10T14:43:49.5757724+08:00" endTime="2026-08-10T14:43:49.5757725+08:00" testType="13cdc9d9-ddb5-4fa4-a97d-d965ccfc6d4b" outcome="Passed" testListId="8c84fa94-04c1-424b-9868-57a2d4851a1d" relativeResultsDirectory="92296e03-8a77-49a6-8aa6-40cc03428f62" />
    <UnitTestResult executionId="6fcbc01a-5947-4bb0-b43b-3c28d102f361" testId="aa21dbae-bf03-1ce6-6c70-ea966f616424" testName="MesIngest.Tests.WatchBrowseSessionTests.Every_visible_alert_column_toggles_server_sort(header: &quot;DemandId&quot;, token: &quot;demandId&quot;)" computerName="GPT-WIN11" duration="00:00:00.0000053" startTime="2026-08-10T14:43:49.4794613+08:00" endTime="2026-08-10T14:43:49.4794614+08:00" testType="13cdc9d9-ddb5-4fa4-a97d-d965ccfc6d4b" outcome="Passed" testListId="8c84fa94-04c1-424b-9868-57a2d4851a1d" relativeResultsDirectory="6fcbc01a-5947-4bb0-b43b-3c28d102f361" />
    <UnitTestResult executionId="1cc36120-9455-4217-82ae-006131fc70ca" testId="3a813e37-7cd2-5917-f5c5-3a1dd23d8b53" testName="MesIngest.Tests.TransportDemandReconcilerTests.Duplicate_reconcile_key_blocks_update_of_existing_visible_without_disappear" computerName="GPT-WIN11" duration="00:00:00.0022780" startTime="2026-08-10T14:43:46.2176819+08:00" endTime="2026-08-10T14:43:46.2176822+08:00" testType="13cdc9d9-ddb5-4fa4-a97d-d965ccfc6d4b" outcome="Passed" testListId="8c84fa94-04c1-424b-9868-57a2d4851a1d" relativeResultsDirectory="1cc36120-9455-4217-82ae-006131fc70ca" />
    <UnitTestResult executionId="50c7a7e3-325d-4d02-8276-c73985fa360f" testId="4745826d-0103-4ed8-93a9-bd8269b973bc" testName="MesIngest.Tests.OpenApiContractTests.Live_openapi_contract_matches_static_pack_openapi" computerName="GPT-WIN11" duration="00:00:00.3946532" startTime="2026-08-10T14:43:51.4597607+08:00" endTime="2026-08-10T14:43:51.4597616+08:00" testType="13cdc9d9-ddb5-4fa4-a97d-d965ccfc6d4b" outcome="Passed" testListId="8c84fa94-04c1-424b-9868-57a2d4851a1d" relativeResultsDirectory="50c7a7e3-325d-4d02-8276-c73985fa360f" />
    <UnitTestResult executionId="4194d927-28a8-4273-874f-80eaa7446ae7" testId="8414ca9b-2214-79b0-5912-d91c1f4c99f4" testName="MesIngest.Tests.WatchOptionsLoaderTests.RefreshSeconds_below_one_normalizes_to_two_once" computerName="GPT-WIN11" duration="00:00:00.0001622" startTime="2026-08-10T14:43:49.4510484+08:00" endTime="2026-08-10T14:43:49.4510484+08:00" testType="13cdc9d9-ddb5-4fa4-a97d-d965ccfc6d4b" outcome="Passed" testListId="8c84fa94-04c1-424b-9868-57a2d4851a1d" relativeResultsDirectory="4194d927-28a8-4273-874f-80eaa7446ae7" />
    <UnitTestResult executionId="9b60e318-7ccb-479d-8e74-dc34e4f3a9c2" testId="46b8ba75-e50f-22b6-cc79-e559c94d78db" testName="MesIngest.Tests.PaginatedDemandApiTests.List_supports_dates_range_filter" computerName="GPT-WIN11" duration="00:00:00.2307590" startTime="2026-08-10T14:43:51.4481152+08:00" endTime="2026-08-10T14:43:51.4481155+08:00" testType="13cdc9d9-ddb5-4fa4-a97d-d965ccfc6d4b" outcome="Passed" testListId="8c84fa94-04c1-424b-9868-57a2d4851a1d" relativeResultsDirectory="9b60e318-7ccb-479d-8e74-dc34e4f3a9c2" />
    <UnitTestResult executionId="54b2c7ce-f1b7-43b5-8fff-3d57817cea86" testId="22dbe407-4425-1829-94c6-869cf5dfaf3d" testName="MesIngest.Tests.AlertDemandNavigationTests.Business_key_search_submits_visible_first_page_without_claiming_unique_history" computerName="GPT-WIN11" duration="00:00:00.0238507" startTime="2026-08-10T14:43:46.2987525+08:00" endTime="2026-08-10T14:43:46.2987528+08:00" testType="13cdc9d9-ddb5-4fa4-a97d-d965ccfc6d4b" outcome="Passed" testListId="8c84fa94-04c1-424b-9868-57a2d4851a1d" relativeResultsDirectory="54b2c7ce-f1b7-43b5-8fff-3d57817cea86" />
    <UnitTestResult executionId="55afa5f2-6027-4abd-9a8c-69ae066ea3e0" testId="fdb30286-226d-c650-839e-99d778b595b8" testName="MesIngest.Tests.ListenBindingPolicyTests.Non_localhost_urls_require_shared_secret(urls: &quot;http://*:5088&quot;)" computerName="GPT-WIN11" duration="00:00:00.0000143" startTime="2026-08-10T14:43:49.5665190+08:00" endTime="2026-08-10T14:43:49.5665191+08:00" testType="13cdc9d9-ddb5-4fa4-a97d-d965ccfc6d4b" outcome="Passed" testListId="8c84fa94-04c1-424b-9868-57a2d4851a1d" relativeResultsDirectory="55afa5f2-6027-4abd-9a8c-69ae066ea3e0" />
    <UnitTestResult executionId="3ee43863-64df-4bb9-8a5e-d069edf5530b" testId="9d24efe5-c10c-013d-fce6-5238233c771a" testName="MesIngest.Tests.WatchLocalLogFailureIsolationTests.TELEMETRY_IO_buffer_is_bounded_and_keeps_newest_events" computerName="GPT-WIN11" duration="00:00:00.0004963" startTime="2026-08-10T14:43:50.5472093+08:00" endTime="2026-08-10T14:43:50.5472095+08:00" testType="13cdc9d9-ddb5-4fa4-a97d-d965ccfc6d4b" outcome="Passed" testListId="8c84fa94-04c1-424b-9868-57a2d4851a1d" relativeResultsDirectory="3ee43863-64df-4bb9-8a5e-d069edf5530b" />
    <UnitTestResult executionId="c7d49908-e547-479d-9990-954bf5b33d93" testId="31a77bcd-1eab-2de3-a9b1-d76affda84f5" testName="MesIngest.Tests.WatchConnectionEventRecorderTests.Success_after_failures_emits_recovered_with_count_and_duration" computerName="GPT-WIN11" duration="00:00:00.0002053" startTime="2026-08-10T14:43:49.5823108+08:00" endTime="2026-08-10T14:43:49.5823109+08:00" testType="13cdc9d9-ddb5-4fa4-a97d-d965ccfc6d4b" outcome="Passed" testListId="8c84fa94-04c1-424b-9868-57a2d4851a1d" relativeResultsDirectory="c7d49908-e547-479d-9990-954bf5b33d93" />
    <UnitTestResult executionId="0a865af2-49d6-462c-b5f6-15a20d695c79" testId="245bc82d-e0df-d467-b062-244ab92193eb" testName="MesIngest.Tests.AlertDetailViewModelTests.Resolved_alert_shows_resolved_lifecycle" computerName="GPT-WIN11" duration="00:00:00.0001093" startTime="2026-08-10T14:43:49.5344365+08:00" endTime="2026-08-10T14:43:49.5344366+08:00" testType="13cdc9d9-ddb5-4fa4-a97d-d965ccfc6d4b" outcome="Passed" testListId="8c84fa94-04c1-424b-9868-57a2d4851a1d" relativeResultsDirectory="0a865af2-49d6-462c-b5f6-15a20d695c79" />
    <UnitTestResult executionId="38e960fa-7262-4bb9-8bbc-ec55573db0f8" testId="c72a80f2-2513-16df-9279-1c8d77bd60a2" testName="MesIngest.Tests.TransportDemandReconcilerTests.Restart_second_successful_round_resumes_disappear_counting" computerName="GPT-WIN11" duration="00:00:00.0003676" startTime="2026-08-10T14:43:46.0928537+08:00" endTime="2026-08-10T14:43:46.0928537+08:00" testType="13cdc9d9-ddb5-4fa4-a97d-d965ccfc6d4b" outcome="Passed" testListId="8c84fa94-04c1-424b-9868-57a2d4851a1d" relativeResultsDirectory="38e960fa-7262-4bb9-8bbc-ec55573db0f8" />
    <UnitTestResult executionId="6e461dd0-bb67-46b9-9109-4cfe6c082d6d" testId="321dd0b4-8e91-fc9d-c263-69a3afbf177c" testName="MesIngest.Tests.ListenBindingPolicyTests.Empty_urls_treated_as_localhost_only_default" computerName="GPT-WIN11" duration="00:00:00.0000668" startTime="2026-08-10T14:43:49.5726386+08:00" endTime="2026-08-10T14:43:49.5726387+08:00" testType="13cdc9d9-ddb5-4fa4-a97d-d965ccfc6d4b" outcome="Passed" testListId="8c84fa94-04c1-424b-9868-57a2d4851a1d" relativeResultsDirectory="6e461dd0-bb67-46b9-9109-4cfe6c082d6d" />
    <UnitTestResult executionId="6400e1ca-703d-46e3-ba25-27bb812a60fc" testId="436e369b-7e5b-3174-5286-468ee8ac58ad" testName="MesIngest.Tests.InstallPackageLayoutTests.Gitignore_excludes_filled_local_appsettings" computerName="GPT-WIN11" duration="00:00:00.0008652" startTime="2026-08-10T14:43:49.3742163+08:00" endTime="2026-08-10T14:43:49.3742164+08:00" testType="13cdc9d9-ddb5-4fa4-a97d-d965ccfc6d4b" outcome="Passed" testListId="8c84fa94-04c1-424b-9868-57a2d4851a1d" relativeResultsDirectory="6400e1ca-703d-46e3-ba25-27bb812a60fc" />
    <UnitTestResult executionId="19c30eb3-5c50-428a-a199-a05d601a4ba0" testId="3770e4ba-64a1-3484-2c04-05c8b919671f" testName="MesIngest.Tests.IngestRoundRunnerTests.Csv_zero_byte_file_is_poll_incomplete_without_mutating_presence" computerName="GPT-WIN11" duration="00:00:00.1185480" startTime="2026-08-10T14:43:51.0848741+08:00" endTime="2026-08-10T14:43:51.0848746+08:00" testType="13cdc9d9-ddb5-4fa4-a97d-d965ccfc6d4b" outcome="Passed" testListId="8c84fa94-04c1-424b-9868-57a2d4851a1d" relativeResultsDirectory="19c30eb3-5c50-428a-a199-a05d601a4ba0" />
    <UnitTestResult executionId="5e763270-48d0-4af6-8b0e-d63363abffd2" testId="10dd70ca-b7c1-d54f-d6f5-3cc22c80bcbc" testName="MesIngest.Tests.LatencyTelemetryTests.Watch_latency_file_telemetry_swallows_io_and_reports_write_failure" computerName="GPT-WIN11" duration="00:00:00.1463434" startTime="2026-08-10T14:43:51.1598769+08:00" endTime="2026-08-10T14:43:51.1598779+08:00" testType="13cdc9d9-ddb5-4fa4-a97d-d965ccfc6d4b" outcome="Passed" testListId="8c84fa94-04c1-424b-9868-57a2d4851a1d" relativeResultsDirectory="5e763270-48d0-4af6-8b0e-d63363abffd2" />
    <UnitTestResult executionId="38675d54-0f06-41bf-922f-1c2cb3e15837" testId="1d28a824-f1f4-dff1-8725-13539adcfca4" testName="MesIngest.Tests.WatchRefreshStateTests.Successful_refresh_updates_last_success_and_clears_stale" computerName="GPT-WIN11" duration="00:00:00.0012133" startTime="2026-08-10T14:43:46.3956172+08:00" endTime="2026-08-10T14:43:46.3956173+08:00" testType="13cdc9d9-ddb5-4fa4-a97d-d965ccfc6d4b" outcome="Passed" testListId="8c84fa94-04c1-424b-9868-57a2d4851a1d" relativeResultsDirectory="38675d54-0f06-41bf-922f-1c2cb3e15837" />
    <UnitTestResult executionId="4ea33392-a90d-4914-bcff-d1ce19d360e6" testId="70dae021-136c-ad53-81d1-abf5fcb6c5ee" testName="MesIngest.Tests.FactoryValidationPackTests.Repo_has_experiment_plan_and_evidence_import_guidance" computerName="GPT-WIN11" duration="00:00:00.0023747" startTime="2026-08-10T14:43:49.5274923+08:00" endTime="2026-08-10T14:43:49.5274925+08:00" testType="13cdc9d9-ddb5-4fa4-a97d-d965ccfc6d4b" outcome="Passed" testListId="8c84fa94-04c1-424b-9868-57a2d4851a1d" relativeResultsDirectory="4ea33392-a90d-4914-bcff-d1ce19d360e6" />
    <UnitTestResult executionId="c0cd3851-1f9b-433f-900d-67a680bcb3e8" testId="dc4404f9-4012-a9be-5ca3-a06bb2b7da5a" testName="MesIngest.Tests.ReadApiContractTests.Poll_health_endpoint_reports_latest_round_after_runner" computerName="GPT-WIN11" duration="00:00:00.0622679" startTime="2026-08-10T14:43:52.8616692+08:00" endTime="2026-08-10T14:43:52.8616696+08:00" testType="13cdc9d9-ddb5-4fa4-a97d-d965ccfc6d4b" outcome="Passed" testListId="8c84fa94-04c1-424b-9868-57a2d4851a1d" relativeResultsDirectory="c0cd3851-1f9b-433f-900d-67a680bcb3e8" />
    <UnitTestResult executionId="ae908fe8-0ea8-403e-bdd5-c0ccc68e5637" testId="566cac9e-56f7-c6a8-a9e6-b099fa78504c" testName="MesIngest.Tests.AlertVisibleColumnSortHttpTests.Host_pages_all_visible_alert_columns_without_gaps_or_duplicates(sortBy: &quot;taskType&quot;, direction: &quot;desc&quot;, expectedAlertIds: [&quot;a2&quot;, &quot;a3&quot;, &quot;a4&quot;, &quot;a1&quot;, &quot;a5&quot;])" computerName="GPT-WIN11" duration="00:00:00.1635052" startTime="2026-08-10T14:43:52.3704349+08:00" endTime="2026-08-10T14:43:52.3704353+08:00" testType="13cdc9d9-ddb5-4fa4-a97d-d965ccfc6d4b" outcome="Passed" testListId="8c84fa94-04c1-424b-9868-57a2d4851a1d" relativeResultsDirectory="ae908fe8-0ea8-403e-bdd5-c0ccc68e5637" />
    <UnitTestResult executionId="490c225a-4728-415d-89c9-577b6b982ef6" testId="c30e7980-44b9-89f8-2bfc-d3d35d742c0f" testName="MesIngest.Tests.IngestRoundRunnerTests.Process_restart_first_successful_round_is_barrier_second_resumes_disappear" computerName="GPT-WIN11" duration="00:00:00.0016684" startTime="2026-08-10T14:43:49.5542899+08:00" endTime="2026-08-10T14:43:49.5542900+08:00" testType="13cdc9d9-ddb5-4fa4-a97d-d965ccfc6d4b" outcome="Passed" testListId="8c84fa94-04c1-424b-9868-57a2d4851a1d" relativeResultsDirectory="490c225a-4728-415d-89c9-577b6b982ef6" />
    <UnitTestResult executionId="6bf18c3d-cb04-499f-a2ef-e0397c0db90c" testId="083971a8-f54b-ba6e-fbbb-3b4675826d9b" testName="MesIngest.Tests.UnifiedWatchEventTests.FromAlert_sets_host_source_label" computerName="GPT-WIN11" duration="00:00:00.0008461" startTime="2026-08-10T14:43:46.2713795+08:00" endTime="2026-08-10T14:43:46.2713798+08:00" testType="13cdc9d9-ddb5-4fa4-a97d-d965ccfc6d4b" outcome="Passed" testListId="8c84fa94-04c1-424b-9868-57a2d4851a1d" relativeResultsDirectory="6bf18c3d-cb04-499f-a2ef-e0397c0db90c" />
    <UnitTestResult executionId="1dbd29ad-1611-4668-9b3b-802cb56991aa" testId="f46940bd-2645-9377-876e-734bf4899d5b" testName="MesIngest.Tests.TransportDemandReconcilerTests.Restart_barrier_round_creates_new_visible_and_refreshes_seen_for_present_keys" computerName="GPT-WIN11" duration="00:00:00.0009672" startTime="2026-08-10T14:43:46.1440253+08:00" endTime="2026-08-10T14:43:46.1440255+08:00" testType="13cdc9d9-ddb5-4fa4-a97d-d965ccfc6d4b" outcome="Passed" testListId="8c84fa94-04c1-424b-9868-57a2d4851a1d" relativeResultsDirectory="1dbd29ad-1611-4668-9b3b-802cb56991aa" />
    <UnitTestResult executionId="85f11ad6-b605-4bf9-95dc-1a9c630daa90" testId="83c07916-15fc-0dd8-785e-9fdb7a96e786" testName="MesIngest.Tests.WatchAlertRelationshipTests.Reappear_keeps_previous_and_new_exact_targets_separate" computerName="GPT-WIN11" duration="00:00:00.0030665" startTime="2026-08-10T14:43:49.5649582+08:00" endTime="2026-08-10T14:43:49.5649582+08:00" testType="13cdc9d9-ddb5-4fa4-a97d-d965ccfc6d4b" outcome="Passed" testListId="8c84fa94-04c1-424b-9868-57a2d4851a1d" relativeResultsDirectory="85f11ad6-b605-4bf9-95dc-1a9c630daa90" />
    <UnitTestResult executionId="eaf37c55-a8c3-4ff3-ba4e-a13120d1b804" testId="3e40aac1-1b46-d835-a717-e77d9db73e1e" testName="MesIngest.Tests.FactoryValidationPackTests.Return_checklist_forbids_password_bearing_config_and_requires_metrics" computerName="GPT-WIN11" duration="00:00:00.0015497" startTime="2026-08-10T14:43:49.5179129+08:00" endTime="2026-08-10T14:43:49.5179133+08:00" testType="13cdc9d9-ddb5-4fa4-a97d-d965ccfc6d4b" outcome="Passed" testListId="8c84fa94-04c1-424b-9868-57a2d4851a1d" relativeResultsDirectory="eaf37c55-a8c3-4ff3-ba4e-a13120d1b804" />
    <UnitTestResult executionId="bdbd81b6-69eb-48ec-b0db-99ac7bce04d0" testId="88b6b557-543e-24be-7630-4b48cd569a90" testName="MesIngest.Tests.WatchV2ShellTests.Applying_host_immediately_clears_old_business_state_and_returns_to_overview" computerName="GPT-WIN11" duration="00:00:00.3048178" startTime="2026-08-10T14:43:48.3167844+08:00" endTime="2026-08-10T14:43:48.3167846+08:00" testType="13cdc9d9-ddb5-4fa4-a97d-d965ccfc6d4b" outcome="Passed" testListId="8c84fa94-04c1-424b-9868-57a2d4851a1d" relativeResultsDirectory="bdbd81b6-69eb-48ec-b0db-99ac7bce04d0" />
    <UnitTestResult executionId="f071a588-af51-4371-a267-7851a92aaaa3" testId="5dbafe67-9e26-b203-109f-9689a2a7b21f" testName="MesIngest.Tests.AlertDetailViewModelTests.MarkHistorical_sets_snapshot_flag_without_clearing_fields" computerName="GPT-WIN11" duration="00:00:00.0005302" startTime="2026-08-10T14:43:49.5322889+08:00" endTime="2026-08-10T14:43:49.5322889+08:00" testType="13cdc9d9-ddb5-4fa4-a97d-d965ccfc6d4b" outcome="Passed" testListId="8c84fa94-04c1-424b-9868-57a2d4851a1d" relativeResultsDirectory="f071a588-af51-4371-a267-7851a92aaaa3" />
    <UnitTestResult executionId="73d9a038-1f6b-4776-a846-7aaf317ef3d8" testId="091dffad-2313-2350-ee4e-d6342e69f984" testName="MesIngest.Tests.WatchAlertSessionTests.Successful_draft_commits_activity_production_filters_and_last_seen_range" computerName="GPT-WIN11" duration="00:00:00.0015950" startTime="2026-08-10T14:43:49.2735915+08:00" endTime="2026-08-10T14:43:49.2735917+08:00" testType="13cdc9d9-ddb5-4fa4-a97d-d965ccfc6d4b" outcome="Passed" testListId="8c84fa94-04c1-424b-9868-57a2d4851a1d" relativeResultsDirectory="73d9a038-1f6b-4776-a846-7aaf317ef3d8" />
    <UnitTestResult executionId="c8ee050b-61b3-4798-b6ad-6c06f92f73ac" testId="5a16caac-de29-03a1-774a-e7899e2240fe" testName="MesIngest.Tests.WatchBrowseSessionLiveHostTests.Continuous_load_more_then_preserve_covers_tied_dates_without_gaps" computerName="GPT-WIN11" duration="00:00:01.3543795" startTime="2026-08-10T14:43:50.9863895+08:00" endTime="2026-08-10T14:43:50.9863901+08:00" testType="13cdc9d9-ddb5-4fa4-a97d-d965ccfc6d4b" outcome="Passed" testListId="8c84fa94-04c1-424b-9868-57a2d4851a1d" relativeResultsDirectory="c8ee050b-61b3-4798-b6ad-6c06f92f73ac" />
    <UnitTestResult executionId="e88edbdd-1f65-493f-b0fb-8c175f9f390c" testId="7a8081ea-87b4-30e9-ca64-d32259831c08" testName="MesIngest.Tests.AlertVisibleColumnSortHttpTests.Host_pages_all_visible_alert_columns_without_gaps_or_duplicates(sortBy: &quot;code&quot;, direction: &quot;asc&quot;, expectedAlertIds: [&quot;a2&quot;, &quot;a3&quot;, &quot;a1&quot;, &quot;a5&quot;, &quot;a4&quot;])" computerName="GPT-WIN11" duration="00:00:00.5501123" startTime="2026-08-10T14:43:51.2178749+08:00" endTime="2026-08-10T14:43:51.2178751+08:00" testType="13cdc9d9-ddb5-4fa4-a97d-d965ccfc6d4b" outcome="Passed" testListId="8c84fa94-04c1-424b-9868-57a2d4851a1d" relativeResultsDirectory="e88edbdd-1f65-493f-b0fb-8c175f9f390c" />
    <UnitTestResult executionId="718deaad-9936-4d42-8b2e-2eb23b684313" testId="7ce60a12-34aa-fa3a-c96f-092274e7d825" testName="MesIngest.Tests.AlertVisibleColumnSortHttpTests.Host_pages_all_visible_alert_columns_without_gaps_or_duplicates(sortBy: &quot;severity&quot;, direction: &quot;desc&quot;, expectedAlertIds: [&quot;a2&quot;, &quot;a3&quot;, &quot;a5&quot;, &quot;a1&quot;, &quot;a4&quot;])" computerName="GPT-WIN11" duration="00:00:00.0535267" startTime="2026-08-10T14:43:53.2534586+08:00" endTime="2026-08-10T14:43:53.2534590+08:00" testType="13cdc9d9-ddb5-4fa4-a97d-d965ccfc6d4b" outcome="Passed" testListId="8c84fa94-04c1-424b-9868-57a2d4851a1d" relativeResultsDirectory="718deaad-9936-4d42-8b2e-2eb23b684313" />
    <UnitTestResult executionId="d2266de3-d964-4583-a109-34124c039195" testId="bca541e7-3144-4a84-c8bd-944307d4ffd5" testName="MesIngest.Tests.TransportDemandKeyTests.Equal_components_have_value_equality" computerName="GPT-WIN11" duration="00:00:00.0001455" startTime="2026-08-10T14:43:49.5776420+08:00" endTime="2026-08-10T14:43:49.5776420+08:00" testType="13cdc9d9-ddb5-4fa4-a97d-d965ccfc6d4b" outcome="Passed" testListId="8c84fa94-04c1-424b-9868-57a2d4851a1d" relativeResultsDirectory="d2266de3-d964-4583-a109-34124c039195" />
    <UnitTestResult executionId="85c645f1-3ed6-403c-a676-118ca8b0a8e8" testId="40b9ef47-1c9a-f381-cef3-26f6324451ab" testName="MesIngest.Tests.IngestRoundRunnerTests.Csv_empty_task_type_is_poll_incomplete_not_failure" computerName="GPT-WIN11" duration="00:00:00.7115449" startTime="2026-08-10T14:43:50.3927011+08:00" endTime="2026-08-10T14:43:50.3927015+08:00" testType="13cdc9d9-ddb5-4fa4-a97d-d965ccfc6d4b" outcome="Passed" testListId="8c84fa94-04c1-424b-9868-57a2d4851a1d" relativeResultsDirectory="85c645f1-3ed6-403c-a676-118ca8b0a8e8" />
    <UnitTestResult executionId="ae54635e-d4b1-44bb-9d64-424b24584c1c" testId="e5848dd2-ee8f-a2c8-6be2-ea2bcd8c27b2" testName="MesIngest.Tests.SqlServerTransportDemandStoreTests.Query_page_desc_page_boundary_inside_tie_group_has_no_gap_or_dup" computerName="GPT-WIN11" duration="00:00:00.0542459" startTime="2026-08-10T14:43:55.4216488+08:00" endTime="2026-08-10T14:43:55.4216491+08:00" testType="13cdc9d9-ddb5-4fa4-a97d-d965ccfc6d4b" outcome="Passed" testListId="8c84fa94-04c1-424b-9868-57a2d4851a1d" relativeResultsDirectory="ae54635e-d4b1-44bb-9d64-424b24584c1c" />
    <UnitTestResult executionId="259bf8cc-d45e-426f-aede-2243db7fd65d" testId="b65f2d01-01aa-d522-1efe-fdaf9953a28d" testName="MesIngest.Tests.WatchConnectionEventRecorderTests.Persistent_failure_emits_summary_every_five_minutes_with_count_and_duration" computerName="GPT-WIN11" duration="00:00:00.0012854" startTime="2026-08-10T14:43:49.5817224+08:00" endTime="2026-08-10T14:43:49.5817227+08:00" testType="13cdc9d9-ddb5-4fa4-a97d-d965ccfc6d4b" outcome="Passed" testListId="8c84fa94-04c1-424b-9868-57a2d4851a1d" relativeResultsDirectory="259bf8cc-d45e-426f-aede-2243db7fd65d" />
    <UnitTestResult executionId="32389f5b-ea94-4e2a-bdbd-c1765e483144" testId="93f03522-1d8c-1ef1-97c9-21d87ba5d938" testName="MesIngest.Tests.FactoryValidationPackTests.Install_doc_points_at_factory_validation_pack" computerName="GPT-WIN11" duration="00:00:00.0003669" startTime="2026-08-10T14:43:49.5250511+08:00" endTime="2026-08-10T14:43:49.5250513+08:00" testType="13cdc9d9-ddb5-4fa4-a97d-d965ccfc6d4b" outcome="Passed" testListId="8c84fa94-04c1-424b-9868-57a2d4851a1d" relativeResultsDirectory="32389f5b-ea94-4e2a-bdbd-c1765e483144" />
    <UnitTestResult executionId="6783d51e-ef23-4f65-aa71-4ebe6873614d" testId="833256d5-600a-e5af-dd82-c3b549197589" testName="MesIngest.Tests.WatchDemandBrowseTests.Client_rejects_legacy_bare_array_demands_body" computerName="GPT-WIN11" duration="00:00:00.0935902" startTime="2026-08-10T14:43:46.2582087+08:00" endTime="2026-08-10T14:43:46.2582088+08:00" testType="13cdc9d9-ddb5-4fa4-a97d-d965ccfc6d4b" outcome="Passed" testListId="8c84fa94-04c1-424b-9868-57a2d4851a1d" relativeResultsDirectory="6783d51e-ef23-4f65-aa71-4ebe6873614d" />
    <UnitTestResult executionId="d97f8cd3-1b05-43bc-9de2-58160b86509e" testId="bf45df70-9ed7-261a-dbda-384fb8129896" testName="MesIngest.Tests.WatchBannerProjectionTests.Banner_holds_at_least_five_seconds_after_condition_clears" computerName="GPT-WIN11" duration="00:00:00.0003036" startTime="2026-08-10T14:43:46.3933536+08:00" endTime="2026-08-10T14:43:46.3933538+08:00" testType="13cdc9d9-ddb5-4fa4-a97d-d965ccfc6d4b" outcome="Passed" testListId="8c84fa94-04c1-424b-9868-57a2d4851a1d" relativeResultsDirectory="d97f8cd3-1b05-43bc-9de2-58160b86509e" />
    <UnitTestResult executionId="3ec51779-5699-4c60-b054-fdedddd4b6d2" testId="ee7f2dd2-c4db-0886-0732-68125a8f0c0d" testName="MesIngest.Tests.WatchRefreshStateTests.Format_includes_last_success_and_stale_when_available" computerName="GPT-WIN11" duration="00:00:00.0001886" startTime="2026-08-10T14:43:46.3999494+08:00" endTime="2026-08-10T14:43:46.3999495+08:00" testType="13cdc9d9-ddb5-4fa4-a97d-d965ccfc6d4b" outcome="Passed" testListId="8c84fa94-04c1-424b-9868-57a2d4851a1d" relativeResultsDirectory="3ec51779-5699-4c60-b054-fdedddd4b6d2" />
    <UnitTestResult executionId="d283790d-c895-49b7-99ab-d2bba833ce17" testId="147933bf-7224-e800-899d-fd97c6f6eb17" testName="MesIngest.Tests.MainWindowStartupTests.Demand_selection_shows_grouped_read_only_details_and_explicit_actions" computerName="GPT-WIN11" duration="00:00:00.8861469" startTime="2026-08-10T14:43:52.3284167+08:00" endTime="2026-08-10T14:43:52.3284170+08:00" testType="13cdc9d9-ddb5-4fa4-a97d-d965ccfc6d4b" outcome="Passed" testListId="8c84fa94-04c1-424b-9868-57a2d4851a1d" relativeResultsDirectory="d283790d-c895-49b7-99ab-d2bba833ce17" />
    <UnitTestResult executionId="7649a25c-adeb-4653-9e45-e4a9ed6aea05" testId="8ed7f487-5ce2-4c0c-a605-9370d7ac96f2" testName="MesIngest.Tests.IngestRoundRunnerTests.RunOnce_does_not_issue_one_gone_history_lookup_per_new_demand" computerName="GPT-WIN11" duration="00:00:00.0148927" startTime="2026-08-10T14:43:50.8733234+08:00" endTime="2026-08-10T14:43:50.8733237+08:00" testType="13cdc9d9-ddb5-4fa4-a97d-d965ccfc6d4b" outcome="Passed" testListId="8c84fa94-04c1-424b-9868-57a2d4851a1d" relativeResultsDirectory="7649a25c-adeb-4653-9e45-e4a9ed6aea05" />
    <UnitTestResult executionId="21b314b5-19d3-4337-b2ff-429d2a54c940" testId="558a0407-0a0a-0cae-f647-758b56c2d070" testName="MesIngest.Tests.IngestRoundRunnerTests.Restart_barrier_pre_baseline_only_rows_do_not_seed_healthy_baseline_or_pause_on_next_empty" computerName="GPT-WIN11" duration="00:00:00.0038276" startTime="2026-08-10T14:43:49.5525048+08:00" endTime="2026-08-10T14:43:49.5525050+08:00" testType="13cdc9d9-ddb5-4fa4-a97d-d965ccfc6d4b" outcome="Passed" testListId="8c84fa94-04c1-424b-9868-57a2d4851a1d" relativeResultsDirectory="21b314b5-19d3-4337-b2ff-429d2a54c940" />
    <UnitTestResult executionId="f0f6a232-dcf9-4585-9f41-1a3ba19226ff" testId="a9f2d850-082b-4e52-3a4c-54962895e01f" testName="MesIngest.Tests.ReadApiContractTests.Demand_list_exposes_location_risk_for_empty_area" computerName="GPT-WIN11" duration="00:00:00.1412248" startTime="2026-08-10T14:43:52.3426768+08:00" endTime="2026-08-10T14:43:52.3426770+08:00" testType="13cdc9d9-ddb5-4fa4-a97d-d965ccfc6d4b" outcome="Passed" testListId="8c84fa94-04c1-424b-9868-57a2d4851a1d" relativeResultsDirectory="f0f6a232-dcf9-4585-9f41-1a3ba19226ff" />
    <UnitTestResult executionId="23522215-59e6-4198-b6c3-843f09a229d6" testId="12c458ef-20c7-5f5b-717f-d7ba24ab3dac" testName="MesIngest.Tests.ListenBindingPolicyTests.Localhost_urls_do_not_require_shared_secret(urls: &quot;http://localhost:5088&quot;)" computerName="GPT-WIN11" duration="00:00:00.0005011" startTime="2026-08-10T14:43:49.5671316+08:00" endTime="2026-08-10T14:43:49.5671317+08:00" testType="13cdc9d9-ddb5-4fa4-a97d-d965ccfc6d4b" outcome="Passed" testListId="8c84fa94-04c1-424b-9868-57a2d4851a1d" relativeResultsDirectory="23522215-59e6-4198-b6c3-843f09a229d6" />
    <UnitTestResult executionId="9a72bd9a-2bcf-4236-87a3-9314fcc4d1fa" testId="99d6ee8d-78b9-2a74-1955-c36e895c4f88" testName="MesIngest.Tests.WatchHostSessionTests.Apply_verifies_contract_before_poll_health_and_commits_new_host" computerName="GPT-WIN11" duration="00:00:00.0023501" startTime="2026-08-10T14:43:50.5107470+08:00" endTime="2026-08-10T14:43:50.5107476+08:00" testType="13cdc9d9-ddb5-4fa4-a97d-d965ccfc6d4b" outcome="Passed" testListId="8c84fa94-04c1-424b-9868-57a2d4851a1d" relativeResultsDirectory="9a72bd9a-2bcf-4236-87a3-9314fcc4d1fa" />
    <UnitTestResult executionId="6e6265ea-5849-407e-b8d6-530b3a90a832" testId="2d280a83-c88c-b5bc-4500-a14094a4b7bb" testName="MesIngest.Tests.SqlServerTransportDemandStoreTests.ReplaceState_does_not_rewrite_unchanged_resolved_alert_history" computerName="GPT-WIN11" duration="00:00:00.0623940" startTime="2026-08-10T14:43:55.3672780+08:00" endTime="2026-08-10T14:43:55.3672786+08:00" testType="13cdc9d9-ddb5-4fa4-a97d-d965ccfc6d4b" outcome="Passed" testListId="8c84fa94-04c1-424b-9868-57a2d4851a1d" relativeResultsDirectory="6e6265ea-5849-407e-b8d6-530b3a90a832" />
    <UnitTestResult executionId="2298120c-5ef7-4ffe-913a-8dcc045a6bd4" testId="5d8be5b1-dbd9-c71e-7ac5-fc9879fff3a9" testName="MesIngest.Tests.WatchGridClipboardTests.Formats_null_as_literal_null" computerName="GPT-WIN11" duration="00:00:00.0000946" startTime="2026-08-10T14:43:46.2227669+08:00" endTime="2026-08-10T14:43:46.2227671+08:00" testType="13cdc9d9-ddb5-4fa4-a97d-d965ccfc6d4b" outcome="Passed" testListId="8c84fa94-04c1-424b-9868-57a2d4851a1d" relativeResultsDirectory="2298120c-5ef7-4ffe-913a-8dcc045a6bd4" />
    <UnitTestResult executionId="dbebde1b-a79d-44e7-846d-d018bf0cf532" testId="bb228efa-9d5e-7e53-567f-23d0084d8637" testName="MesIngest.Tests.WatchAlertBrowsePagingTests.Invalid_alert_cursor_reloads_first_page_without_mixing_windows" computerName="GPT-WIN11" duration="00:00:00.0021202" startTime="2026-08-10T14:43:49.5557403+08:00" endTime="2026-08-10T14:43:49.5557408+08:00" testType="13cdc9d9-ddb5-4fa4-a97d-d965ccfc6d4b" outcome="Passed" testListId="8c84fa94-04c1-424b-9868-57a2d4851a1d" relativeResultsDirectory="dbebde1b-a79d-44e7-846d-d018bf0cf532" />
    <UnitTestResult executionId="4b45cc33-facc-4ad3-a154-81e6919fea68" testId="992bb781-0f03-b2e1-018b-970ad9cffac0" testName="MesIngest.Tests.PaginatedDemandApiTests.List_rejects_cursor_that_does_not_match_sort" computerName="GPT-WIN11" duration="00:00:00.3031561" startTime="2026-08-10T14:43:51.7559477+08:00" endTime="2026-08-10T14:43:51.7559483+08:00" testType="13cdc9d9-ddb5-4fa4-a97d-d965ccfc6d4b" outcome="Passed" testListId="8c84fa94-04c1-424b-9868-57a2d4851a1d" relativeResultsDirectory="4b45cc33-facc-4ad3-a154-81e6919fea68" />
    <UnitTestResult executionId="d76590dd-c926-4799-94cc-bccf4350253b" testId="0364a661-05c2-b1b4-5e91-4166471bac3a" testName="MesIngest.Tests.WatchLayoutPreferencesTests.Normalize_rejects_out_of_range_and_returns_default" computerName="GPT-WIN11" duration="00:00:00.0001137" startTime="2026-08-10T14:43:46.3955754+08:00" endTime="2026-08-10T14:43:46.3955755+08:00" testType="13cdc9d9-ddb5-4fa4-a97d-d965ccfc6d4b" outcome="Passed" testListId="8c84fa94-04c1-424b-9868-57a2d4851a1d" relativeResultsDirectory="d76590dd-c926-4799-94cc-bccf4350253b" />
    <UnitTestResult executionId="18a294a0-3f05-48cc-82dc-0b12171e5c1f" testId="187ad872-a0a8-5009-ef39-e547c3df1e43" testName="MesIngest.Tests.PaginatedDemandApiTests.List_enforces_page_size_hard_cap_and_paginates_without_dup_or_gap" computerName="GPT-WIN11" duration="00:00:00.2598530" startTime="2026-08-10T14:43:52.5973349+08:00" endTime="2026-08-10T14:43:52.5973354+08:00" testType="13cdc9d9-ddb5-4fa4-a97d-d965ccfc6d4b" outcome="Passed" testListId="8c84fa94-04c1-424b-9868-57a2d4851a1d" relativeResultsDirectory="18a294a0-3f05-48cc-82dc-0b12171e5c1f" />
    <UnitTestResult executionId="672a6e22-6a92-42d4-aa86-feccfc64a5ac" testId="8acc699f-b798-9bd4-14a9-2aaa8b574bf8" testName="MesIngest.Tests.WatchAlertBrowsePagingLiveHostTests.Watch_reaches_all_alerts_in_server_sorted_order_and_preserves_sort_on_refresh" computerName="GPT-WIN11" duration="00:00:04.7191573" startTime="2026-08-10T14:43:50.8566717+08:00" endTime="2026-08-10T14:43:50.8566718+08:00" testType="13cdc9d9-ddb5-4fa4-a97d-d965ccfc6d4b" outcome="Passed" testListId="8c84fa94-04c1-424b-9868-57a2d4851a1d" relativeResultsDirectory="672a6e22-6a92-42d4-aa86-feccfc64a5ac" />
    <UnitTestResult executionId="b90c1603-5ea9-4c2f-84e8-ed4064c47ef3" testId="175ded13-3041-60ae-0282-602fe692130b" testName="MesIngest.Tests.WatchLayoutPreferencesTests.Normalize_accepts_valid_demand_share" computerName="GPT-WIN11" duration="00:00:00.0001271" startTime="2026-08-10T14:43:46.4555059+08:00" endTime="2026-08-10T14:43:46.4555060+08:00" testType="13cdc9d9-ddb5-4fa4-a97d-d965ccfc6d4b" outcome="Passed" testListId="8c84fa94-04c1-424b-9868-57a2d4851a1d" relativeResultsDirectory="b90c1603-5ea9-4c2f-84e8-ed4064c47ef3" />
    <UnitTestResult executionId="0da795b0-58e1-4220-b69f-98d48a84e358" testId="304226d3-52e6-53e8-a244-991ac226ba74" testName="MesIngest.Tests.WatchAutoRefreshScheduleTests.Switching_back_to_an_enabled_view_requests_an_immediate_refresh" computerName="GPT-WIN11" duration="00:00:00.0001398" startTime="2026-08-10T14:43:46.1331920+08:00" endTime="2026-08-10T14:43:46.1331924+08:00" testType="13cdc9d9-ddb5-4fa4-a97d-d965ccfc6d4b" outcome="Passed" testListId="8c84fa94-04c1-424b-9868-57a2d4851a1d" relativeResultsDirectory="0da795b0-58e1-4220-b69f-98d48a84e358" />
    <UnitTestResult executionId="d3693e4a-65cd-4e8e-b9fb-7a9092f48e68" testId="a0b1c099-de96-3f6c-539c-7764cde20320" testName="MesIngest.Tests.TransportDemandReconcilerTests.Package_is_frozen_even_when_unmatched_in_capacity_table" computerName="GPT-WIN11" duration="00:00:00.0001624" startTime="2026-08-10T14:43:46.0947807+08:00" endTime="2026-08-10T14:43:46.0947807+08:00" testType="13cdc9d9-ddb5-4fa4-a97d-d965ccfc6d4b" outcome="Passed" testListId="8c84fa94-04c1-424b-9868-57a2d4851a1d" relativeResultsDirectory="d3693e4a-65cd-4e8e-b9fb-7a9092f48e68" />
    <UnitTestResult executionId="b90f90cd-50fa-4439-b0c0-5b8ca00e8d28" testId="f6d3220a-88ad-e049-9e90-f911c9e5be5c" testName="MesIngest.Tests.TransportDemandKeyTests.Null_or_blank_components_are_rejected(taskType: null, sublot: &quot;Q-1&quot;)" computerName="GPT-WIN11" duration="00:00:00.0009578" startTime="2026-08-10T14:43:49.5755424+08:00" endTime="2026-08-10T14:43:49.5755425+08:00" testType="13cdc9d9-ddb5-4fa4-a97d-d965ccfc6d4b" outcome="Passed" testListId="8c84fa94-04c1-424b-9868-57a2d4851a1d" relativeResultsDirectory="b90f90cd-50fa-4439-b0c0-5b8ca00e8d28" />
    <UnitTestResult executionId="77bd0fa7-d009-407c-af4b-071d0a956f1c" testId="a62ed287-ee53-46c9-5fae-526032efebb3" testName="MesIngest.Tests.WatchBrowseSessionTests.Alert_sort_change_requests_host_with_sortBy_not_local_order" computerName="GPT-WIN11" duration="00:00:00.0020562" startTime="2026-08-10T14:43:49.5212781+08:00" endTime="2026-08-10T14:43:49.5212782+08:00" testType="13cdc9d9-ddb5-4fa4-a97d-d965ccfc6d4b" outcome="Passed" testListId="8c84fa94-04c1-424b-9868-57a2d4851a1d" relativeResultsDirectory="77bd0fa7-d009-407c-af4b-071d0a956f1c" />
    <UnitTestResult executionId="65339f0a-93d2-4b59-839d-86b23030e50c" testId="0e44108a-bda8-da1a-5905-9e1f950a872a" testName="MesIngest.Tests.ReadApiContractTests.List_filters_demands_by_visible_or_gone_status" computerName="GPT-WIN11" duration="00:00:00.1236448" startTime="2026-08-10T14:43:52.7045633+08:00" endTime="2026-08-10T14:43:52.7045637+08:00" testType="13cdc9d9-ddb5-4fa4-a97d-d965ccfc6d4b" outcome="Passed" testListId="8c84fa94-04c1-424b-9868-57a2d4851a1d" relativeResultsDirectory="65339f0a-93d2-4b59-839d-86b23030e50c" />
    <UnitTestResult executionId="3d7116d2-05c2-4449-80f7-7d7154641456" testId="7a2de661-088a-433e-175c-18d6c66a5f42" testName="MesIngest.Tests.WatchBannerStateTests.Shows_fetch_failure_banner_when_http_client_reports_error" computerName="GPT-WIN11" duration="00:00:00.0000594" startTime="2026-08-10T14:43:49.5329753+08:00" endTime="2026-08-10T14:43:49.5329753+08:00" testType="13cdc9d9-ddb5-4fa4-a97d-d965ccfc6d4b" outcome="Passed" testListId="8c84fa94-04c1-424b-9868-57a2d4851a1d" relativeResultsDirectory="3d7116d2-05c2-4449-80f7-7d7154641456" />
    <UnitTestResult executionId="6f815d5b-69d4-445c-802a-adb2a01d260b" testId="e0efc5aa-04bf-aef3-c2c9-955a9b696897" testName="MesIngest.Tests.ListenBindingPolicyTests.Non_localhost_urls_require_shared_secret(urls: &quot;http://0.0.0.0:5088&quot;)" computerName="GPT-WIN11" duration="00:00:00.0002153" startTime="2026-08-10T14:43:49.5654740+08:00" endTime="2026-08-10T14:43:49.5654742+08:00" testType="13cdc9d9-ddb5-4fa4-a97d-d965ccfc6d4b" outcome="Passed" testListId="8c84fa94-04c1-424b-9868-57a2d4851a1d" relativeResultsDirectory="6f815d5b-69d4-445c-802a-adb2a01d260b" />
    <UnitTestResult executionId="c612e192-e74a-4fce-a6f8-ecb98094ee8d" testId="e1b40021-e83b-df40-47c3-579e0889bb4f" testName="MesIngest.Tests.WatchBrowseSessionTests.Every_visible_alert_column_toggles_server_sort(header: &quot;SUBLOT&quot;, token: &quot;sublot&quot;)" computerName="GPT-WIN11" duration="00:00:00.0003633" startTime="2026-08-10T14:43:49.4793276+08:00" endTime="2026-08-10T14:43:49.4793277+08:00" testType="13cdc9d9-ddb5-4fa4-a97d-d965ccfc6d4b" outcome="Passed" testListId="8c84fa94-04c1-424b-9868-57a2d4851a1d" relativeResultsDirectory="c612e192-e74a-4fce-a6f8-ecb98094ee8d" />
[...]
info: MesIngest.Latency[0]&#xD;
      correlationId=2c9289404651432c8d366647bf6b26f9 component=Host stage=HTTP_OK elapsedMs=3 endpoint=/api/contract statusCode=200&#xD;
info: MesIngest.Latency[0]&#xD;
      correlationId=2c9289404651432c8d366647bf6b26f9 component=Host stage=HTTP_OK elapsedMs=0 endpoint=/api/demands statusCode=200&#xD;
info: MesIngest.Latency[0]&#xD;
      correlationId=2c9289404651432c8d366647bf6b26f9 component=Host stage=HTTP_OK elapsedMs=1 endpoint=/api/alerts statusCode=200&#xD;
info: MesIngest.Latency[0]&#xD;
      correlationId=2c9289404651432c8d366647bf6b26f9 component=Host stage=HTTP_STATUS elapsedMs=0 endpoint=/api/poll-health statusCode=404&#xD;
info: MesIngest.Latency[0]&#xD;
      correlationId=e417093bede74d17b562d2b33fc26254 component=Host stage=HTTP_OK elapsedMs=1 endpoint=/api/demands statusCode=200&#xD;
info: MesIngest.Latency[0]&#xD;
      correlationId=f6a2e02c422a48f3beb79f48e58a9f9a component=Host stage=HTTP_OK elapsedMs=1 endpoint=/api/demands statusCode=200&#xD;
info: MesIngest.Latency[0]&#xD;
      correlationId=a2b809c8bba44032a15919ecf32a6df9 component=Host stage=HTTP_OK elapsedMs=0 endpoint=/api/contract statusCode=200&#xD;
info: MesIngest.Latency[0]&#xD;
      correlationId=a2b809c8bba44032a15919ecf32a6df9 component=Host stage=HTTP_OK elapsedMs=0 endpoint=/api/demands statusCode=200&#xD;
info: MesIngest.Latency[0]&#xD;
      correlationId=a2b809c8bba44032a15919ecf32a6df9 component=Host stage=HTTP_OK elapsedMs=0 endpoint=/api/alerts statusCode=200&#xD;
info: MesIngest.Latency[0]&#xD;
      correlationId=a2b809c8bba44032a15919ecf32a6df9 component=Host stage=HTTP_STATUS elapsedMs=0 endpoint=/api/poll-health statusCode=404&#xD;
info: MesIngest.Latency[0]&#xD;
      correlationId=b69d8b17a8f2475299a31e67cfad2cc9 component=Host stage=HTTP_OK elapsedMs=0 endpoint=/api/demands statusCode=200&#xD;
info: MesIngest.Host.PollHostedService[0]&#xD;
      Continuous poll disabled; PollHostedService idle.&#xD;
info: Microsoft.Hosting.Lifetime[14]&#xD;
      Now listening on: http://127.0.0.1:5088&#xD;
info: MesIngest.Latency[0]&#xD;
      correlationId=db0c9595506d4f30a13ca1635033baa5 component=Oracle stage=ORACLE_QUERY elapsedMs=0 rowCount=0&#xD;
info: MesIngest.Host.PollHostedService[0]&#xD;
      Continuous poll disabled; PollHostedService idle.&#xD;
info: Microsoft.Hosting.Lifetime[14]&#xD;
      Now listening on: http://127.0.0.1:5088&#xD;
info: MesIngest.Host.PollHostedService[0]&#xD;
      Continuous poll disabled; PollHostedService idle.&#xD;
info: Microsoft.Hosting.Lifetime[14]&#xD;
      Now listening on: http://127.0.0.1:5088&#xD;
info: MesIngest.Latency[0]&#xD;
      correlationId=ddd2a4fa8883488f92cd70b740e19fcf component=Host stage=HTTP_OK elapsedMs=13 endpoint=/api/demands statusCode=200&#xD;
info: MesIngest.Latency[0]&#xD;
      correlationId=322df936adde4389b0df8811145b6dd6 component=Host stage=HTTP_OK elapsedMs=0 endpoint=/api/demands statusCode=200&#xD;
info: MesIngest.Latency[0]&#xD;
      correlationId=6a66362e72ab4e94a38fd45ba70a3c64 component=Host stage=HTTP_STATUS elapsedMs=1 endpoint=/api/demands statusCode=400&#xD;
info: MesIngest.Latency[0]&#xD;
      correlationId=b5678758db794b5eb2f0db11a2e87686 component=Host stage=HTTP_OK elapsedMs=0 endpoint=/api/alerts statusCode=200&#xD;
info: MesIngest.Latency[0]&#xD;
      correlationId=3740c1d5a75941cb8040445446798502 component=Host stage=HTTP_OK elapsedMs=2 endpoint=/api/alerts statusCode=200&#xD;
info: MesIngest.Latency[0]&#xD;
      correlationId=e859bc683c3440b2a5a0768d3a068227 component=Host stage=HTTP_OK elapsedMs=2 endpoint=/api/demands statusCode=200&#xD;
info: MesIngest.Latency[0]&#xD;
      correlationId=d22e511225ce4d83a3a656bfa404a3de component=Host stage=HTTP_OK elapsedMs=2 endpoint=/api/poll-health statusCode=200&#xD;
info: MesIngest.Latency[0]&#xD;
      correlationId=b9cb5905815d4d8c8e807b6448deddf2 component=Host stage=HTTP_OK elapsedMs=1 endpoint=/api/alerts statusCode=200&#xD;
info: MesIngest.Latency[0]&#xD;
      correlationId=76511bb2d5a443ecab07e0568a6ab89d component=Host stage=HTTP_OK elapsedMs=1 endpoint=/api/demands statusCode=200&#xD;
info: MesIngest.Latency[0]&#xD;
      correlationId=bfa6488420ca455cb8c9e99fb8c21a93 component=Host stage=HTTP_OK elapsedMs=2 endpoint=/api/alerts statusCode=200&#xD;
info: MesIngest.Latency[0]&#xD;
      correlationId=718b38383e2f42a692bb9595688583ae component=Host stage=HTTP_OK elapsedMs=0 endpoint=/api/demands statusCode=200&#xD;
info: MesIngest.Host.PollHostedService[0]&#xD;
      Continuous poll disabled; PollHostedService idle.&#xD;
info: Microsoft.Hosting.Lifetime[14]&#xD;
      Now listening on: http://127.0.0.1:5088&#xD;
info: MesIngest.Host.PollHostedService[0]&#xD;
      Continuous poll disabled; PollHostedService idle.&#xD;
info: Microsoft.Hosting.Lifetime[14]&#xD;
      Now listening on: http://127.0.0.1:5088&#xD;
info: MesIngest.Host.PollHostedService[0]&#xD;
      Continuous poll disabled; PollHostedService idle.&#xD;
info: Microsoft.Hosting.Lifetime[14]&#xD;
      Now listening on: http://127.0.0.1:5088&#xD;
info: MesIngest.Latency[0]&#xD;
      correlationId=8de2bc8a80cf4ab3a25ba270df29a20c component=Host stage=HTTP_OK elapsedMs=3 endpoint=/api/demands statusCode=200&#xD;
info: MesIngest.Latency[0]&#xD;
      correlationId=2cc608ee2fce441f8ff8059a20c3b8f6 component=Host stage=HTTP_OK elapsedMs=2 endpoint=/api/alerts statusCode=200&#xD;
info: MesIngest.Latency[0]&#xD;
      correlationId=a307f3977fbe430a9c4f4ad80b4ab969 component=Host stage=HTTP_OK elapsedMs=4 endpoint=/api/demands statusCode=200&#xD;
info: MesIngest.Latency[0]&#xD;
      correlationId=16ccca101bd947bda93ce55f6c6fd5a4 component=Host stage=HTTP_OK elapsedMs=0 endpoint=/api/demands statusCode=200&#xD;
info: MesIngest.Latency[0]&#xD;
      correlationId=fe811fb0719a4c2ea509301c120d3376 component=Host stage=HTTP_OK elapsedMs=0 endpoint=/api/alerts statusCode=200&#xD;
info: MesIngest.Latency[0]&#xD;
      correlationId=e10aa2bf42e941b188f95df2b0bcff5a component=Host stage=HTTP_OK elapsedMs=1 endpoint=/api/demands statusCode=200&#xD;
info: MesIngest.Latency[0]&#xD;
      correlationId=702f3bf34428401a87df871460c06d6a component=Host stage=HTTP_OK elapsedMs=1 endpoint=/api/demands statusCode=200&#xD;
info: MesIngest.Latency[0]&#xD;
      correlationId=02b3087078cc467c91f99b14eb686d7c component=Host stage=HTTP_OK elapsedMs=1 endpoint=/api/alerts statusCode=200&#xD;
info: MesIngest.Latency[0]&#xD;
      correlationId=1c795a1518ca4c5f9b52d50b0a7804dc component=Host stage=HTTP_STATUS elapsedMs=1 endpoint=/api/demands statusCode=400&#xD;
info: MesIngest.Latency[0]&#xD;
      correlationId=3475220ab7474b9991d942b34df42bd2 component=Host stage=HTTP_STATUS elapsedMs=0 endpoint=/api/demands statusCode=400&#xD;
info: MesIngest.Latency[0]&#xD;
      correlationId=1de3a3ed0f584c679a0fa607e642b130 component=Host stage=HTTP_STATUS elapsedMs=0 endpoint=/api/demands statusCode=400&#xD;
info: MesIngest.Latency[0]&#xD;
      correlationId=171973e596844263aabe031efc448296 component=Host stage=HTTP_STATUS elapsedMs=0 endpoint=/api/demands statusCode=400&#xD;
info: MesIngest.Latency[0]&#xD;
      correlationId=f1c6b9bd86344449ac82b8054d2dc849 component=Host stage=HTTP_OK elapsedMs=0 endpoint=/api/demands statusCode=200&#xD;
info: MesIngest.Latency[0]&#xD;
      correlationId=257c2934005748459ec4dfde0a591532 component=Host stage=HTTP_OK elapsedMs=0 endpoint=/api/demands statusCode=200&#xD;
info: MesIngest.Latency[0]&#xD;
      correlationId=c837af4dabb5487d929f642f66f2a1b5 component=Host stage=HTTP_OK elapsedMs=0 endpoint=/api/demands/gone-1 statusCode=200&#xD;
info: MesIngest.Host.PollHostedService[0]&#xD;
      Continuous poll disabled; PollHostedService idle.&#xD;
info: MesIngest.Host.PollHostedService[0]&#xD;
      Continuous poll disabled; PollHostedService idle.&#xD;
info: Microsoft.Hosting.Lifetime[14]&#xD;
      Now listening on: http://127.0.0.1:5088&#xD;
info: Microsoft.Hosting.Lifetime[14]&#xD;
      Now listening on: http://127.0.0.1:5088&#xD;
info: MesIngest.Host.PollHostedService[0]&#xD;
      Continuous poll disabled; PollHostedService idle.&#xD;
info: Microsoft.Hosting.Lifetime[14]&#xD;
      Now listening on: http://127.0.0.1:5088&#xD;
info: MesIngest.Latency[0]&#xD;
      correlationId=d87ab38cdd424b1d8f768c3d5ffe3da1 component=Host stage=HTTP_OK elapsedMs=1 endpoint=/api/alerts statusCode=200&#xD;
info: MesIngest.Latency[0]&#xD;
      correlationId=cdea92524e664959844e0189411dee8c component=Host stage=HTTP_OK elapsedMs=2 endpoint=/api/demands statusCode=200&#xD;
info: MesIngest.Latency[0]&#xD;
      correlationId=1fe4b692b7154ae99503fb17a12abd29 component=Host stage=HTTP_OK elapsedMs=38 endpoint=/api/alerts statusCode=200&#xD;
info: MesIngest.Latency[0]&#xD;
      correlationId=ebce0659cf154d52b6ba9e2b9e20a314 component=Host stage=HTTP_OK elapsedMs=2 endpoint=/api/demands statusCode=200&#xD;
info: MesIngest.Latency[0]&#xD;
      correlationId=59800fbd4f47441fab9a0a5a374cb243 component=Host stage=HTTP_OK elapsedMs=0 endpoint=/api/alerts statusCode=200&#xD;
info: MesIngest.Latency[0]&#xD;
      correlationId=e0712331361449759db76614749122e9 component=Host stage=HTTP_STATUS elapsedMs=0 endpoint=/api/demands statusCode=405&#xD;
info: MesIngest.Latency[0]&#xD;
      correlationId=a54c4b11e6c54e5e82ab293ca2c1fe0a component=Host stage=HTTP_STATUS elapsedMs=0 endpoint=/api/alerts statusCode=405&#xD;
info: MesIngest.Latency[0]&#xD;
      correlationId=4386aea94b3c48b8bb75107a4ac2878e component=Host stage=HTTP_STATUS elapsedMs=0 endpoint=/api/alerts/clear statusCode=404&#xD;
info: MesIngest.Latency[0]&#xD;
      correlationId=a5eec9e64adc42f78835b5f6330a949e component=Host stage=HTTP_STATUS elapsedMs=0 endpoint=/api/demands/d1/suppress statusCode=404&#xD;
info: MesIngest.Latency[0]&#xD;
      correlationId=417dfaeeb8094c33a3f0a6eb4ac42210 component=Host stage=HTTP_STATUS elapsedMs=0 endpoint=/api/poll-health/clear-pause statusCode=404&#xD;
info: MesIngest.Latency[0]&#xD;
      correlationId=bb9bdce0b5ff4b0487c335e8fe64599d component=Host stage=HTTP_STATUS elapsedMs=0 endpoint=/api/task-types/DIE_TO_OVEN/clear-pause statusCode=404&#xD;
info: MesIngest.Host.PollHostedService[0]&#xD;
      Continuous poll disabled; PollHostedService idle.&#xD;
info: Microsoft.Hosting.Lifetime[14]&#xD;
      Now listening on: http://127.0.0.1:5088&#xD;
info: MesIngest.Host.PollHostedService[0]&#xD;
      Continuous poll disabled; PollHostedService idle.&#xD;
info: Microsoft.Hosting.Lifetime[14]&#xD;
      Now listening on: http://127.0.0.1:5088&#xD;
info: MesIngest.Latency[0]&#xD;
      correlationId=25f6096e36af48a393ac825291dba176 component=Host stage=HTTP_OK elapsedMs=2 endpoint=/api/alerts statusCode=200&#xD;
info: MesIngest.Latency[0]&#xD;
      correlationId=0c93c740f0a24297b0b37829a0182904 component=Host stage=HTTP_OK elapsedMs=1 endpoint=/api/alerts statusCode=200&#xD;
info: MesIngest.Latency[0]&#xD;
      correlationId=c7334c6f88104bab95296549db1898fa component=Host stage=HTTP_OK elapsedMs=0 endpoint=/api/alerts statusCode=200&#xD;
info: MesIngest.Latency[0]&#xD;
      correlationId=0b33d0c889c041b496b517e50044e86d component=Host stage=HTTP_OK elapsedMs=1 endpoint=/api/poll-health statusCode=200&#xD;
info: MesIngest.Latency[0]&#xD;
      correlationId=561222c115de49cd849d9636dafad0ed component=Host stage=HTTP_OK elapsedMs=2 endpoint=/api/demands statusCode=200&#xD;
info: MesIngest.Host.PollHostedService[0]&#xD;
      Continuous poll disabled; PollHostedService idle.&#xD;
info: Microsoft.Hosting.Lifetime[14]&#xD;
      Now listening on: http://127.0.0.1:5088&#xD;
info: MesIngest.Latency[0]&#xD;
      correlationId=9000e46ff4674d519d9aa1f46fdb3623 component=Oracle stage=ORACLE_QUERY elapsedMs=1 rowCount=3&#xD;
info: MesIngest.Latency[0]&#xD;
      correlationId=9000e46ff4674d519d9aa1f46fdb3623 component=SqlServer stage=SQL_QUERY elapsedMs=0 rowCount=0&#xD;
info: MesIngest.Latency[0]&#xD;
      correlationId=9000e46ff4674d519d9aa1f46fdb3623 component=SqlServer stage=SQL_QUERY elapsedMs=0 rowCount=0&#xD;
info: MesIngest.Latency[0]&#xD;
      correlationId=9000e46ff4674d519d9aa1f46fdb3623 component=SqlServer stage=SQL_TRANSACTION elapsedMs=0 rowCount=4&#xD;
info: MesIngest.Latency[0]&#xD;
      correlationId=9000e46ff4674d519d9aa1f46fdb3623 component=SqlServer stage=SQL_WRITE elapsedMs=0 rowCount=4&#xD;
info: MesIngest.Latency[0]&#xD;
      correlationId=9000e46ff4674d519d9aa1f46fdb3623 component=SqlServer stage=SQL_WRITE elapsedMs=0 rowCount=1&#xD;
info: MesIngest.Host.PollHostedService[0]&#xD;
      Continuous poll disabled; PollHostedService idle.&#xD;
info: Microsoft.Hosting.Lifetime[14]&#xD;
      Now listening on: http://127.0.0.1:5088&#xD;
info: MesIngest.Latency[0]&#xD;
      correlationId=b45d33bcf5e24163acd0e50507f1f4df component=Host stage=HTTP_OK elapsedMs=3 endpoint=/api/alerts statusCode=200&#xD;
info: MesIngest.Latency[0]&#xD;
      correlationId=a4431367b4c5417f8a40e2f37caeea89 component=Host stage=HTTP_OK elapsedMs=0 endpoint=/api/alerts statusCode=200&#xD;
info: MesIngest.Latency[0]&#xD;
      correlationId=64be70bf59fa486a93a3cfd19d1232b0 component=Host stage=HTTP_OK elapsedMs=3 endpoint=/api/alerts statusCode=200&#xD;
info: MesIngest.Latency[0]&#xD;
      correlationId=7997401e2ff9428ba5384df6bc91ef62 component=SqlServer stage=SQL_QUERY elapsedMs=0 rowCount=0&#xD;
info: MesIngest.Latency[0]&#xD;
      correlationId=7997401e2ff9428ba5384df6bc91ef62 component=SqlServer stage=SQL_QUERY elapsedMs=0 rowCount=2&#xD;
info: MesIngest.Latency[0]&#xD;
      correlationId=7997401e2ff9428ba5384df6bc91ef62 component=Host stage=HTTP_OK elapsedMs=4 endpoint=/api/demands statusCode=200&#xD;
info: MesIngest.Latency[0]&#xD;
      correlationId=788f73286b7241f19fd4692def0cc0d5 component=SqlServer stage=SQL_QUERY elapsedMs=0 rowCount=1&#xD;
info: MesIngest.Latency[0]&#xD;
      correlationId=788f73286b7241f19fd4692def0cc0d5 component=SqlServer stage=SQL_QUERY elapsedMs=0 rowCount=0&#xD;
info: MesIngest.Latency[0]&#xD;
      correlationId=788f73286b7241f19fd4692def0cc0d5 component=Host stage=HTTP_OK elapsedMs=0 endpoint=/api/demands/d5c1df0c6b77457ba129dcdc72ddcd41 statusCode=200&#xD;
info: MesIngest.Latency[0]&#xD;
      correlationId=b43b20f73afd427dabbca04e9f93cf65 component=SqlServer stage=SQL_QUERY elapsedMs=0 rowCount=0&#xD;
info: MesIngest.Latency[0]&#xD;
      correlationId=b43b20f73afd427dabbca04e9f93cf65 component=Host stage=HTTP_STATUS elapsedMs=0 endpoint=/api/demands/does-not-exist statusCode=404&#xD;
info: MesIngest.Host.PollHostedService[0]&#xD;
      Continuous poll disabled; PollHostedService idle.&#xD;
info: Microsoft.Hosting.Lifetime[14]&#xD;
      Now listening on: http://127.0.0.1:5088&#xD;
info: MesIngest.Host.PollHostedService[0]&#xD;
      Continuous poll disabled; PollHostedService idle.&#xD;
info: Microsoft.Hosting.Lifetime[14]&#xD;
      Now listening on: http://127.0.0.1:5088&#xD;
info: MesIngest.Latency[0]&#xD;
      correlationId=845257944fe54fc190d7e37a1e0b07fe component=Host stage=HTTP_OK elapsedMs=1 endpoint=/api/alerts statusCode=200&#xD;
info: MesIngest.Latency[0]&#xD;
      correlationId=882080de5daa4f25b69a66123442eeb6 component=Host stage=HTTP_OK elapsedMs=0 endpoint=/api/alerts statusCode=200&#xD;
info: MesIngest.Latency[0]&#xD;
      correlationId=61f52a05ea8542cfbc8d2fbe6f9b9c74 component=Host stage=HTTP_OK elapsedMs=0 endpoint=/api/alerts statusCode=200&#xD;
info: MesIngest.Latency[0]&#xD;
      correlationId=761678a4e440467f8a105f8e421d09b4 component=Host stage=HTTP_OK elapsedMs=5 endpoint=/api/poll-health statusCode=200&#xD;
info: MesIngest.Host.PollHostedService[0]&#xD;
      Continuous poll disabled; PollHostedService idle.&#xD;
info: Microsoft.Hosting.Lifetime[14]&#xD;
      Now listening on: http://127.0.0.1:5088&#xD;
info: MesIngest.Latency[0]&#xD;
      correlationId=40a983393517470c9c4f9976630622e8 component=Host stage=HTTP_OK elapsedMs=1 endpoint=/api/alerts statusCode=200&#xD;
info: MesIngest.Latency[0]&#xD;
      correlationId=391fca49360047fb95761103644bf837 component=Host stage=HTTP_OK elapsedMs=0 endpoint=/api/alerts statusCode=200&#xD;
info: MesIngest.Latency[0]&#xD;
      correlationId=68c75d7897764050aa1f4145e8681e28 component=Host stage=HTTP_OK elapsedMs=0 endpoint=/api/alerts statusCode=200&#xD;
info: MesIngest.Host.PollHostedService[0]&#xD;
      Continuous poll disabled; PollHostedService idle.&#xD;
info: Microsoft.Hosting.Lifetime[14]&#xD;
      Now listening on: http://127.0.0.1:5088&#xD;
info: MesIngest.Latency[0]&#xD;
      correlationId=70b4c8247e254f8b921183589a6cb2bf component=Host stage=HTTP_OK elapsedMs=1 endpoint=/api/alerts statusCode=200&#xD;
info: MesIngest.Latency[0]&#xD;
      correlationId=4c750947946f49d0afdfc2078408e085 component=Host stage=HTTP_OK elapsedMs=1 endpoint=/api/alerts statusCode=200&#xD;
info: MesIngest.Latency[0]&#xD;
      correlationId=c0760f00360b44b6808b844ac7840c7f component=Host stage=HTTP_OK elapsedMs=1 endpoint=/api/alerts statusCode=200&#xD;
info: MesIngest.Host.PollHostedService[0]&#xD;
      Continuous poll disabled; PollHostedService idle.&#xD;
info: Microsoft.Hosting.Lifetime[14]&#xD;
      Now listening on: http://127.0.0.1:5088&#xD;
info: MesIngest.Latency[0]&#xD;
      correlationId=6d1b11bb1df44aaf85e7c67c797aa34f component=Host stage=HTTP_OK elapsedMs=1 endpoint=/api/alerts statusCode=200&#xD;
info: MesIngest.Latency[0]&#xD;
      correlationId=1212bd1de73a4a2090216d27ceffde8a component=Host stage=HTTP_OK elapsedMs=1 endpoint=/api/alerts statusCode=200&#xD;
info: MesIngest.Latency[0]&#xD;
      correlationId=e2a8cb7f55f84d6191fd2b27d79f0900 component=Host stage=HTTP_OK elapsedMs=1 endpoint=/api/alerts statusCode=200&#xD;
info: MesIngest.Host.PollHostedService[0]&#xD;
      Continuous poll disabled; PollHostedService idle.&#xD;
info: Microsoft.Hosting.Lifetime[14]&#xD;
      Now listening on: http://127.0.0.1:5088&#xD;
info: MesIngest.Latency[0]&#xD;
      correlationId=dacb04915ab848eeb3a7db3018f5f3e7 component=Host stage=HTTP_OK elapsedMs=2 endpoint=/api/alerts statusCode=200&#xD;
info: MesIngest.Latency[0]&#xD;
      correlationId=d2f2787d2b0648e193ea5e31af2e62cd component=Host stage=HTTP_OK elapsedMs=0 endpoint=/api/alerts statusCode=200&#xD;
info: MesIngest.Latency[0]&#xD;
      correlationId=4c21551d9a194e3e8077e4d8bb16d96a component=Host stage=HTTP_OK elapsedMs=0 endpoint=/api/alerts statusCode=200&#xD;
info: MesIngest.Host.PollHostedService[0]&#xD;
      Continuous poll disabled; PollHostedService idle.&#xD;
info: Microsoft.Hosting.Lifetime[14]&#xD;
      Now listening on: http://127.0.0.1:5088&#xD;
info: MesIngest.Latency[0]&#xD;
      correlationId=3e9a558c0d3946ee88f0e34b9ac7179b component=Host stage=HTTP_OK elapsedMs=3 endpoint=/api/alerts statusCode=200&#xD;
info: MesIngest.Latency[0]&#xD;
      correlationId=51cf73fb57754c6d8d9757e1b61d8d74 component=Host stage=HTTP_OK elapsedMs=3 endpoint=/api/alerts statusCode=200&#xD;
info: MesIngest.Latency[0]&#xD;
      correlationId=5f87febcbdb84d9d970298e5de5c312b component=Host stage=HTTP_OK elapsedMs=1 endpoint=/api/alerts statusCode=200&#xD;
info: MesIngest.Host.PollHostedService[0]&#xD;
      Continuous poll disabled; PollHostedService idle.&#xD;
info: Microsoft.Hosting.Lifetime[14]&#xD;
      Now listening on: http://127.0.0.1:5088&#xD;
info: MesIngest.Latency[0]&#xD;
      correlationId=945d355c265a415fa13436d1afb16cc8 component=Host stage=HTTP_OK elapsedMs=9 endpoint=/api/demands statusCode=200&#xD;
info: MesIngest.Latency[0]&#xD;
      correlationId=0ec34adba11545c9b1b81d802b4d0ce3 component=Host stage=HTTP_OK elapsedMs=4 endpoint=/api/alerts statusCode=200&#xD;
info: MesIngest.Latency[0]&#xD;
      correlationId=f1cf43e443414fc1914129b341197d8b component=Host stage=HTTP_OK elapsedMs=4 endpoint=/api/poll-health statusCode=200&#xD;
[xUnit.net 00:00:19.52]   Finished:    MesIngest.Tests&#xD;
</StdOut>
    </Output>
  </ResultSummary>
</TestRun>